ARM GAS  C:\Users\lenovo\AppData\Local\Temp\cccKc8zq.s 			page 1


   1              		.syntax unified
   2              		.cpu cortex-m3
   3              		.fpu softvfp
   4              		.eabi_attribute 20, 1
   5              		.eabi_attribute 21, 1
   6              		.eabi_attribute 23, 3
   7              		.eabi_attribute 24, 1
   8              		.eabi_attribute 25, 1
   9              		.eabi_attribute 26, 1
  10              		.eabi_attribute 30, 1
  11              		.eabi_attribute 34, 1
  12              		.eabi_attribute 18, 4
  13              		.thumb
  14              		.file	"cymetadata.c"
  15              		.text
  16              	.Ltext0:
  17              		.cfi_sections	.debug_frame
  18              		.global	cy_metadata
  19              		.global	cy_meta_flashprotect
  20              		.global	cy_meta_wonvl
  21              		.global	cy_meta_custnvl
  22              		.global	cy_meta_configecc
  23              		.section	.cyconfigecc,"a",%progbits
  24              		.align	2
  25              		.type	cy_meta_configecc, %object
  26              		.size	cy_meta_configecc, 964
  27              	cy_meta_configecc:
  28 0000 01       		.byte	1
  29 0001 45       		.byte	69
  30 0002 00       		.byte	0
  31 0003 40       		.byte	64
  32 0004 03       		.byte	3
  33 0005 52       		.byte	82
  34 0006 00       		.byte	0
  35 0007 40       		.byte	64
  36 0008 08       		.byte	8
  37 0009 64       		.byte	100
  38 000a 00       		.byte	0
  39 000b 40       		.byte	64
  40 000c 02       		.byte	2
  41 000d 01       		.byte	1
  42 000e 01       		.byte	1
  43 000f 40       		.byte	64
  44 0010 01       		.byte	1
  45 0011 03       		.byte	3
  46 0012 01       		.byte	1
  47 0013 40       		.byte	64
  48 0014 01       		.byte	1
  49 0015 07       		.byte	7
  50 0016 01       		.byte	1
  51 0017 40       		.byte	64
  52 0018 02       		.byte	2
  53 0019 09       		.byte	9
  54 001a 01       		.byte	1
  55 001b 40       		.byte	64
  56 001c 42       		.byte	66
  57 001d 0A       		.byte	10
ARM GAS  C:\Users\lenovo\AppData\Local\Temp\cccKc8zq.s 			page 2


  58 001e 01       		.byte	1
  59 001f 40       		.byte	64
  60 0020 29       		.byte	41
  61 0021 0B       		.byte	11
  62 0022 01       		.byte	1
  63 0023 40       		.byte	64
  64 0024 49       		.byte	73
  65 0025 0C       		.byte	12
  66 0026 01       		.byte	1
  67 0027 40       		.byte	64
  68 0028 38       		.byte	56
  69 0029 0D       		.byte	13
  70 002a 01       		.byte	1
  71 002b 40       		.byte	64
  72 002c 3B       		.byte	59
  73 002d 0E       		.byte	14
  74 002e 01       		.byte	1
  75 002f 40       		.byte	64
  76 0030 27       		.byte	39
  77 0031 0F       		.byte	15
  78 0032 01       		.byte	1
  79 0033 40       		.byte	64
  80 0034 01       		.byte	1
  81 0035 17       		.byte	23
  82 0036 01       		.byte	1
  83 0037 40       		.byte	64
  84 0038 01       		.byte	1
  85 0039 19       		.byte	25
  86 003a 01       		.byte	1
  87 003b 40       		.byte	64
  88 003c 09       		.byte	9
  89 003d 40       		.byte	64
  90 003e 01       		.byte	1
  91 003f 40       		.byte	64
  92 0040 04       		.byte	4
  93 0041 41       		.byte	65
  94 0042 01       		.byte	1
  95 0043 40       		.byte	64
  96 0044 01       		.byte	1
  97 0045 42       		.byte	66
  98 0046 01       		.byte	1
  99 0047 40       		.byte	64
 100 0048 04       		.byte	4
 101 0049 43       		.byte	67
 102 004a 01       		.byte	1
 103 004b 40       		.byte	64
 104 004c 07       		.byte	7
 105 004d 44       		.byte	68
 106 004e 01       		.byte	1
 107 004f 40       		.byte	64
 108 0050 06       		.byte	6
 109 0051 45       		.byte	69
 110 0052 01       		.byte	1
 111 0053 40       		.byte	64
 112 0054 03       		.byte	3
 113 0055 46       		.byte	70
 114 0056 01       		.byte	1
ARM GAS  C:\Users\lenovo\AppData\Local\Temp\cccKc8zq.s 			page 3


 115 0057 40       		.byte	64
 116 0058 08       		.byte	8
 117 0059 47       		.byte	71
 118 005a 01       		.byte	1
 119 005b 40       		.byte	64
 120 005c 03       		.byte	3
 121 005d 48       		.byte	72
 122 005e 01       		.byte	1
 123 005f 40       		.byte	64
 124 0060 03       		.byte	3
 125 0061 49       		.byte	73
 126 0062 01       		.byte	1
 127 0063 40       		.byte	64
 128 0064 01       		.byte	1
 129 0065 4C       		.byte	76
 130 0066 01       		.byte	1
 131 0067 40       		.byte	64
 132 0068 03       		.byte	3
 133 0069 50       		.byte	80
 134 006a 01       		.byte	1
 135 006b 40       		.byte	64
 136 006c 01       		.byte	1
 137 006d 51       		.byte	81
 138 006e 01       		.byte	1
 139 006f 40       		.byte	64
 140 0070 7E       		.byte	126
 141 0071 02       		.byte	2
 142 0072 2E       		.byte	46
 143 0073 7F       		.byte	127
 144 0074 30       		.byte	48
 145 0075 01       		.byte	1
 146 0076 7C       		.byte	124
 147 0077 40       		.byte	64
 148 0078 0A       		.byte	10
 149 0079 FF       		.byte	-1
 150 007a 0D       		.byte	13
 151 007b FF       		.byte	-1
 152 007c 0E       		.byte	14
 153 007d FF       		.byte	-1
 154 007e 1D       		.byte	29
 155 007f FF       		.byte	-1
 156 0080 1E       		.byte	30
 157 0081 FF       		.byte	-1
 158 0082 2D       		.byte	45
 159 0083 FF       		.byte	-1
 160 0084 2E       		.byte	46
 161 0085 FF       		.byte	-1
 162 0086 8E       		.byte	-114
 163 0087 1F       		.byte	31
 164 0088 E2       		.byte	-30
 165 0089 04       		.byte	4
 166 008a E6       		.byte	-26
 167 008b 08       		.byte	8
 168 008c E6       		.byte	-26
 169 008d 08       		.byte	8
 170 008e EE       		.byte	-18
 171 008f 04       		.byte	4
ARM GAS  C:\Users\lenovo\AppData\Local\Temp\cccKc8zq.s 			page 4


 172 0090 AB       		.byte	-85
 173 0091 20       		.byte	32
 174 0092 B5       		.byte	-75
 175 0093 10       		.byte	16
 176 0094 40       		.byte	64
 177 0095 46       		.byte	70
 178 0096 46       		.byte	70
 179 0097 50       		.byte	80
 180 0098 47       		.byte	71
 181 0099 24       		.byte	36
 182 009a 48       		.byte	72
 183 009b 38       		.byte	56
 184 009c 49       		.byte	73
 185 009d FF       		.byte	-1
 186 009e 4A       		.byte	74
 187 009f FF       		.byte	-1
 188 00a0 4B       		.byte	75
 189 00a1 FF       		.byte	-1
 190 00a2 4C       		.byte	76
 191 00a3 02       		.byte	2
 192 00a4 4D       		.byte	77
 193 00a5 20       		.byte	32
 194 00a6 4F       		.byte	79
 195 00a7 05       		.byte	5
 196 00a8 51       		.byte	81
 197 00a9 10       		.byte	16
 198 00aa 56       		.byte	86
 199 00ab 08       		.byte	8
 200 00ac 5A       		.byte	90
 201 00ad 04       		.byte	4
 202 00ae 5B       		.byte	91
 203 00af 0F       		.byte	15
 204 00b0 5F       		.byte	95
 205 00b1 01       		.byte	1
 206 00b2 60       		.byte	96
 207 00b3 40       		.byte	64
 208 00b4 61       		.byte	97
 209 00b5 40       		.byte	64
 210 00b6 62       		.byte	98
 211 00b7 80       		.byte	-128
 212 00b8 64       		.byte	100
 213 00b9 80       		.byte	-128
 214 00ba 66       		.byte	102
 215 00bb 80       		.byte	-128
 216 00bc 82       		.byte	-126
 217 00bd 02       		.byte	2
 218 00be 87       		.byte	-121
 219 00bf 01       		.byte	1
 220 00c0 88       		.byte	-120
 221 00c1 10       		.byte	16
 222 00c2 8C       		.byte	-116
 223 00c3 08       		.byte	8
 224 00c4 93       		.byte	-109
 225 00c5 02       		.byte	2
 226 00c6 96       		.byte	-106
 227 00c7 0D       		.byte	13
 228 00c8 9C       		.byte	-100
ARM GAS  C:\Users\lenovo\AppData\Local\Temp\cccKc8zq.s 			page 5


 229 00c9 01       		.byte	1
 230 00ca 9E       		.byte	-98
 231 00cb 02       		.byte	2
 232 00cc 9F       		.byte	-97
 233 00cd 01       		.byte	1
 234 00ce A8       		.byte	-88
 235 00cf 10       		.byte	16
 236 00d0 B0       		.byte	-80
 237 00d1 04       		.byte	4
 238 00d2 B1       		.byte	-79
 239 00d3 02       		.byte	2
 240 00d4 B2       		.byte	-78
 241 00d5 10       		.byte	16
 242 00d6 B4       		.byte	-76
 243 00d7 03       		.byte	3
 244 00d8 B5       		.byte	-75
 245 00d9 01       		.byte	1
 246 00da B6       		.byte	-74
 247 00db 08       		.byte	8
 248 00dc B8       		.byte	-72
 249 00dd 08       		.byte	8
 250 00de BE       		.byte	-66
 251 00df 10       		.byte	16
 252 00e0 C0       		.byte	-64
 253 00e1 10       		.byte	16
 254 00e2 C1       		.byte	-63
 255 00e3 06       		.byte	6
 256 00e4 C5       		.byte	-59
 257 00e5 01       		.byte	1
 258 00e6 C6       		.byte	-58
 259 00e7 20       		.byte	32
 260 00e8 C8       		.byte	-56
 261 00e9 09       		.byte	9
 262 00ea C9       		.byte	-55
 263 00eb FF       		.byte	-1
 264 00ec CA       		.byte	-54
 265 00ed FF       		.byte	-1
 266 00ee CB       		.byte	-53
 267 00ef FF       		.byte	-1
 268 00f0 CD       		.byte	-51
 269 00f1 A0       		.byte	-96
 270 00f2 CF       		.byte	-49
 271 00f3 04       		.byte	4
 272 00f4 D0       		.byte	-48
 273 00f5 18       		.byte	24
 274 00f6 D2       		.byte	-46
 275 00f7 80       		.byte	-128
 276 00f8 D8       		.byte	-40
 277 00f9 04       		.byte	4
 278 00fa D9       		.byte	-39
 279 00fb 04       		.byte	4
 280 00fc DA       		.byte	-38
 281 00fd 04       		.byte	4
 282 00fe DB       		.byte	-37
 283 00ff 04       		.byte	4
 284 0100 DC       		.byte	-36
 285 0101 10       		.byte	16
ARM GAS  C:\Users\lenovo\AppData\Local\Temp\cccKc8zq.s 			page 6


 286 0102 DD       		.byte	-35
 287 0103 11       		.byte	17
 288 0104 DF       		.byte	-33
 289 0105 01       		.byte	1
 290 0106 E0       		.byte	-32
 291 0107 40       		.byte	64
 292 0108 E2       		.byte	-30
 293 0109 C0       		.byte	-64
 294 010a E4       		.byte	-28
 295 010b 40       		.byte	64
 296 010c E5       		.byte	-27
 297 010d 40       		.byte	64
 298 010e E6       		.byte	-26
 299 010f C0       		.byte	-64
 300 0110 E8       		.byte	-24
 301 0111 C0       		.byte	-64
 302 0112 EA       		.byte	-22
 303 0113 C0       		.byte	-64
 304 0114 EC       		.byte	-20
 305 0115 C0       		.byte	-64
 306 0116 EE       		.byte	-18
 307 0117 C0       		.byte	-64
 308 0118 04       		.byte	4
 309 0119 60       		.byte	96
 310 011a 06       		.byte	6
 311 011b 40       		.byte	64
 312 011c 0E       		.byte	14
 313 011d 20       		.byte	32
 314 011e 0F       		.byte	15
 315 011f 01       		.byte	1
 316 0120 16       		.byte	22
 317 0121 04       		.byte	4
 318 0122 1C       		.byte	28
 319 0123 40       		.byte	64
 320 0124 1D       		.byte	29
 321 0125 80       		.byte	-128
 322 0126 1E       		.byte	30
 323 0127 20       		.byte	32
 324 0128 1F       		.byte	31
 325 0129 20       		.byte	32
 326 012a 25       		.byte	37
 327 012b 10       		.byte	16
 328 012c 27       		.byte	39
 329 012d 80       		.byte	-128
 330 012e 35       		.byte	53
 331 012f 01       		.byte	1
 332 0130 37       		.byte	55
 333 0131 80       		.byte	-128
 334 0132 3F       		.byte	63
 335 0133 04       		.byte	4
 336 0134 41       		.byte	65
 337 0135 01       		.byte	1
 338 0136 47       		.byte	71
 339 0137 80       		.byte	-128
 340 0138 4B       		.byte	75
 341 0139 10       		.byte	16
 342 013a 4F       		.byte	79
ARM GAS  C:\Users\lenovo\AppData\Local\Temp\cccKc8zq.s 			page 7


 343 013b 24       		.byte	36
 344 013c 50       		.byte	80
 345 013d 10       		.byte	16
 346 013e 51       		.byte	81
 347 013f 01       		.byte	1
 348 0140 52       		.byte	82
 349 0141 04       		.byte	4
 350 0142 57       		.byte	87
 351 0143 10       		.byte	16
 352 0144 58       		.byte	88
 353 0145 80       		.byte	-128
 354 0146 60       		.byte	96
 355 0147 02       		.byte	2
 356 0148 75       		.byte	117
 357 0149 01       		.byte	1
 358 014a 78       		.byte	120
 359 014b 01       		.byte	1
 360 014c 93       		.byte	-109
 361 014d 11       		.byte	17
 362 014e 98       		.byte	-104
 363 014f 81       		.byte	-127
 364 0150 9A       		.byte	-102
 365 0151 40       		.byte	64
 366 0152 9C       		.byte	-100
 367 0153 02       		.byte	2
 368 0154 A5       		.byte	-91
 369 0155 80       		.byte	-128
 370 0156 C0       		.byte	-64
 371 0157 D0       		.byte	-48
 372 0158 C2       		.byte	-62
 373 0159 A0       		.byte	-96
 374 015a C4       		.byte	-60
 375 015b 40       		.byte	64
 376 015c CC       		.byte	-52
 377 015d 90       		.byte	-112
 378 015e CE       		.byte	-50
 379 015f 40       		.byte	64
 380 0160 D0       		.byte	-48
 381 0161 11       		.byte	17
 382 0162 D2       		.byte	-46
 383 0163 24       		.byte	36
 384 0164 D6       		.byte	-42
 385 0165 08       		.byte	8
 386 0166 D8       		.byte	-40
 387 0167 08       		.byte	8
 388 0168 DE       		.byte	-34
 389 0169 01       		.byte	1
 390 016a 40       		.byte	64
 391 016b 01       		.byte	1
 392 016c 41       		.byte	65
 393 016d 06       		.byte	6
 394 016e 46       		.byte	70
 395 016f 0A       		.byte	10
 396 0170 49       		.byte	73
 397 0171 FF       		.byte	-1
 398 0172 4A       		.byte	74
 399 0173 FF       		.byte	-1
ARM GAS  C:\Users\lenovo\AppData\Local\Temp\cccKc8zq.s 			page 8


 400 0174 4B       		.byte	75
 401 0175 FF       		.byte	-1
 402 0176 4C       		.byte	76
 403 0177 02       		.byte	2
 404 0178 4E       		.byte	78
 405 0179 F0       		.byte	-16
 406 017a 5A       		.byte	90
 407 017b 04       		.byte	4
 408 017c 5F       		.byte	95
 409 017d 01       		.byte	1
 410 017e 62       		.byte	98
 411 017f 48       		.byte	72
 412 0180 63       		.byte	99
 413 0181 A1       		.byte	-95
 414 0182 68       		.byte	104
 415 0183 F0       		.byte	-16
 416 0184 6A       		.byte	106
 417 0185 F0       		.byte	-16
 418 0186 6C       		.byte	108
 419 0187 F0       		.byte	-16
 420 0188 6E       		.byte	110
 421 0189 F0       		.byte	-16
 422 018a 80       		.byte	-128
 423 018b 26       		.byte	38
 424 018c 82       		.byte	-126
 425 018d 09       		.byte	9
 426 018e 84       		.byte	-124
 427 018f 07       		.byte	7
 428 0190 86       		.byte	-122
 429 0191 20       		.byte	32
 430 0192 87       		.byte	-121
 431 0193 60       		.byte	96
 432 0194 88       		.byte	-120
 433 0195 25       		.byte	37
 434 0196 89       		.byte	-119
 435 0197 55       		.byte	85
 436 0198 8A       		.byte	-118
 437 0199 02       		.byte	2
 438 019a 8C       		.byte	-116
 439 019b 27       		.byte	39
 440 019c 8D       		.byte	-115
 441 019d 1F       		.byte	31
 442 019e 8E       		.byte	-114
 443 019f 10       		.byte	16
 444 01a0 8F       		.byte	-113
 445 01a1 80       		.byte	-128
 446 01a2 92       		.byte	-110
 447 01a3 20       		.byte	32
 448 01a4 95       		.byte	-107
 449 01a5 2A       		.byte	42
 450 01a6 96       		.byte	-106
 451 01a7 06       		.byte	6
 452 01a8 97       		.byte	-105
 453 01a9 01       		.byte	1
 454 01aa 98       		.byte	-104
 455 01ab 08       		.byte	8
 456 01ac 9A       		.byte	-102
ARM GAS  C:\Users\lenovo\AppData\Local\Temp\cccKc8zq.s 			page 9


 457 01ad 01       		.byte	1
 458 01ae 9C       		.byte	-100
 459 01af 27       		.byte	39
 460 01b0 9F       		.byte	-97
 461 01b1 7F       		.byte	127
 462 01b2 A6       		.byte	-90
 463 01b3 06       		.byte	6
 464 01b4 AA       		.byte	-86
 465 01b5 09       		.byte	9
 466 01b6 AD       		.byte	-83
 467 01b7 78       		.byte	120
 468 01b8 B0       		.byte	-80
 469 01b9 04       		.byte	4
 470 01ba B1       		.byte	-79
 471 01bb 06       		.byte	6
 472 01bc B2       		.byte	-78
 473 01bd 03       		.byte	3
 474 01be B3       		.byte	-77
 475 01bf 01       		.byte	1
 476 01c0 B4       		.byte	-76
 477 01c1 18       		.byte	24
 478 01c2 B5       		.byte	-75
 479 01c3 E0       		.byte	-32
 480 01c4 B6       		.byte	-74
 481 01c5 20       		.byte	32
 482 01c6 B7       		.byte	-73
 483 01c7 18       		.byte	24
 484 01c8 BE       		.byte	-66
 485 01c9 10       		.byte	16
 486 01ca BF       		.byte	-65
 487 01cb 55       		.byte	85
 488 01cc C0       		.byte	-64
 489 01cd 32       		.byte	50
 490 01ce C1       		.byte	-63
 491 01cf 04       		.byte	4
 492 01d0 C5       		.byte	-59
 493 01d1 02       		.byte	2
 494 01d2 C6       		.byte	-58
 495 01d3 60       		.byte	96
 496 01d4 C7       		.byte	-57
 497 01d5 66       		.byte	102
 498 01d6 C8       		.byte	-56
 499 01d7 39       		.byte	57
 500 01d8 D2       		.byte	-46
 501 01d9 17       		.byte	23
 502 01da D8       		.byte	-40
 503 01db 04       		.byte	4
 504 01dc D9       		.byte	-39
 505 01dd 04       		.byte	4
 506 01de DA       		.byte	-38
 507 01df 04       		.byte	4
 508 01e0 DB       		.byte	-37
 509 01e1 04       		.byte	4
 510 01e2 DF       		.byte	-33
 511 01e3 01       		.byte	1
 512 01e4 E1       		.byte	-31
 513 01e5 0C       		.byte	12
ARM GAS  C:\Users\lenovo\AppData\Local\Temp\cccKc8zq.s 			page 10


 514 01e6 E2       		.byte	-30
 515 01e7 F0       		.byte	-16
 516 01e8 E3       		.byte	-29
 517 01e9 0C       		.byte	12
 518 01ea E5       		.byte	-27
 519 01eb 0C       		.byte	12
 520 01ec E7       		.byte	-25
 521 01ed 0C       		.byte	12
 522 01ee E8       		.byte	-24
 523 01ef 40       		.byte	64
 524 01f0 E9       		.byte	-23
 525 01f1 4C       		.byte	76
 526 01f2 EA       		.byte	-22
 527 01f3 40       		.byte	64
 528 01f4 EB       		.byte	-21
 529 01f5 4C       		.byte	76
 530 01f6 EC       		.byte	-20
 531 01f7 90       		.byte	-112
 532 01f8 ED       		.byte	-19
 533 01f9 58       		.byte	88
 534 01fa EF       		.byte	-17
 535 01fb 0C       		.byte	12
 536 01fc 03       		.byte	3
 537 01fd AA       		.byte	-86
 538 01fe 08       		.byte	8
 539 01ff 01       		.byte	1
 540 0200 09       		.byte	9
 541 0201 02       		.byte	2
 542 0202 0A       		.byte	10
 543 0203 11       		.byte	17
 544 0204 0B       		.byte	11
 545 0205 04       		.byte	4
 546 0206 10       		.byte	16
 547 0207 28       		.byte	40
 548 0208 18       		.byte	24
 549 0209 80       		.byte	-128
 550 020a 19       		.byte	25
 551 020b 49       		.byte	73
 552 020c 1A       		.byte	26
 553 020d 04       		.byte	4
 554 020e 1B       		.byte	27
 555 020f 8A       		.byte	-118
 556 0210 20       		.byte	32
 557 0211 46       		.byte	70
 558 0212 21       		.byte	33
 559 0213 04       		.byte	4
 560 0214 28       		.byte	40
 561 0215 02       		.byte	2
 562 0216 31       		.byte	49
 563 0217 44       		.byte	68
 564 0218 38       		.byte	56
 565 0219 88       		.byte	-120
 566 021a 3A       		.byte	58
 567 021b 10       		.byte	16
 568 021c 40       		.byte	64
 569 021d 40       		.byte	64
 570 021e 41       		.byte	65
ARM GAS  C:\Users\lenovo\AppData\Local\Temp\cccKc8zq.s 			page 11


 571 021f 04       		.byte	4
 572 0220 42       		.byte	66
 573 0221 04       		.byte	4
 574 0222 45       		.byte	69
 575 0223 80       		.byte	-128
 576 0224 48       		.byte	72
 577 0225 10       		.byte	16
 578 0226 49       		.byte	73
 579 0227 04       		.byte	4
 580 0228 4B       		.byte	75
 581 0229 04       		.byte	4
 582 022a 4F       		.byte	79
 583 022b 10       		.byte	16
 584 022c 50       		.byte	80
 585 022d 08       		.byte	8
 586 022e 52       		.byte	82
 587 022f 11       		.byte	17
 588 0230 56       		.byte	86
 589 0231 40       		.byte	64
 590 0232 68       		.byte	104
 591 0233 20       		.byte	32
 592 0234 69       		.byte	105
 593 0235 40       		.byte	64
 594 0236 6B       		.byte	107
 595 0237 08       		.byte	8
 596 0238 73       		.byte	115
 597 0239 01       		.byte	1
 598 023a 90       		.byte	-112
 599 023b 08       		.byte	8
 600 023c 92       		.byte	-110
 601 023d 11       		.byte	17
 602 023e 93       		.byte	-109
 603 023f 10       		.byte	16
 604 0240 94       		.byte	-108
 605 0241 04       		.byte	4
 606 0242 95       		.byte	-107
 607 0243 40       		.byte	64
 608 0244 98       		.byte	-104
 609 0245 80       		.byte	-128
 610 0246 9C       		.byte	-100
 611 0247 02       		.byte	2
 612 0248 9D       		.byte	-99
 613 0249 4D       		.byte	77
 614 024a 9E       		.byte	-98
 615 024b 11       		.byte	17
 616 024c 9F       		.byte	-97
 617 024d 08       		.byte	8
 618 024e A1       		.byte	-95
 619 024f 02       		.byte	2
 620 0250 A3       		.byte	-93
 621 0251 20       		.byte	32
 622 0252 A4       		.byte	-92
 623 0253 11       		.byte	17
 624 0254 AC       		.byte	-84
 625 0255 02       		.byte	2
 626 0256 B0       		.byte	-80
 627 0257 80       		.byte	-128
ARM GAS  C:\Users\lenovo\AppData\Local\Temp\cccKc8zq.s 			page 12


 628 0258 C0       		.byte	-64
 629 0259 0F       		.byte	15
 630 025a C2       		.byte	-62
 631 025b 0F       		.byte	15
 632 025c C4       		.byte	-60
 633 025d 06       		.byte	6
 634 025e CA       		.byte	-54
 635 025f 08       		.byte	8
 636 0260 CC       		.byte	-52
 637 0261 0A       		.byte	10
 638 0262 CE       		.byte	-50
 639 0263 0E       		.byte	14
 640 0264 D0       		.byte	-48
 641 0265 17       		.byte	23
 642 0266 D2       		.byte	-46
 643 0267 20       		.byte	32
 644 0268 E6       		.byte	-26
 645 0269 08       		.byte	8
 646 026a EC       		.byte	-20
 647 026b 02       		.byte	2
 648 026c 00       		.byte	0
 649 026d 07       		.byte	7
 650 026e 01       		.byte	1
 651 026f 04       		.byte	4
 652 0270 02       		.byte	2
 653 0271 08       		.byte	8
 654 0272 04       		.byte	4
 655 0273 0F       		.byte	15
 656 0274 08       		.byte	8
 657 0275 02       		.byte	2
 658 0276 0B       		.byte	11
 659 0277 03       		.byte	3
 660 0278 0E       		.byte	14
 661 0279 40       		.byte	64
 662 027a 0F       		.byte	15
 663 027b 04       		.byte	4
 664 027c 10       		.byte	16
 665 027d 01       		.byte	1
 666 027e 14       		.byte	20
 667 027f B0       		.byte	-80
 668 0280 15       		.byte	21
 669 0281 04       		.byte	4
 670 0282 16       		.byte	22
 671 0283 40       		.byte	64
 672 0284 18       		.byte	24
 673 0285 0E       		.byte	14
 674 0286 19       		.byte	25
 675 0287 04       		.byte	4
 676 0288 1A       		.byte	26
 677 0289 01       		.byte	1
 678 028a 1C       		.byte	28
 679 028b 5F       		.byte	95
 680 028c 1E       		.byte	30
 681 028d A0       		.byte	-96
 682 028e 1F       		.byte	31
 683 028f 03       		.byte	3
 684 0290 20       		.byte	32
ARM GAS  C:\Users\lenovo\AppData\Local\Temp\cccKc8zq.s 			page 13


 685 0291 09       		.byte	9
 686 0292 21       		.byte	33
 687 0293 03       		.byte	3
 688 0294 22       		.byte	34
 689 0295 06       		.byte	6
 690 0296 24       		.byte	36
 691 0297 20       		.byte	32
 692 0298 25       		.byte	37
 693 0299 01       		.byte	1
 694 029a 26       		.byte	38
 695 029b 80       		.byte	-128
 696 029c 28       		.byte	40
 697 029d E0       		.byte	-32
 698 029e 29       		.byte	41
 699 029f 02       		.byte	2
 700 02a0 2A       		.byte	42
 701 02a1 10       		.byte	16
 702 02a2 2C       		.byte	44
 703 02a3 04       		.byte	4
 704 02a4 2D       		.byte	45
 705 02a5 03       		.byte	3
 706 02a6 32       		.byte	50
 707 02a7 C0       		.byte	-64
 708 02a8 33       		.byte	51
 709 02a9 04       		.byte	4
 710 02aa 34       		.byte	52
 711 02ab 0F       		.byte	15
 712 02ac 36       		.byte	54
 713 02ad 30       		.byte	48
 714 02ae 37       		.byte	55
 715 02af 03       		.byte	3
 716 02b0 3F       		.byte	63
 717 02b1 40       		.byte	64
 718 02b2 40       		.byte	64
 719 02b3 12       		.byte	18
 720 02b4 41       		.byte	65
 721 02b5 05       		.byte	5
 722 02b6 46       		.byte	70
 723 02b7 20       		.byte	32
 724 02b8 47       		.byte	71
 725 02b9 06       		.byte	6
 726 02ba 48       		.byte	72
 727 02bb 18       		.byte	24
 728 02bc 56       		.byte	86
 729 02bd 02       		.byte	2
 730 02be 58       		.byte	88
 731 02bf 04       		.byte	4
 732 02c0 59       		.byte	89
 733 02c1 04       		.byte	4
 734 02c2 5A       		.byte	90
 735 02c3 04       		.byte	4
 736 02c4 5B       		.byte	91
 737 02c5 04       		.byte	4
 738 02c6 5E       		.byte	94
 739 02c7 08       		.byte	8
 740 02c8 5F       		.byte	95
 741 02c9 01       		.byte	1
ARM GAS  C:\Users\lenovo\AppData\Local\Temp\cccKc8zq.s 			page 14


 742 02ca 61       		.byte	97
 743 02cb 0C       		.byte	12
 744 02cc 62       		.byte	98
 745 02cd F0       		.byte	-16
 746 02ce 63       		.byte	99
 747 02cf 0C       		.byte	12
 748 02d0 65       		.byte	101
 749 02d1 0C       		.byte	12
 750 02d2 67       		.byte	103
 751 02d3 0C       		.byte	12
 752 02d4 68       		.byte	104
 753 02d5 40       		.byte	64
 754 02d6 69       		.byte	105
 755 02d7 4C       		.byte	76
 756 02d8 6A       		.byte	106
 757 02d9 40       		.byte	64
 758 02da 6B       		.byte	107
 759 02db 4C       		.byte	76
 760 02dc 6C       		.byte	108
 761 02dd 90       		.byte	-112
 762 02de 6D       		.byte	109
 763 02df 58       		.byte	88
 764 02e0 6F       		.byte	111
 765 02e1 0C       		.byte	12
 766 02e2 00       		.byte	0
 767 02e3 20       		.byte	32
 768 02e4 01       		.byte	1
 769 02e5 48       		.byte	72
 770 02e6 03       		.byte	3
 771 02e7 80       		.byte	-128
 772 02e8 09       		.byte	9
 773 02e9 02       		.byte	2
 774 02ea 0A       		.byte	10
 775 02eb 15       		.byte	21
 776 02ec 10       		.byte	16
 777 02ed 40       		.byte	64
 778 02ee 12       		.byte	18
 779 02ef 01       		.byte	1
 780 02f0 13       		.byte	19
 781 02f1 18       		.byte	24
 782 02f2 18       		.byte	24
 783 02f3 02       		.byte	2
 784 02f4 1A       		.byte	26
 785 02f5 35       		.byte	53
 786 02f6 1B       		.byte	27
 787 02f7 20       		.byte	32
 788 02f8 20       		.byte	32
 789 02f9 01       		.byte	1
 790 02fa 21       		.byte	33
 791 02fb 0C       		.byte	12
 792 02fc 23       		.byte	35
 793 02fd 10       		.byte	16
 794 02fe 28       		.byte	40
 795 02ff 02       		.byte	2
 796 0300 29       		.byte	41
 797 0301 05       		.byte	5
 798 0302 2A       		.byte	42
ARM GAS  C:\Users\lenovo\AppData\Local\Temp\cccKc8zq.s 			page 15


 799 0303 10       		.byte	16
 800 0304 2B       		.byte	43
 801 0305 80       		.byte	-128
 802 0306 30       		.byte	48
 803 0307 40       		.byte	64
 804 0308 31       		.byte	49
 805 0309 48       		.byte	72
 806 030a 32       		.byte	50
 807 030b 10       		.byte	16
 808 030c 38       		.byte	56
 809 030d 22       		.byte	34
 810 030e 39       		.byte	57
 811 030f 40       		.byte	64
 812 0310 40       		.byte	64
 813 0311 05       		.byte	5
 814 0312 48       		.byte	72
 815 0313 01       		.byte	1
 816 0314 50       		.byte	80
 817 0315 14       		.byte	20
 818 0316 71       		.byte	113
 819 0317 02       		.byte	2
 820 0318 79       		.byte	121
 821 0319 08       		.byte	8
 822 031a 85       		.byte	-123
 823 031b 08       		.byte	8
 824 031c C0       		.byte	-64
 825 031d 0F       		.byte	15
 826 031e C2       		.byte	-62
 827 031f 0F       		.byte	15
 828 0320 C4       		.byte	-60
 829 0321 0F       		.byte	15
 830 0322 CA       		.byte	-54
 831 0323 0F       		.byte	15
 832 0324 CC       		.byte	-52
 833 0325 0E       		.byte	14
 834 0326 CE       		.byte	-50
 835 0327 0D       		.byte	13
 836 0328 D0       		.byte	-48
 837 0329 0C       		.byte	12
 838 032a D2       		.byte	-46
 839 032b 08       		.byte	8
 840 032c DE       		.byte	-34
 841 032d 02       		.byte	2
 842 032e E2       		.byte	-30
 843 032f 04       		.byte	4
 844 0330 EE       		.byte	-18
 845 0331 02       		.byte	2
 846 0332 EE       		.byte	-18
 847 0333 02       		.byte	2
 848 0334 30       		.byte	48
 849 0335 02       		.byte	2
 850 0336 31       		.byte	49
 851 0337 40       		.byte	64
 852 0338 35       		.byte	53
 853 0339 02       		.byte	2
 854 033a 36       		.byte	54
 855 033b 40       		.byte	64
ARM GAS  C:\Users\lenovo\AppData\Local\Temp\cccKc8zq.s 			page 16


 856 033c 80       		.byte	-128
 857 033d 02       		.byte	2
 858 033e 85       		.byte	-123
 859 033f 40       		.byte	64
 860 0340 CC       		.byte	-52
 861 0341 F0       		.byte	-16
 862 0342 E2       		.byte	-30
 863 0343 20       		.byte	32
 864 0344 E6       		.byte	-26
 865 0345 10       		.byte	16
 866 0346 85       		.byte	-123
 867 0347 02       		.byte	2
 868 0348 9D       		.byte	-99
 869 0349 02       		.byte	2
 870 034a A6       		.byte	-90
 871 034b 40       		.byte	64
 872 034c E6       		.byte	-26
 873 034d 10       		.byte	16
 874 034e A6       		.byte	-90
 875 034f 40       		.byte	64
 876 0350 A3       		.byte	-93
 877 0351 20       		.byte	32
 878 0352 A6       		.byte	-90
 879 0353 40       		.byte	64
 880 0354 AB       		.byte	-85
 881 0355 20       		.byte	32
 882 0356 EE       		.byte	-18
 883 0357 20       		.byte	32
 884 0358 28       		.byte	40
 885 0359 02       		.byte	2
 886 035a 3B       		.byte	59
 887 035b 20       		.byte	32
 888 035c 54       		.byte	84
 889 035d 20       		.byte	32
 890 035e 82       		.byte	-126
 891 035f 40       		.byte	64
 892 0360 CA       		.byte	-54
 893 0361 08       		.byte	8
 894 0362 CE       		.byte	-50
 895 0363 08       		.byte	8
 896 0364 D4       		.byte	-44
 897 0365 02       		.byte	2
 898 0366 84       		.byte	-124
 899 0367 20       		.byte	32
 900 0368 96       		.byte	-106
 901 0369 40       		.byte	64
 902 036a A4       		.byte	-92
 903 036b 20       		.byte	32
 904 036c AF       		.byte	-81
 905 036d 10       		.byte	16
 906 036e B0       		.byte	-80
 907 036f 02       		.byte	2
 908 0370 EA       		.byte	-22
 909 0371 04       		.byte	4
 910 0372 96       		.byte	-106
 911 0373 40       		.byte	64
 912 0374 9C       		.byte	-100
ARM GAS  C:\Users\lenovo\AppData\Local\Temp\cccKc8zq.s 			page 17


 913 0375 20       		.byte	32
 914 0376 A4       		.byte	-92
 915 0377 20       		.byte	32
 916 0378 08       		.byte	8
 917 0379 20       		.byte	32
 918 037a 0B       		.byte	11
 919 037b 40       		.byte	64
 920 037c 0E       		.byte	14
 921 037d 40       		.byte	64
 922 037e 96       		.byte	-106
 923 037f 40       		.byte	64
 924 0380 9C       		.byte	-100
 925 0381 20       		.byte	32
 926 0382 B4       		.byte	-76
 927 0383 20       		.byte	32
 928 0384 C2       		.byte	-62
 929 0385 0E       		.byte	14
 930 0386 EC       		.byte	-20
 931 0387 08       		.byte	8
 932 0388 A3       		.byte	-93
 933 0389 20       		.byte	32
 934 038a AE       		.byte	-82
 935 038b 40       		.byte	64
 936 038c EE       		.byte	-18
 937 038d 40       		.byte	64
 938 038e 7B       		.byte	123
 939 038f 20       		.byte	32
 940 0390 A3       		.byte	-93
 941 0391 20       		.byte	32
 942 0392 DE       		.byte	-34
 943 0393 40       		.byte	64
 944 0394 AF       		.byte	-81
 945 0395 40       		.byte	64
 946 0396 00       		.byte	0
 947 0397 03       		.byte	3
 948 0398 0C       		.byte	12
 949 0399 03       		.byte	3
 950 039a 0E       		.byte	14
 951 039b 01       		.byte	1
 952 039c 00       		.byte	0
 953 039d AB       		.byte	-85
 954 039e 00       		.byte	0
 955 039f 00       		.byte	0
 956 03a0 40       		.byte	64
 957 03a1 00       		.byte	0
 958 03a2 00       		.byte	0
 959 03a3 00       		.byte	0
 960 03a4 00       		.byte	0
 961 03a5 00       		.byte	0
 962 03a6 00       		.byte	0
 963 03a7 00       		.byte	0
 964 03a8 C0       		.byte	-64
 965 03a9 00       		.byte	0
 966 03aa 00       		.byte	0
 967 03ab 00       		.byte	0
 968 03ac 00       		.byte	0
 969 03ad 7F       		.byte	127
ARM GAS  C:\Users\lenovo\AppData\Local\Temp\cccKc8zq.s 			page 18


 970 03ae 7F       		.byte	127
 971 03af 00       		.byte	0
 972 03b0 00       		.byte	0
 973 03b1 00       		.byte	0
 974 03b2 00       		.byte	0
 975 03b3 00       		.byte	0
 976 03b4 00       		.byte	0
 977 03b5 00       		.byte	0
 978 03b6 7F       		.byte	127
 979 03b7 00       		.byte	0
 980 03b8 00       		.byte	0
 981 03b9 00       		.byte	0
 982 03ba 00       		.byte	0
 983 03bb 00       		.byte	0
 984 03bc 00       		.byte	0
 985 03bd 01       		.byte	1
 986 03be 01       		.byte	1
 987 03bf 00       		.byte	0
 988 03c0 01       		.byte	1
 989 03c1 00       		.byte	0
 990 03c2 10       		.byte	16
 991 03c3 00       		.byte	0
 992              		.section	.cywolatch,"a",%progbits
 993              		.align	2
 994              		.type	cy_meta_wonvl, %object
 995              		.size	cy_meta_wonvl, 4
 996              	cy_meta_wonvl:
 997 0000 BC       		.byte	-68
 998 0001 90       		.byte	-112
 999 0002 AC       		.byte	-84
 1000 0003 AF       		.byte	-81
 1001              		.section	.cycustnvl,"a",%progbits
 1002              		.align	2
 1003              		.type	cy_meta_custnvl, %object
 1004              		.size	cy_meta_custnvl, 4
 1005              	cy_meta_custnvl:
 1006 0000 00       		.byte	0
 1007 0001 00       		.byte	0
 1008 0002 40       		.byte	64
 1009 0003 05       		.byte	5
 1010              		.section	.cymeta,"a",%progbits
 1011              		.align	2
 1012              		.type	cy_metadata, %object
 1013              		.size	cy_metadata, 12
 1014              	cy_metadata:
 1015 0000 00       		.byte	0
 1016 0001 01       		.byte	1
 1017 0002 2E       		.byte	46
 1018 0003 12       		.byte	18
 1019 0004 30       		.byte	48
 1020 0005 69       		.byte	105
 1021 0006 00       		.byte	0
 1022 0007 01       		.byte	1
 1023 0008 00       		.byte	0
 1024 0009 00       		.byte	0
 1025 000a 00       		.byte	0
 1026 000b 00       		.byte	0
ARM GAS  C:\Users\lenovo\AppData\Local\Temp\cccKc8zq.s 			page 19


 1027              		.section	.cyflashprotect,"a",%progbits
 1028              		.align	2
 1029              		.type	cy_meta_flashprotect, %object
 1030              		.size	cy_meta_flashprotect, 256
 1031              	cy_meta_flashprotect:
 1032 0000 00000000 		.space	256
 1032      00000000 
 1032      00000000 
 1032      00000000 
 1032      00000000 
 1033              		.text
 1034              	.Letext0:
 1035              		.file 1 ".\\Generated_Source\\PSoC5\\cymetadata.c"
 1036              		.file 2 ".\\Generated_Source\\PSoC5\\cytypes.h"
 1037              		.section	.debug_info,"",%progbits
 1038              	.Ldebug_info0:
 1039 0000 37010000 		.4byte	0x137
 1040 0004 0400     		.2byte	0x4
 1041 0006 00000000 		.4byte	.Ldebug_abbrev0
 1042 000a 04       		.byte	0x4
 1043 000b 01       		.uleb128 0x1
 1044 000c D0000000 		.4byte	.LASF18
 1045 0010 01       		.byte	0x1
 1046 0011 00000000 		.4byte	.LASF19
 1047 0015 72000000 		.4byte	.LASF20
 1048 0019 00000000 		.4byte	.Ldebug_line0
 1049 001d 02       		.uleb128 0x2
 1050 001e 01       		.byte	0x1
 1051 001f 06       		.byte	0x6
 1052 0020 DA010000 		.4byte	.LASF0
 1053 0024 02       		.uleb128 0x2
 1054 0025 01       		.byte	0x1
 1055 0026 08       		.byte	0x8
 1056 0027 38000000 		.4byte	.LASF1
 1057 002b 02       		.uleb128 0x2
 1058 002c 02       		.byte	0x2
 1059 002d 05       		.byte	0x5
 1060 002e C1010000 		.4byte	.LASF2
 1061 0032 02       		.uleb128 0x2
 1062 0033 02       		.byte	0x2
 1063 0034 07       		.byte	0x7
 1064 0035 58000000 		.4byte	.LASF3
 1065 0039 02       		.uleb128 0x2
 1066 003a 04       		.byte	0x4
 1067 003b 05       		.byte	0x5
 1068 003c D1010000 		.4byte	.LASF4
 1069 0040 02       		.uleb128 0x2
 1070 0041 04       		.byte	0x4
 1071 0042 07       		.byte	0x7
 1072 0043 46000000 		.4byte	.LASF5
 1073 0047 02       		.uleb128 0x2
 1074 0048 08       		.byte	0x8
 1075 0049 05       		.byte	0x5
 1076 004a AE010000 		.4byte	.LASF6
 1077 004e 02       		.uleb128 0x2
 1078 004f 08       		.byte	0x8
 1079 0050 07       		.byte	0x7
ARM GAS  C:\Users\lenovo\AppData\Local\Temp\cccKc8zq.s 			page 20


 1080 0051 6B010000 		.4byte	.LASF7
 1081 0055 03       		.uleb128 0x3
 1082 0056 04       		.byte	0x4
 1083 0057 05       		.byte	0x5
 1084 0058 696E7400 		.ascii	"int\000"
 1085 005c 02       		.uleb128 0x2
 1086 005d 04       		.byte	0x4
 1087 005e 07       		.byte	0x7
 1088 005f 5E010000 		.4byte	.LASF8
 1089 0063 04       		.uleb128 0x4
 1090 0064 CB010000 		.4byte	.LASF21
 1091 0068 02       		.byte	0x2
 1092 0069 9201     		.2byte	0x192
 1093 006b 24000000 		.4byte	0x24
 1094 006f 02       		.uleb128 0x2
 1095 0070 04       		.byte	0x4
 1096 0071 04       		.byte	0x4
 1097 0072 32000000 		.4byte	.LASF9
 1098 0076 02       		.uleb128 0x2
 1099 0077 08       		.byte	0x8
 1100 0078 04       		.byte	0x4
 1101 0079 6B000000 		.4byte	.LASF10
 1102 007d 02       		.uleb128 0x2
 1103 007e 01       		.byte	0x1
 1104 007f 08       		.byte	0x8
 1105 0080 BC010000 		.4byte	.LASF11
 1106 0084 05       		.uleb128 0x5
 1107 0085 63000000 		.4byte	0x63
 1108 0089 95000000 		.4byte	0x95
 1109 008d 06       		.uleb128 0x6
 1110 008e 95000000 		.4byte	0x95
 1111 0092 C303     		.2byte	0x3c3
 1112 0094 00       		.byte	0
 1113 0095 02       		.uleb128 0x2
 1114 0096 04       		.byte	0x4
 1115 0097 07       		.byte	0x7
 1116 0098 A5010000 		.4byte	.LASF12
 1117 009c 07       		.uleb128 0x7
 1118 009d BE000000 		.4byte	.LASF13
 1119 00a1 01       		.byte	0x1
 1120 00a2 1F       		.byte	0x1f
 1121 00a3 AD000000 		.4byte	0xad
 1122 00a7 05       		.uleb128 0x5
 1123 00a8 03       		.byte	0x3
 1124 00a9 00000000 		.4byte	cy_meta_configecc
 1125 00ad 08       		.uleb128 0x8
 1126 00ae 84000000 		.4byte	0x84
 1127 00b2 05       		.uleb128 0x5
 1128 00b3 63000000 		.4byte	0x63
 1129 00b7 C2000000 		.4byte	0xc2
 1130 00bb 09       		.uleb128 0x9
 1131 00bc 95000000 		.4byte	0x95
 1132 00c0 03       		.byte	0x3
 1133 00c1 00       		.byte	0
 1134 00c2 07       		.uleb128 0x7
 1135 00c3 AE000000 		.4byte	.LASF14
 1136 00c7 01       		.byte	0x1
ARM GAS  C:\Users\lenovo\AppData\Local\Temp\cccKc8zq.s 			page 21


 1137 00c8 A5       		.byte	0xa5
 1138 00c9 D3000000 		.4byte	0xd3
 1139 00cd 05       		.uleb128 0x5
 1140 00ce 03       		.byte	0x3
 1141 00cf 00000000 		.4byte	cy_meta_custnvl
 1142 00d3 08       		.uleb128 0x8
 1143 00d4 B2000000 		.4byte	0xb2
 1144 00d8 07       		.uleb128 0x7
 1145 00d9 97010000 		.4byte	.LASF15
 1146 00dd 01       		.byte	0x1
 1147 00de B3       		.byte	0xb3
 1148 00df E9000000 		.4byte	0xe9
 1149 00e3 05       		.uleb128 0x5
 1150 00e4 03       		.byte	0x3
 1151 00e5 00000000 		.4byte	cy_meta_wonvl
 1152 00e9 08       		.uleb128 0x8
 1153 00ea B2000000 		.4byte	0xb2
 1154 00ee 05       		.uleb128 0x5
 1155 00ef 63000000 		.4byte	0x63
 1156 00f3 FE000000 		.4byte	0xfe
 1157 00f7 09       		.uleb128 0x9
 1158 00f8 95000000 		.4byte	0x95
 1159 00fc FF       		.byte	0xff
 1160 00fd 00       		.byte	0
 1161 00fe 07       		.uleb128 0x7
 1162 00ff 82010000 		.4byte	.LASF16
 1163 0103 01       		.byte	0x1
 1164 0104 C1       		.byte	0xc1
 1165 0105 0F010000 		.4byte	0x10f
 1166 0109 05       		.uleb128 0x5
 1167 010a 03       		.byte	0x3
 1168 010b 00000000 		.4byte	cy_meta_flashprotect
 1169 010f 08       		.uleb128 0x8
 1170 0110 EE000000 		.4byte	0xee
 1171 0114 05       		.uleb128 0x5
 1172 0115 63000000 		.4byte	0x63
 1173 0119 24010000 		.4byte	0x124
 1174 011d 09       		.uleb128 0x9
 1175 011e 95000000 		.4byte	0x95
 1176 0122 0B       		.byte	0xb
 1177 0123 00       		.byte	0
 1178 0124 07       		.uleb128 0x7
 1179 0125 26000000 		.4byte	.LASF17
 1180 0129 01       		.byte	0x1
 1181 012a EE       		.byte	0xee
 1182 012b 35010000 		.4byte	0x135
 1183 012f 05       		.uleb128 0x5
 1184 0130 03       		.byte	0x3
 1185 0131 00000000 		.4byte	cy_metadata
 1186 0135 08       		.uleb128 0x8
 1187 0136 14010000 		.4byte	0x114
 1188 013a 00       		.byte	0
 1189              		.section	.debug_abbrev,"",%progbits
 1190              	.Ldebug_abbrev0:
 1191 0000 01       		.uleb128 0x1
 1192 0001 11       		.uleb128 0x11
 1193 0002 01       		.byte	0x1
ARM GAS  C:\Users\lenovo\AppData\Local\Temp\cccKc8zq.s 			page 22


 1194 0003 25       		.uleb128 0x25
 1195 0004 0E       		.uleb128 0xe
 1196 0005 13       		.uleb128 0x13
 1197 0006 0B       		.uleb128 0xb
 1198 0007 03       		.uleb128 0x3
 1199 0008 0E       		.uleb128 0xe
 1200 0009 1B       		.uleb128 0x1b
 1201 000a 0E       		.uleb128 0xe
 1202 000b 10       		.uleb128 0x10
 1203 000c 17       		.uleb128 0x17
 1204 000d 00       		.byte	0
 1205 000e 00       		.byte	0
 1206 000f 02       		.uleb128 0x2
 1207 0010 24       		.uleb128 0x24
 1208 0011 00       		.byte	0
 1209 0012 0B       		.uleb128 0xb
 1210 0013 0B       		.uleb128 0xb
 1211 0014 3E       		.uleb128 0x3e
 1212 0015 0B       		.uleb128 0xb
 1213 0016 03       		.uleb128 0x3
 1214 0017 0E       		.uleb128 0xe
 1215 0018 00       		.byte	0
 1216 0019 00       		.byte	0
 1217 001a 03       		.uleb128 0x3
 1218 001b 24       		.uleb128 0x24
 1219 001c 00       		.byte	0
 1220 001d 0B       		.uleb128 0xb
 1221 001e 0B       		.uleb128 0xb
 1222 001f 3E       		.uleb128 0x3e
 1223 0020 0B       		.uleb128 0xb
 1224 0021 03       		.uleb128 0x3
 1225 0022 08       		.uleb128 0x8
 1226 0023 00       		.byte	0
 1227 0024 00       		.byte	0
 1228 0025 04       		.uleb128 0x4
 1229 0026 16       		.uleb128 0x16
 1230 0027 00       		.byte	0
 1231 0028 03       		.uleb128 0x3
 1232 0029 0E       		.uleb128 0xe
 1233 002a 3A       		.uleb128 0x3a
 1234 002b 0B       		.uleb128 0xb
 1235 002c 3B       		.uleb128 0x3b
 1236 002d 05       		.uleb128 0x5
 1237 002e 49       		.uleb128 0x49
 1238 002f 13       		.uleb128 0x13
 1239 0030 00       		.byte	0
 1240 0031 00       		.byte	0
 1241 0032 05       		.uleb128 0x5
 1242 0033 01       		.uleb128 0x1
 1243 0034 01       		.byte	0x1
 1244 0035 49       		.uleb128 0x49
 1245 0036 13       		.uleb128 0x13
 1246 0037 01       		.uleb128 0x1
 1247 0038 13       		.uleb128 0x13
 1248 0039 00       		.byte	0
 1249 003a 00       		.byte	0
 1250 003b 06       		.uleb128 0x6
ARM GAS  C:\Users\lenovo\AppData\Local\Temp\cccKc8zq.s 			page 23


 1251 003c 21       		.uleb128 0x21
 1252 003d 00       		.byte	0
 1253 003e 49       		.uleb128 0x49
 1254 003f 13       		.uleb128 0x13
 1255 0040 2F       		.uleb128 0x2f
 1256 0041 05       		.uleb128 0x5
 1257 0042 00       		.byte	0
 1258 0043 00       		.byte	0
 1259 0044 07       		.uleb128 0x7
 1260 0045 34       		.uleb128 0x34
 1261 0046 00       		.byte	0
 1262 0047 03       		.uleb128 0x3
 1263 0048 0E       		.uleb128 0xe
 1264 0049 3A       		.uleb128 0x3a
 1265 004a 0B       		.uleb128 0xb
 1266 004b 3B       		.uleb128 0x3b
 1267 004c 0B       		.uleb128 0xb
 1268 004d 49       		.uleb128 0x49
 1269 004e 13       		.uleb128 0x13
 1270 004f 3F       		.uleb128 0x3f
 1271 0050 19       		.uleb128 0x19
 1272 0051 02       		.uleb128 0x2
 1273 0052 18       		.uleb128 0x18
 1274 0053 00       		.byte	0
 1275 0054 00       		.byte	0
 1276 0055 08       		.uleb128 0x8
 1277 0056 26       		.uleb128 0x26
 1278 0057 00       		.byte	0
 1279 0058 49       		.uleb128 0x49
 1280 0059 13       		.uleb128 0x13
 1281 005a 00       		.byte	0
 1282 005b 00       		.byte	0
 1283 005c 09       		.uleb128 0x9
 1284 005d 21       		.uleb128 0x21
 1285 005e 00       		.byte	0
 1286 005f 49       		.uleb128 0x49
 1287 0060 13       		.uleb128 0x13
 1288 0061 2F       		.uleb128 0x2f
 1289 0062 0B       		.uleb128 0xb
 1290 0063 00       		.byte	0
 1291 0064 00       		.byte	0
 1292 0065 00       		.byte	0
 1293              		.section	.debug_aranges,"",%progbits
 1294 0000 14000000 		.4byte	0x14
 1295 0004 0200     		.2byte	0x2
 1296 0006 00000000 		.4byte	.Ldebug_info0
 1297 000a 04       		.byte	0x4
 1298 000b 00       		.byte	0
 1299 000c 0000     		.2byte	0
 1300 000e 0000     		.2byte	0
 1301 0010 00000000 		.4byte	0
 1302 0014 00000000 		.4byte	0
 1303              		.section	.debug_line,"",%progbits
 1304              	.Ldebug_line0:
 1305 0000 4F000000 		.section	.debug_str,"MS",%progbits,1
 1305      02004900 
 1305      00000201 
ARM GAS  C:\Users\lenovo\AppData\Local\Temp\cccKc8zq.s 			page 24


 1305      FB0E0D00 
 1305      01010101 
 1306              	.LASF19:
 1307 0000 2E5C4765 		.ascii	".\\Generated_Source\\PSoC5\\cymetadata.c\000"
 1307      6E657261 
 1307      7465645F 
 1307      536F7572 
 1307      63655C50 
 1308              	.LASF17:
 1309 0026 63795F6D 		.ascii	"cy_metadata\000"
 1309      65746164 
 1309      61746100 
 1310              	.LASF9:
 1311 0032 666C6F61 		.ascii	"float\000"
 1311      7400
 1312              	.LASF1:
 1313 0038 756E7369 		.ascii	"unsigned char\000"
 1313      676E6564 
 1313      20636861 
 1313      7200
 1314              	.LASF5:
 1315 0046 6C6F6E67 		.ascii	"long unsigned int\000"
 1315      20756E73 
 1315      69676E65 
 1315      6420696E 
 1315      7400
 1316              	.LASF3:
 1317 0058 73686F72 		.ascii	"short unsigned int\000"
 1317      7420756E 
 1317      7369676E 
 1317      65642069 
 1317      6E7400
 1318              	.LASF10:
 1319 006b 646F7562 		.ascii	"double\000"
 1319      6C6500
 1320              	.LASF20:
 1321 0072 453A5C50 		.ascii	"E:\\Psoc\\Advanced_Experiment\\LED_CAPSENSE\\Led_Ca"
 1321      736F635C 
 1321      41647661 
 1321      6E636564 
 1321      5F457870 
 1322 00a1 7073656E 		.ascii	"psense.cydsn\000"
 1322      73652E63 
 1322      7964736E 
 1322      00
 1323              	.LASF14:
 1324 00ae 63795F6D 		.ascii	"cy_meta_custnvl\000"
 1324      6574615F 
 1324      63757374 
 1324      6E766C00 
 1325              	.LASF13:
 1326 00be 63795F6D 		.ascii	"cy_meta_configecc\000"
 1326      6574615F 
 1326      636F6E66 
 1326      69676563 
 1326      6300
 1327              	.LASF18:
ARM GAS  C:\Users\lenovo\AppData\Local\Temp\cccKc8zq.s 			page 25


 1328 00d0 474E5520 		.ascii	"GNU C 4.9.3 20150303 (release) [ARM/embedded-4_9-br"
 1328      4320342E 
 1328      392E3320 
 1328      32303135 
 1328      30333033 
 1329 0103 616E6368 		.ascii	"anch revision 221220] -mcpu=cortex-m3 -mthumb -g -O"
 1329      20726576 
 1329      6973696F 
 1329      6E203232 
 1329      31323230 
 1330 0136 67202D66 		.ascii	"g -ffunction-sections -ffat-lto-objects\000"
 1330      66756E63 
 1330      74696F6E 
 1330      2D736563 
 1330      74696F6E 
 1331              	.LASF8:
 1332 015e 756E7369 		.ascii	"unsigned int\000"
 1332      676E6564 
 1332      20696E74 
 1332      00
 1333              	.LASF7:
 1334 016b 6C6F6E67 		.ascii	"long long unsigned int\000"
 1334      206C6F6E 
 1334      6720756E 
 1334      7369676E 
 1334      65642069 
 1335              	.LASF16:
 1336 0182 63795F6D 		.ascii	"cy_meta_flashprotect\000"
 1336      6574615F 
 1336      666C6173 
 1336      6870726F 
 1336      74656374 
 1337              	.LASF15:
 1338 0197 63795F6D 		.ascii	"cy_meta_wonvl\000"
 1338      6574615F 
 1338      776F6E76 
 1338      6C00
 1339              	.LASF12:
 1340 01a5 73697A65 		.ascii	"sizetype\000"
 1340      74797065 
 1340      00
 1341              	.LASF6:
 1342 01ae 6C6F6E67 		.ascii	"long long int\000"
 1342      206C6F6E 
 1342      6720696E 
 1342      7400
 1343              	.LASF11:
 1344 01bc 63686172 		.ascii	"char\000"
 1344      00
 1345              	.LASF2:
 1346 01c1 73686F72 		.ascii	"short int\000"
 1346      7420696E 
 1346      7400
 1347              	.LASF21:
 1348 01cb 75696E74 		.ascii	"uint8\000"
 1348      3800
 1349              	.LASF4:
ARM GAS  C:\Users\lenovo\AppData\Local\Temp\cccKc8zq.s 			page 26


 1350 01d1 6C6F6E67 		.ascii	"long int\000"
 1350      20696E74 
 1350      00
 1351              	.LASF0:
 1352 01da 7369676E 		.ascii	"signed char\000"
 1352      65642063 
 1352      68617200 
 1353              		.ident	"GCC: (GNU Tools for ARM Embedded Processors) 4.9.3 20150303 (release) [ARM/embedded-4_9-br
