ARM GAS  C:\Users\lenovo\AppData\Local\Temp\ccmK4yEC.s 			page 1


   1              		.syntax unified
   2              		.cpu cortex-m3
   3              		.fpu softvfp
   4              		.eabi_attribute 20, 1
   5              		.eabi_attribute 21, 1
   6              		.eabi_attribute 23, 3
   7              		.eabi_attribute 24, 1
   8              		.eabi_attribute 25, 1
   9              		.eabi_attribute 26, 1
  10              		.eabi_attribute 30, 1
  11              		.eabi_attribute 34, 1
  12              		.eabi_attribute 18, 4
  13              		.thumb
  14              		.file	"main.c"
  15              		.text
  16              	.Ltext0:
  17              		.cfi_sections	.debug_frame
  18              		.global _printf_float
  19              		.thumb
  20              		.section	.text.main,"ax",%progbits
  21              		.align	2
  22              		.global	main
  23              		.thumb
  24              		.thumb_func
  25              		.type	main, %function
  26              	main:
  27              	.LFB63:
  28              		.file 1 ".\\main.c"
   1:.\main.c      **** /* ========================================
   2:.\main.c      ****  *
   3:.\main.c      ****  * Copyright YOUR COMPANY, THE YEAR
   4:.\main.c      ****  * All Rights Reserved
   5:.\main.c      ****  * UNPUBLISHED, LICENSED SOFTWARE.
   6:.\main.c      ****  *
   7:.\main.c      ****  * CONFIDENTIAL AND PROPRIETARY INFORMATION
   8:.\main.c      ****  * WHICH IS THE PROPERTY OF your company.
   9:.\main.c      ****  *
  10:.\main.c      ****  * ========================================
  11:.\main.c      **** */
  12:.\main.c      **** #include <project.h>
  13:.\main.c      **** 
  14:.\main.c      **** #if defined (__GNUC__)
  15:.\main.c      ****     /* Add an explicit reference to the floating point printf library */
  16:.\main.c      ****     /* to allow the usage of floating point conversion specifiers. */
  17:.\main.c      ****     /* This is not linked in by default with the newlib-nano library. */
  18:.\main.c      ****     asm (".global _printf_float");
  19:.\main.c      **** #endif
  20:.\main.c      **** 
  21:.\main.c      **** /* The size of the buffer is equal to maximum packet size of the 
  22:.\main.c      **** *  IN and OUT bulk endpoints. 
  23:.\main.c      **** */
  24:.\main.c      **** #define BUFFER_LEN  64u
  25:.\main.c      **** 
  26:.\main.c      **** char8 *parity[] = { "None", "Odd", "Even", "Mark", "Space" };
  27:.\main.c      **** char8 *stop[] = { "1", "1.5", "2" };
  28:.\main.c      **** 
  29:.\main.c      **** #define ON (1)
ARM GAS  C:\Users\lenovo\AppData\Local\Temp\ccmK4yEC.s 			page 2


  30:.\main.c      **** #define OFF (0)
  31:.\main.c      **** #define NO_FINGER (0xFF)
  32:.\main.c      **** #define PUSH (1)
  33:.\main.c      **** #define Release (0)
  34:.\main.c      **** int main()
  35:.\main.c      **** {
  29              		.loc 1 35 0
  30              		.cfi_startproc
  31              		@ args = 0, pretend = 0, frame = 8
  32              		@ frame_needed = 0, uses_anonymous_args = 0
  33 0000 2DE9F047 		push	{r4, r5, r6, r7, r8, r9, r10, lr}
  34              		.cfi_def_cfa_offset 32
  35              		.cfi_offset 4, -32
  36              		.cfi_offset 5, -28
  37              		.cfi_offset 6, -24
  38              		.cfi_offset 7, -20
  39              		.cfi_offset 8, -16
  40              		.cfi_offset 9, -12
  41              		.cfi_offset 10, -8
  42              		.cfi_offset 14, -4
  43 0004 82B0     		sub	sp, sp, #8
  44              		.cfi_def_cfa_offset 40
  36:.\main.c      ****     char8 display_str[6] = {"  0%"};
  45              		.loc 1 36 0
  46 0006 544B     		ldr	r3, .L16
  47 0008 93E80300 		ldmia	r3, {r0, r1}
  48 000c 0090     		str	r0, [sp]
  49 000e 8DF80410 		strb	r1, [sp, #4]
  50 0012 0024     		movs	r4, #0
  51 0014 8DF80540 		strb	r4, [sp, #5]
  52              	.LVL0:
  37:.\main.c      ****     uint8 status_Button_up = OFF;
  38:.\main.c      ****     uint8 status_Button_down = OFF;
  39:.\main.c      ****     uint16 sliderPosition = NO_FINGER;
  40:.\main.c      ****     uint8 brightness = 0;
  41:.\main.c      ****     uint8 pushState_Button_up = Release;
  42:.\main.c      ****     uint8 pushState_Button_down = Release;
  43:.\main.c      ****     uint16 LastsliderPosition = NO_FINGER;
  44:.\main.c      ****     uint8 last_brightness = 0;
  45:.\main.c      ****     CyGlobalIntEnable; /* Enable global interrupts. */
  53              		.loc 1 45 0
  54              	@ 45 ".\main.c" 1
  55 0018 62B6     		CPSIE   i
  56              	@ 0 "" 2
  46:.\main.c      ****     PWM_Start();
  57              		.loc 1 46 0
  58              		.thumb
  59 001a FFF7FEFF 		bl	PWM_Start
  60              	.LVL1:
  47:.\main.c      ****     LCD_Start();
  61              		.loc 1 47 0
  62 001e FFF7FEFF 		bl	LCD_Start
  63              	.LVL2:
  48:.\main.c      ****     LCD_Position(0u,0u);
  64              		.loc 1 48 0
  65 0022 2046     		mov	r0, r4
  66 0024 2146     		mov	r1, r4
ARM GAS  C:\Users\lenovo\AppData\Local\Temp\ccmK4yEC.s 			page 3


  67 0026 FFF7FEFF 		bl	LCD_Position
  68              	.LVL3:
  49:.\main.c      ****     LCD_PrintString("LED Brightness: ");
  69              		.loc 1 49 0
  70 002a 4C48     		ldr	r0, .L16+4
  71 002c FFF7FEFF 		bl	LCD_PrintString
  72              	.LVL4:
  50:.\main.c      ****     CapSense_Start();
  73              		.loc 1 50 0
  74 0030 FFF7FEFF 		bl	CapSense_Start
  75              	.LVL5:
  51:.\main.c      ****     CapSense_InitializeAllBaselines();
  76              		.loc 1 51 0
  77 0034 FFF7FEFF 		bl	CapSense_InitializeAllBaselines
  78              	.LVL6:
  52:.\main.c      ****         /* Start USBFS Operation with 3V operation */
  53:.\main.c      ****     USBUART_Start(0u, USBUART_3V_OPERATION);
  79              		.loc 1 53 0
  80 0038 2046     		mov	r0, r4
  81 003a 2146     		mov	r1, r4
  82 003c FFF7FEFF 		bl	USBUART_Start
  83              	.LVL7:
  84              	.L2:
  54:.\main.c      ****     
  55:.\main.c      ****     /* Wait for Device to enumerate */
  56:.\main.c      ****     while(!USBUART_GetConfiguration());
  85              		.loc 1 56 0 discriminator 1
  86 0040 FFF7FEFF 		bl	USBUART_GetConfiguration
  87              	.LVL8:
  88 0044 0028     		cmp	r0, #0
  89 0046 FBD0     		beq	.L2
  57:.\main.c      ****   
  58:.\main.c      ****     /* Enumeration is done, enable OUT endpoint for receive data from Host */
  59:.\main.c      ****     USBUART_CDC_Init();
  90              		.loc 1 59 0
  91 0048 FFF7FEFF 		bl	USBUART_CDC_Init
  92              	.LVL9:
  44:.\main.c      ****     CyGlobalIntEnable; /* Enable global interrupts. */
  93              		.loc 1 44 0
  94 004c 4FF00008 		mov	r8, #0
  43:.\main.c      ****     uint8 last_brightness = 0;
  95              		.loc 1 43 0
  96 0050 FF27     		movs	r7, #255
  42:.\main.c      ****     uint16 LastsliderPosition = NO_FINGER;
  97              		.loc 1 42 0
  98 0052 4546     		mov	r5, r8
  41:.\main.c      ****     uint8 pushState_Button_down = Release;
  99              		.loc 1 41 0
 100 0054 4646     		mov	r6, r8
  40:.\main.c      ****     uint8 pushState_Button_up = Release;
 101              		.loc 1 40 0
 102 0056 4446     		mov	r4, r8
 103              	.LVL10:
 104              	.L12:
  60:.\main.c      ****     
  61:.\main.c      ****     for(;;)
  62:.\main.c      ****     {
ARM GAS  C:\Users\lenovo\AppData\Local\Temp\ccmK4yEC.s 			page 4


  63:.\main.c      ****        CapSense_UpdateEnabledBaselines();
 105              		.loc 1 63 0
 106 0058 FFF7FEFF 		bl	CapSense_UpdateEnabledBaselines
 107              	.LVL11:
  64:.\main.c      ****        CapSense_ScanEnabledWidgets(); 
 108              		.loc 1 64 0
 109 005c FFF7FEFF 		bl	CapSense_ScanEnabledWidgets
 110              	.LVL12:
  65:.\main.c      ****        
  66:.\main.c      ****         if(CapSense_IsBusy()!= 0)
 111              		.loc 1 66 0
 112 0060 FFF7FEFF 		bl	CapSense_IsBusy
 113              	.LVL13:
 114 0064 0028     		cmp	r0, #0
 115 0066 72D0     		beq	.L3
  67:.\main.c      ****         {
  68:.\main.c      ****             /* Update baseline for all the sensors */ 
  69:.\main.c      **** 
  70:.\main.c      ****             status_Button_down = CapSense_CheckIsWidgetActive(CapSense_BUTTON_DOWN__BTN);
 116              		.loc 1 70 0
 117 0068 0220     		movs	r0, #2
 118 006a FFF7FEFF 		bl	CapSense_CheckIsWidgetActive
 119              	.LVL14:
 120 006e 8246     		mov	r10, r0
 121              	.LVL15:
  71:.\main.c      ****             status_Button_up = CapSense_CheckIsWidgetActive(CapSense_BUTTON_UP__BTN);
 122              		.loc 1 71 0
 123 0070 0120     		movs	r0, #1
 124 0072 FFF7FEFF 		bl	CapSense_CheckIsWidgetActive
 125              	.LVL16:
 126 0076 8146     		mov	r9, r0
 127              	.LVL17:
  72:.\main.c      ****             sliderPosition = (uint8)CapSense_GetCentroidPos(CapSense_LINEARSLIDER0__LS);
 128              		.loc 1 72 0
 129 0078 0020     		movs	r0, #0
 130 007a FFF7FEFF 		bl	CapSense_GetCentroidPos
 131              	.LVL18:
 132 007e C0B2     		uxtb	r0, r0
 133              	.LVL19:
  73:.\main.c      ****             if(status_Button_up == ON)
 134              		.loc 1 73 0
 135 0080 B9F1010F 		cmp	r9, #1
 136 0084 07D1     		bne	.L4
  74:.\main.c      ****             {
  75:.\main.c      ****                 if((pushState_Button_up == Release)&&(brightness < 100))
 137              		.loc 1 75 0
 138 0086 DEB9     		cbnz	r6, .L5
 139              		.loc 1 75 0 is_stmt 0 discriminator 1
 140 0088 632C     		cmp	r4, #99
 141 008a 19D8     		bhi	.L5
  76:.\main.c      ****                 {
  77:.\main.c      ****                     
  78:.\main.c      ****                     brightness++;
 142              		.loc 1 78 0 is_stmt 1
 143 008c 0134     		adds	r4, r4, #1
 144              	.LVL20:
 145 008e E4B2     		uxtb	r4, r4
ARM GAS  C:\Users\lenovo\AppData\Local\Temp\ccmK4yEC.s 			page 5


 146              	.LVL21:
  79:.\main.c      ****                     pushState_Button_up = PUSH;
  80:.\main.c      ****                     pushState_Button_down = Release;
 147              		.loc 1 80 0
 148 0090 0025     		movs	r5, #0
  79:.\main.c      ****                     pushState_Button_up = PUSH;
 149              		.loc 1 79 0
 150 0092 0126     		movs	r6, #1
 151 0094 14E0     		b	.L5
 152              	.LVL22:
 153              	.L4:
  81:.\main.c      ****                 }
  82:.\main.c      ****             }
  83:.\main.c      ****             
  84:.\main.c      ****             else if(status_Button_down == ON)
 154              		.loc 1 84 0
 155 0096 BAF1010F 		cmp	r10, #1
 156 009a 06D1     		bne	.L6
  85:.\main.c      ****             {
  86:.\main.c      ****                 if((pushState_Button_down == Release)&&( brightness > 0))
 157              		.loc 1 86 0
 158 009c 85B9     		cbnz	r5, .L5
 159              		.loc 1 86 0 is_stmt 0 discriminator 1
 160 009e 7CB1     		cbz	r4, .L5
  87:.\main.c      ****                 {
  88:.\main.c      ****                    
  89:.\main.c      ****                     brightness -- ;
 161              		.loc 1 89 0 is_stmt 1
 162 00a0 013C     		subs	r4, r4, #1
 163              	.LVL23:
 164 00a2 E4B2     		uxtb	r4, r4
 165              	.LVL24:
  90:.\main.c      ****                     pushState_Button_down = PUSH;
 166              		.loc 1 90 0
 167 00a4 0125     		movs	r5, #1
  91:.\main.c      ****                     pushState_Button_up = Release;
 168              		.loc 1 91 0
 169 00a6 0026     		movs	r6, #0
 170 00a8 0AE0     		b	.L5
 171              	.LVL25:
 172              	.L6:
  92:.\main.c      ****                 }
  93:.\main.c      ****             }
  94:.\main.c      ****             else if(sliderPosition <= 100)
 173              		.loc 1 94 0
 174 00aa 6428     		cmp	r0, #100
 175 00ac 06D8     		bhi	.L13
  95:.\main.c      ****             {
  96:.\main.c      ****                if(LastsliderPosition != sliderPosition)
 176              		.loc 1 96 0
 177 00ae 8742     		cmp	r7, r0
 178 00b0 06D0     		beq	.L5
  97:.\main.c      ****             {
  98:.\main.c      ****                 brightness = sliderPosition;
 179              		.loc 1 98 0
 180 00b2 C4B2     		uxtb	r4, r0
 181              	.LVL26:
ARM GAS  C:\Users\lenovo\AppData\Local\Temp\ccmK4yEC.s 			page 6


  99:.\main.c      ****                 pushState_Button_down = Release;
 100:.\main.c      ****                 pushState_Button_up = Release;
 101:.\main.c      ****                 LastsliderPosition = sliderPosition;
 182              		.loc 1 101 0
 183 00b4 0746     		mov	r7, r0
  99:.\main.c      ****                 pushState_Button_down = Release;
 184              		.loc 1 99 0
 185 00b6 0025     		movs	r5, #0
 100:.\main.c      ****                 LastsliderPosition = sliderPosition;
 186              		.loc 1 100 0
 187 00b8 2E46     		mov	r6, r5
 188 00ba 01E0     		b	.L5
 189              	.LVL27:
 190              	.L13:
 102:.\main.c      ****             }
 103:.\main.c      ****             }
 104:.\main.c      ****             else
 105:.\main.c      ****             {
 106:.\main.c      ****                 pushState_Button_down = Release;
 191              		.loc 1 106 0
 192 00bc 0025     		movs	r5, #0
 193              	.LVL28:
 107:.\main.c      ****                 pushState_Button_up = Release;
 194              		.loc 1 107 0
 195 00be 2E46     		mov	r6, r5
 196              	.LVL29:
 197              	.L5:
 108:.\main.c      **** 
 109:.\main.c      ****             }
 110:.\main.c      ****         if(brightness != last_brightness)
 198              		.loc 1 110 0
 199 00c0 4445     		cmp	r4, r8
 200 00c2 43D0     		beq	.L7
 111:.\main.c      ****         {
 112:.\main.c      ****            PWM_WriteCompare(brightness);
 201              		.loc 1 112 0
 202 00c4 2046     		mov	r0, r4
 203              	.LVL30:
 204 00c6 FFF7FEFF 		bl	PWM_WriteCompare
 205              	.LVL31:
 113:.\main.c      ****           if(brightness >= 100)
 206              		.loc 1 113 0
 207 00ca 632C     		cmp	r4, #99
 208 00cc 0ED9     		bls	.L8
 114:.\main.c      ****         {
 115:.\main.c      ****           display_str[0] = '1';
 209              		.loc 1 115 0
 210 00ce 3123     		movs	r3, #49
 211 00d0 8DF80030 		strb	r3, [sp]
 116:.\main.c      ****           display_str[1] = '0';
 212              		.loc 1 116 0
 213 00d4 3023     		movs	r3, #48
 214 00d6 8DF80130 		strb	r3, [sp, #1]
 117:.\main.c      ****           display_str[2] = '0';
 215              		.loc 1 117 0
 216 00da 8DF80230 		strb	r3, [sp, #2]
 118:.\main.c      ****           display_str[3] = '%';
ARM GAS  C:\Users\lenovo\AppData\Local\Temp\ccmK4yEC.s 			page 7


 217              		.loc 1 118 0
 218 00de 2523     		movs	r3, #37
 219 00e0 8DF80330 		strb	r3, [sp, #3]
 119:.\main.c      ****           display_str[4] = 0;
 220              		.loc 1 119 0
 221 00e4 0023     		movs	r3, #0
 222 00e6 8DF80430 		strb	r3, [sp, #4]
 223 00ea 1EE0     		b	.L9
 224              	.L8:
 120:.\main.c      ****         }
 121:.\main.c      ****         else 
 122:.\main.c      ****         {
 123:.\main.c      ****           display_str[0]=((brightness > 9)?(brightness/10+48):(' '));
 225              		.loc 1 123 0
 226 00ec 092C     		cmp	r4, #9
 227 00ee 05D9     		bls	.L14
 228              		.loc 1 123 0 is_stmt 0 discriminator 1
 229 00f0 1B4B     		ldr	r3, .L16+8
 230 00f2 A3FB0423 		umull	r2, r3, r3, r4
 231 00f6 DB08     		lsrs	r3, r3, #3
 232 00f8 3033     		adds	r3, r3, #48
 233 00fa 00E0     		b	.L10
 234              	.L14:
 235              		.loc 1 123 0
 236 00fc 2023     		movs	r3, #32
 237              	.L10:
 238              		.loc 1 123 0 discriminator 4
 239 00fe 8DF80030 		strb	r3, [sp]
 124:.\main.c      ****           display_str[1]=brightness%10+48;
 240              		.loc 1 124 0 is_stmt 1 discriminator 4
 241 0102 174B     		ldr	r3, .L16+8
 242 0104 A3FB0423 		umull	r2, r3, r3, r4
 243 0108 DB08     		lsrs	r3, r3, #3
 244 010a 03EB8303 		add	r3, r3, r3, lsl #2
 245 010e 5B00     		lsls	r3, r3, #1
 246 0110 E31A     		subs	r3, r4, r3
 247 0112 3033     		adds	r3, r3, #48
 248 0114 8DF80130 		strb	r3, [sp, #1]
 125:.\main.c      ****           display_str[2]='%';
 249              		.loc 1 125 0 discriminator 4
 250 0118 2523     		movs	r3, #37
 251 011a 8DF80230 		strb	r3, [sp, #2]
 126:.\main.c      ****           display_str[3]=' ';
 252              		.loc 1 126 0 discriminator 4
 253 011e 2023     		movs	r3, #32
 254 0120 8DF80330 		strb	r3, [sp, #3]
 127:.\main.c      ****           display_str[4]=0;
 255              		.loc 1 127 0 discriminator 4
 256 0124 0023     		movs	r3, #0
 257 0126 8DF80430 		strb	r3, [sp, #4]
 258              	.L9:
 128:.\main.c      ****           
 129:.\main.c      ****         }
 130:.\main.c      ****         
 131:.\main.c      ****           LCD_Position(1u,0u);
 259              		.loc 1 131 0
 260 012a 0120     		movs	r0, #1
ARM GAS  C:\Users\lenovo\AppData\Local\Temp\ccmK4yEC.s 			page 8


 261 012c 0021     		movs	r1, #0
 262 012e FFF7FEFF 		bl	LCD_Position
 263              	.LVL32:
 132:.\main.c      ****           LCD_PrintString(display_str);
 264              		.loc 1 132 0
 265 0132 6846     		mov	r0, sp
 266 0134 FFF7FEFF 		bl	LCD_PrintString
 267              	.LVL33:
 133:.\main.c      ****           display_str[4]= '\n';
 268              		.loc 1 133 0
 269 0138 0A23     		movs	r3, #10
 270 013a 8DF80430 		strb	r3, [sp, #4]
 271              	.L11:
 134:.\main.c      ****           while (USBUART_CDCIsReady()==0);
 272              		.loc 1 134 0 discriminator 1
 273 013e FFF7FEFF 		bl	USBUART_CDCIsReady
 274              	.LVL34:
 275 0142 0028     		cmp	r0, #0
 276 0144 FBD0     		beq	.L11
 135:.\main.c      ****           USBUART_PutString(display_str);
 277              		.loc 1 135 0
 278 0146 6846     		mov	r0, sp
 279 0148 FFF7FEFF 		bl	USBUART_PutString
 280              	.LVL35:
 281              	.L7:
 136:.\main.c      ****        }
 137:.\main.c      ****         last_brightness = brightness;
 282              		.loc 1 137 0
 283 014c A046     		mov	r8, r4
 284              	.LVL36:
 285              	.L3:
 138:.\main.c      ****       }
 139:.\main.c      ****       CyDelay(80);  
 286              		.loc 1 139 0
 287 014e 5020     		movs	r0, #80
 288 0150 FFF7FEFF 		bl	CyDelay
 289              	.LVL37:
 140:.\main.c      ****     }
 290              		.loc 1 140 0
 291 0154 80E7     		b	.L12
 292              	.L17:
 293 0156 00BF     		.align	2
 294              	.L16:
 295 0158 00000000 		.word	.LANCHOR0
 296 015c 00000000 		.word	.LC1
 297 0160 CDCCCCCC 		.word	-858993459
 298              		.cfi_endproc
 299              	.LFE63:
 300              		.size	main, .-main
 301              		.global	stop
 302              		.global	parity
 303              		.section	.rodata
 304              		.align	2
 305              		.set	.LANCHOR0,. + 0
 306              	.LC0:
 307 0000 20203025 		.ascii	"  0%\000"
 307      00
ARM GAS  C:\Users\lenovo\AppData\Local\Temp\ccmK4yEC.s 			page 9


 308 0005 00       		.space	1
 309 0006 0000     		.data
 310              		.align	2
 311              		.type	stop, %object
 312              		.size	stop, 12
 313              	stop:
 314 0000 14000000 		.word	.LC2
 315 0004 18000000 		.word	.LC3
 316 0008 1C000000 		.word	.LC4
 317              		.type	parity, %object
 318              		.size	parity, 20
 319              	parity:
 320 000c 20000000 		.word	.LC5
 321 0010 28000000 		.word	.LC6
 322 0014 2C000000 		.word	.LC7
 323 0018 34000000 		.word	.LC8
 324 001c 3C000000 		.word	.LC9
 325              		.section	.rodata.str1.4,"aMS",%progbits,1
 326              		.align	2
 327              	.LC1:
 328 0000 4C454420 		.ascii	"LED Brightness: \000"
 328      42726967 
 328      68746E65 
 328      73733A20 
 328      00
 329 0011 000000   		.space	3
 330              	.LC2:
 331 0014 3100     		.ascii	"1\000"
 332 0016 0000     		.space	2
 333              	.LC3:
 334 0018 312E3500 		.ascii	"1.5\000"
 335              	.LC4:
 336 001c 3200     		.ascii	"2\000"
 337 001e 0000     		.space	2
 338              	.LC5:
 339 0020 4E6F6E65 		.ascii	"None\000"
 339      00
 340 0025 000000   		.space	3
 341              	.LC6:
 342 0028 4F646400 		.ascii	"Odd\000"
 343              	.LC7:
 344 002c 4576656E 		.ascii	"Even\000"
 344      00
 345 0031 000000   		.space	3
 346              	.LC8:
 347 0034 4D61726B 		.ascii	"Mark\000"
 347      00
 348 0039 000000   		.space	3
 349              	.LC9:
 350 003c 53706163 		.ascii	"Space\000"
 350      6500
 351 0042 0000     		.text
 352              	.Letext0:
 353              		.file 2 "c:\\program files (x86)\\cypress\\psoc creator\\3.3\\psoc creator\\import\\gnu\\arm\\4.9.
 354              		.file 3 "c:\\program files (x86)\\cypress\\psoc creator\\3.3\\psoc creator\\import\\gnu\\arm\\4.9.
 355              		.file 4 "Generated_Source\\PSoC5/cytypes.h"
 356              		.file 5 "Generated_Source\\PSoC5/core_cm3.h"
ARM GAS  C:\Users\lenovo\AppData\Local\Temp\ccmK4yEC.s 			page 10


 357              		.file 6 "Generated_Source\\PSoC5/PWM.h"
 358              		.file 7 "Generated_Source\\PSoC5/LCD.h"
 359              		.file 8 "Generated_Source\\PSoC5/CapSense.h"
 360              		.file 9 "Generated_Source\\PSoC5/CapSense_CSHL.h"
 361              		.file 10 "Generated_Source\\PSoC5/USBUART.h"
 362              		.file 11 "Generated_Source\\PSoC5/USBUART_cdc.h"
 363              		.file 12 "Generated_Source\\PSoC5/CyLib.h"
 364              		.section	.debug_info,"",%progbits
 365              	.Ldebug_info0:
 366 0000 0E040000 		.4byte	0x40e
 367 0004 0400     		.2byte	0x4
 368 0006 00000000 		.4byte	.Ldebug_abbrev0
 369 000a 04       		.byte	0x4
 370 000b 01       		.uleb128 0x1
 371 000c AB010000 		.4byte	.LASF48
 372 0010 01       		.byte	0x1
 373 0011 0C000000 		.4byte	.LASF49
 374 0015 3B010000 		.4byte	.LASF50
 375 0019 00000000 		.4byte	.Ldebug_ranges0+0
 376 001d 00000000 		.4byte	0
 377 0021 00000000 		.4byte	.Ldebug_line0
 378 0025 02       		.uleb128 0x2
 379 0026 01       		.byte	0x1
 380 0027 06       		.byte	0x6
 381 0028 53030000 		.4byte	.LASF0
 382 002c 02       		.uleb128 0x2
 383 002d 01       		.byte	0x1
 384 002e 08       		.byte	0x8
 385 002f BB000000 		.4byte	.LASF1
 386 0033 02       		.uleb128 0x2
 387 0034 02       		.byte	0x2
 388 0035 05       		.byte	0x5
 389 0036 ED020000 		.4byte	.LASF2
 390 003a 02       		.uleb128 0x2
 391 003b 02       		.byte	0x2
 392 003c 07       		.byte	0x7
 393 003d F1000000 		.4byte	.LASF3
 394 0041 03       		.uleb128 0x3
 395 0042 15000000 		.4byte	.LASF9
 396 0046 02       		.byte	0x2
 397 0047 3F       		.byte	0x3f
 398 0048 4C000000 		.4byte	0x4c
 399 004c 02       		.uleb128 0x2
 400 004d 04       		.byte	0x4
 401 004e 05       		.byte	0x5
 402 004f 15030000 		.4byte	.LASF4
 403 0053 02       		.uleb128 0x2
 404 0054 04       		.byte	0x4
 405 0055 07       		.byte	0x7
 406 0056 DF000000 		.4byte	.LASF5
 407 005a 02       		.uleb128 0x2
 408 005b 08       		.byte	0x8
 409 005c 05       		.byte	0x5
 410 005d D2020000 		.4byte	.LASF6
 411 0061 02       		.uleb128 0x2
 412 0062 08       		.byte	0x8
 413 0063 07       		.byte	0x7
ARM GAS  C:\Users\lenovo\AppData\Local\Temp\ccmK4yEC.s 			page 11


 414 0064 74020000 		.4byte	.LASF7
 415 0068 04       		.uleb128 0x4
 416 0069 04       		.byte	0x4
 417 006a 05       		.byte	0x5
 418 006b 696E7400 		.ascii	"int\000"
 419 006f 02       		.uleb128 0x2
 420 0070 04       		.byte	0x4
 421 0071 07       		.byte	0x7
 422 0072 47020000 		.4byte	.LASF8
 423 0076 03       		.uleb128 0x3
 424 0077 E5020000 		.4byte	.LASF10
 425 007b 03       		.byte	0x3
 426 007c 2C       		.byte	0x2c
 427 007d 41000000 		.4byte	0x41
 428 0081 05       		.uleb128 0x5
 429 0082 99000000 		.4byte	.LASF11
 430 0086 04       		.byte	0x4
 431 0087 9201     		.2byte	0x192
 432 0089 2C000000 		.4byte	0x2c
 433 008d 05       		.uleb128 0x5
 434 008e 9D010000 		.4byte	.LASF12
 435 0092 04       		.byte	0x4
 436 0093 9301     		.2byte	0x193
 437 0095 3A000000 		.4byte	0x3a
 438 0099 05       		.uleb128 0x5
 439 009a A4010000 		.4byte	.LASF13
 440 009e 04       		.byte	0x4
 441 009f 9401     		.2byte	0x194
 442 00a1 53000000 		.4byte	0x53
 443 00a5 02       		.uleb128 0x2
 444 00a6 04       		.byte	0x4
 445 00a7 04       		.byte	0x4
 446 00a8 89000000 		.4byte	.LASF14
 447 00ac 02       		.uleb128 0x2
 448 00ad 08       		.byte	0x8
 449 00ae 04       		.byte	0x4
 450 00af 40000000 		.4byte	.LASF15
 451 00b3 05       		.uleb128 0x5
 452 00b4 D9000000 		.4byte	.LASF16
 453 00b8 04       		.byte	0x4
 454 00b9 A301     		.2byte	0x1a3
 455 00bb BF000000 		.4byte	0xbf
 456 00bf 02       		.uleb128 0x2
 457 00c0 01       		.byte	0x1
 458 00c1 08       		.byte	0x8
 459 00c2 E0020000 		.4byte	.LASF17
 460 00c6 02       		.uleb128 0x2
 461 00c7 04       		.byte	0x4
 462 00c8 07       		.byte	0x7
 463 00c9 A9020000 		.4byte	.LASF18
 464 00cd 06       		.uleb128 0x6
 465 00ce 88010000 		.4byte	.LASF51
 466 00d2 01       		.byte	0x1
 467 00d3 22       		.byte	0x22
 468 00d4 68000000 		.4byte	0x68
 469 00d8 00000000 		.4byte	.LFB63
 470 00dc 64010000 		.4byte	.LFE63-.LFB63
ARM GAS  C:\Users\lenovo\AppData\Local\Temp\ccmK4yEC.s 			page 12


 471 00e0 01       		.uleb128 0x1
 472 00e1 9C       		.byte	0x9c
 473 00e2 AF020000 		.4byte	0x2af
 474 00e6 07       		.uleb128 0x7
 475 00e7 00000000 		.4byte	.LASF19
 476 00eb 01       		.byte	0x1
 477 00ec 24       		.byte	0x24
 478 00ed AF020000 		.4byte	0x2af
 479 00f1 02       		.uleb128 0x2
 480 00f2 91       		.byte	0x91
 481 00f3 58       		.sleb128 -40
 482 00f4 08       		.uleb128 0x8
 483 00f5 98020000 		.4byte	.LASF20
 484 00f9 01       		.byte	0x1
 485 00fa 25       		.byte	0x25
 486 00fb 81000000 		.4byte	0x81
 487 00ff 00000000 		.4byte	.LLST0
 488 0103 08       		.uleb128 0x8
 489 0104 97030000 		.4byte	.LASF21
 490 0108 01       		.byte	0x1
 491 0109 26       		.byte	0x26
 492 010a 81000000 		.4byte	0x81
 493 010e 1F000000 		.4byte	.LLST1
 494 0112 08       		.uleb128 0x8
 495 0113 54020000 		.4byte	.LASF22
 496 0117 01       		.byte	0x1
 497 0118 27       		.byte	0x27
 498 0119 8D000000 		.4byte	0x8d
 499 011d 3E000000 		.4byte	.LLST2
 500 0121 08       		.uleb128 0x8
 501 0122 17010000 		.4byte	.LASF23
 502 0126 01       		.byte	0x1
 503 0127 28       		.byte	0x28
 504 0128 81000000 		.4byte	0x81
 505 012c 5E000000 		.4byte	.LLST3
 506 0130 08       		.uleb128 0x8
 507 0131 01030000 		.4byte	.LASF24
 508 0135 01       		.byte	0x1
 509 0136 29       		.byte	0x29
 510 0137 81000000 		.4byte	0x81
 511 013b 93000000 		.4byte	.LLST4
 512 013f 08       		.uleb128 0x8
 513 0140 60000000 		.4byte	.LASF25
 514 0144 01       		.byte	0x1
 515 0145 2A       		.byte	0x2a
 516 0146 81000000 		.4byte	0x81
 517 014a F7000000 		.4byte	.LLST5
 518 014e 08       		.uleb128 0x8
 519 014f 04010000 		.4byte	.LASF26
 520 0153 01       		.byte	0x1
 521 0154 2B       		.byte	0x2b
 522 0155 8D000000 		.4byte	0x8d
 523 0159 66010000 		.4byte	.LLST6
 524 015d 08       		.uleb128 0x8
 525 015e 7F030000 		.4byte	.LASF27
 526 0162 01       		.byte	0x1
 527 0163 2C       		.byte	0x2c
ARM GAS  C:\Users\lenovo\AppData\Local\Temp\ccmK4yEC.s 			page 13


 528 0164 81000000 		.4byte	0x81
 529 0168 9C010000 		.4byte	.LLST7
 530 016c 09       		.uleb128 0x9
 531 016d 1E000000 		.4byte	.LVL1
 532 0171 18030000 		.4byte	0x318
 533 0175 09       		.uleb128 0x9
 534 0176 22000000 		.4byte	.LVL2
 535 017a 1F030000 		.4byte	0x31f
 536 017e 0A       		.uleb128 0xa
 537 017f 2A000000 		.4byte	.LVL3
 538 0183 26030000 		.4byte	0x326
 539 0187 98010000 		.4byte	0x198
 540 018b 0B       		.uleb128 0xb
 541 018c 01       		.uleb128 0x1
 542 018d 51       		.byte	0x51
 543 018e 02       		.uleb128 0x2
 544 018f 74       		.byte	0x74
 545 0190 00       		.sleb128 0
 546 0191 0B       		.uleb128 0xb
 547 0192 01       		.uleb128 0x1
 548 0193 50       		.byte	0x50
 549 0194 02       		.uleb128 0x2
 550 0195 74       		.byte	0x74
 551 0196 00       		.sleb128 0
 552 0197 00       		.byte	0
 553 0198 0A       		.uleb128 0xa
 554 0199 30000000 		.4byte	.LVL4
 555 019d 3C030000 		.4byte	0x33c
 556 01a1 AF010000 		.4byte	0x1af
 557 01a5 0B       		.uleb128 0xb
 558 01a6 01       		.uleb128 0x1
 559 01a7 50       		.byte	0x50
 560 01a8 05       		.uleb128 0x5
 561 01a9 03       		.byte	0x3
 562 01aa 00000000 		.4byte	.LC1
 563 01ae 00       		.byte	0
 564 01af 09       		.uleb128 0x9
 565 01b0 34000000 		.4byte	.LVL5
 566 01b4 58030000 		.4byte	0x358
 567 01b8 09       		.uleb128 0x9
 568 01b9 38000000 		.4byte	.LVL6
 569 01bd 5F030000 		.4byte	0x35f
 570 01c1 0A       		.uleb128 0xa
 571 01c2 40000000 		.4byte	.LVL7
 572 01c6 66030000 		.4byte	0x366
 573 01ca DB010000 		.4byte	0x1db
 574 01ce 0B       		.uleb128 0xb
 575 01cf 01       		.uleb128 0x1
 576 01d0 51       		.byte	0x51
 577 01d1 02       		.uleb128 0x2
 578 01d2 74       		.byte	0x74
 579 01d3 00       		.sleb128 0
 580 01d4 0B       		.uleb128 0xb
 581 01d5 01       		.uleb128 0x1
 582 01d6 50       		.byte	0x50
 583 01d7 02       		.uleb128 0x2
 584 01d8 74       		.byte	0x74
ARM GAS  C:\Users\lenovo\AppData\Local\Temp\ccmK4yEC.s 			page 14


 585 01d9 00       		.sleb128 0
 586 01da 00       		.byte	0
 587 01db 09       		.uleb128 0x9
 588 01dc 44000000 		.4byte	.LVL8
 589 01e0 7D030000 		.4byte	0x37d
 590 01e4 09       		.uleb128 0x9
 591 01e5 4C000000 		.4byte	.LVL9
 592 01e9 89030000 		.4byte	0x389
 593 01ed 09       		.uleb128 0x9
 594 01ee 5C000000 		.4byte	.LVL11
 595 01f2 94030000 		.4byte	0x394
 596 01f6 09       		.uleb128 0x9
 597 01f7 60000000 		.4byte	.LVL12
 598 01fb 9B030000 		.4byte	0x39b
 599 01ff 09       		.uleb128 0x9
 600 0200 64000000 		.4byte	.LVL13
 601 0204 A2030000 		.4byte	0x3a2
 602 0208 0A       		.uleb128 0xa
 603 0209 6E000000 		.4byte	.LVL14
 604 020d AD030000 		.4byte	0x3ad
 605 0211 1B020000 		.4byte	0x21b
 606 0215 0B       		.uleb128 0xb
 607 0216 01       		.uleb128 0x1
 608 0217 50       		.byte	0x50
 609 0218 01       		.uleb128 0x1
 610 0219 32       		.byte	0x32
 611 021a 00       		.byte	0
 612 021b 0A       		.uleb128 0xa
 613 021c 76000000 		.4byte	.LVL16
 614 0220 AD030000 		.4byte	0x3ad
 615 0224 2E020000 		.4byte	0x22e
 616 0228 0B       		.uleb128 0xb
 617 0229 01       		.uleb128 0x1
 618 022a 50       		.byte	0x50
 619 022b 01       		.uleb128 0x1
 620 022c 31       		.byte	0x31
 621 022d 00       		.byte	0
 622 022e 0A       		.uleb128 0xa
 623 022f 7E000000 		.4byte	.LVL18
 624 0233 C2030000 		.4byte	0x3c2
 625 0237 41020000 		.4byte	0x241
 626 023b 0B       		.uleb128 0xb
 627 023c 01       		.uleb128 0x1
 628 023d 50       		.byte	0x50
 629 023e 01       		.uleb128 0x1
 630 023f 30       		.byte	0x30
 631 0240 00       		.byte	0
 632 0241 0A       		.uleb128 0xa
 633 0242 CA000000 		.4byte	.LVL31
 634 0246 D7030000 		.4byte	0x3d7
 635 024a 55020000 		.4byte	0x255
 636 024e 0B       		.uleb128 0xb
 637 024f 01       		.uleb128 0x1
 638 0250 50       		.byte	0x50
 639 0251 02       		.uleb128 0x2
 640 0252 74       		.byte	0x74
 641 0253 00       		.sleb128 0
ARM GAS  C:\Users\lenovo\AppData\Local\Temp\ccmK4yEC.s 			page 15


 642 0254 00       		.byte	0
 643 0255 0A       		.uleb128 0xa
 644 0256 32010000 		.4byte	.LVL32
 645 025a 26030000 		.4byte	0x326
 646 025e 6D020000 		.4byte	0x26d
 647 0262 0B       		.uleb128 0xb
 648 0263 01       		.uleb128 0x1
 649 0264 51       		.byte	0x51
 650 0265 01       		.uleb128 0x1
 651 0266 30       		.byte	0x30
 652 0267 0B       		.uleb128 0xb
 653 0268 01       		.uleb128 0x1
 654 0269 50       		.byte	0x50
 655 026a 01       		.uleb128 0x1
 656 026b 31       		.byte	0x31
 657 026c 00       		.byte	0
 658 026d 0A       		.uleb128 0xa
 659 026e 38010000 		.4byte	.LVL33
 660 0272 3C030000 		.4byte	0x33c
 661 0276 81020000 		.4byte	0x281
 662 027a 0B       		.uleb128 0xb
 663 027b 01       		.uleb128 0x1
 664 027c 50       		.byte	0x50
 665 027d 02       		.uleb128 0x2
 666 027e 7D       		.byte	0x7d
 667 027f 00       		.sleb128 0
 668 0280 00       		.byte	0
 669 0281 09       		.uleb128 0x9
 670 0282 42010000 		.4byte	.LVL34
 671 0286 E8030000 		.4byte	0x3e8
 672 028a 0A       		.uleb128 0xa
 673 028b 4C010000 		.4byte	.LVL35
 674 028f F3030000 		.4byte	0x3f3
 675 0293 9E020000 		.4byte	0x29e
 676 0297 0B       		.uleb128 0xb
 677 0298 01       		.uleb128 0x1
 678 0299 50       		.byte	0x50
 679 029a 02       		.uleb128 0x2
 680 029b 7D       		.byte	0x7d
 681 029c 00       		.sleb128 0
 682 029d 00       		.byte	0
 683 029e 0C       		.uleb128 0xc
 684 029f 54010000 		.4byte	.LVL37
 685 02a3 04040000 		.4byte	0x404
 686 02a7 0B       		.uleb128 0xb
 687 02a8 01       		.uleb128 0x1
 688 02a9 50       		.byte	0x50
 689 02aa 02       		.uleb128 0x2
 690 02ab 08       		.byte	0x8
 691 02ac 50       		.byte	0x50
 692 02ad 00       		.byte	0
 693 02ae 00       		.byte	0
 694 02af 0D       		.uleb128 0xd
 695 02b0 B3000000 		.4byte	0xb3
 696 02b4 BF020000 		.4byte	0x2bf
 697 02b8 0E       		.uleb128 0xe
 698 02b9 C6000000 		.4byte	0xc6
ARM GAS  C:\Users\lenovo\AppData\Local\Temp\ccmK4yEC.s 			page 16


 699 02bd 05       		.byte	0x5
 700 02be 00       		.byte	0
 701 02bf 0F       		.uleb128 0xf
 702 02c0 27010000 		.4byte	.LASF28
 703 02c4 05       		.byte	0x5
 704 02c5 9606     		.2byte	0x696
 705 02c7 CB020000 		.4byte	0x2cb
 706 02cb 10       		.uleb128 0x10
 707 02cc 76000000 		.4byte	0x76
 708 02d0 0D       		.uleb128 0xd
 709 02d1 E0020000 		.4byte	0x2e0
 710 02d5 E0020000 		.4byte	0x2e0
 711 02d9 0E       		.uleb128 0xe
 712 02da C6000000 		.4byte	0xc6
 713 02de 04       		.byte	0x4
 714 02df 00       		.byte	0
 715 02e0 11       		.uleb128 0x11
 716 02e1 04       		.byte	0x4
 717 02e2 B3000000 		.4byte	0xb3
 718 02e6 12       		.uleb128 0x12
 719 02e7 34010000 		.4byte	.LASF29
 720 02eb 01       		.byte	0x1
 721 02ec 1A       		.byte	0x1a
 722 02ed D0020000 		.4byte	0x2d0
 723 02f1 05       		.uleb128 0x5
 724 02f2 03       		.byte	0x3
 725 02f3 00000000 		.4byte	parity
 726 02f7 0D       		.uleb128 0xd
 727 02f8 E0020000 		.4byte	0x2e0
 728 02fc 07030000 		.4byte	0x307
 729 0300 0E       		.uleb128 0xe
 730 0301 C6000000 		.4byte	0xc6
 731 0305 02       		.byte	0x2
 732 0306 00       		.byte	0
 733 0307 12       		.uleb128 0x12
 734 0308 22010000 		.4byte	.LASF30
 735 030c 01       		.byte	0x1
 736 030d 1B       		.byte	0x1b
 737 030e F7020000 		.4byte	0x2f7
 738 0312 05       		.uleb128 0x5
 739 0313 03       		.byte	0x3
 740 0314 00000000 		.4byte	stop
 741 0318 13       		.uleb128 0x13
 742 0319 F7020000 		.4byte	.LASF31
 743 031d 06       		.byte	0x6
 744 031e 92       		.byte	0x92
 745 031f 13       		.uleb128 0x13
 746 0320 8F000000 		.4byte	.LASF32
 747 0324 07       		.byte	0x7
 748 0325 38       		.byte	0x38
 749 0326 14       		.uleb128 0x14
 750 0327 8B020000 		.4byte	.LASF33
 751 032b 07       		.byte	0x7
 752 032c 3D       		.byte	0x3d
 753 032d 3C030000 		.4byte	0x33c
 754 0331 15       		.uleb128 0x15
 755 0332 81000000 		.4byte	0x81
ARM GAS  C:\Users\lenovo\AppData\Local\Temp\ccmK4yEC.s 			page 17


 756 0336 15       		.uleb128 0x15
 757 0337 81000000 		.4byte	0x81
 758 033b 00       		.byte	0
 759 033c 14       		.uleb128 0x14
 760 033d 8D010000 		.4byte	.LASF34
 761 0341 07       		.byte	0x7
 762 0342 3C       		.byte	0x3c
 763 0343 4D030000 		.4byte	0x34d
 764 0347 15       		.uleb128 0x15
 765 0348 4D030000 		.4byte	0x34d
 766 034c 00       		.byte	0
 767 034d 11       		.uleb128 0x11
 768 034e 04       		.byte	0x4
 769 034f 53030000 		.4byte	0x353
 770 0353 16       		.uleb128 0x16
 771 0354 B3000000 		.4byte	0xb3
 772 0358 13       		.uleb128 0x13
 773 0359 1F000000 		.4byte	.LASF35
 774 035d 08       		.byte	0x8
 775 035e 93       		.byte	0x93
 776 035f 13       		.uleb128 0x13
 777 0360 5F030000 		.4byte	.LASF36
 778 0364 09       		.byte	0x9
 779 0365 97       		.byte	0x97
 780 0366 17       		.uleb128 0x17
 781 0367 39020000 		.4byte	.LASF37
 782 036b 0A       		.byte	0xa
 783 036c 2E01     		.2byte	0x12e
 784 036e 7D030000 		.4byte	0x37d
 785 0372 15       		.uleb128 0x15
 786 0373 81000000 		.4byte	0x81
 787 0377 15       		.uleb128 0x15
 788 0378 81000000 		.4byte	0x81
 789 037c 00       		.byte	0
 790 037d 18       		.uleb128 0x18
 791 037e 47000000 		.4byte	.LASF38
 792 0382 0A       		.byte	0xa
 793 0383 3101     		.2byte	0x131
 794 0385 81000000 		.4byte	0x81
 795 0389 19       		.uleb128 0x19
 796 038a 63020000 		.4byte	.LASF39
 797 038e 0B       		.byte	0xb
 798 038f 22       		.byte	0x22
 799 0390 81000000 		.4byte	0x81
 800 0394 13       		.uleb128 0x13
 801 0395 B2020000 		.4byte	.LASF40
 802 0399 09       		.byte	0x9
 803 039a 9B       		.byte	0x9b
 804 039b 13       		.uleb128 0x13
 805 039c 9F000000 		.4byte	.LASF41
 806 03a0 08       		.byte	0x8
 807 03a1 9B       		.byte	0x9b
 808 03a2 19       		.uleb128 0x19
 809 03a3 C9000000 		.4byte	.LASF42
 810 03a7 08       		.byte	0x8
 811 03a8 99       		.byte	0x99
 812 03a9 81000000 		.4byte	0x81
ARM GAS  C:\Users\lenovo\AppData\Local\Temp\ccmK4yEC.s 			page 18


 813 03ad 1A       		.uleb128 0x1a
 814 03ae 36030000 		.4byte	.LASF43
 815 03b2 09       		.byte	0x9
 816 03b3 9D       		.byte	0x9d
 817 03b4 81000000 		.4byte	0x81
 818 03b8 C2030000 		.4byte	0x3c2
 819 03bc 15       		.uleb128 0x15
 820 03bd 81000000 		.4byte	0x81
 821 03c1 00       		.byte	0
 822 03c2 1A       		.uleb128 0x1a
 823 03c3 1E030000 		.4byte	.LASF44
 824 03c7 09       		.byte	0x9
 825 03c8 A7       		.byte	0xa7
 826 03c9 8D000000 		.4byte	0x8d
 827 03cd D7030000 		.4byte	0x3d7
 828 03d1 15       		.uleb128 0x15
 829 03d2 81000000 		.4byte	0x81
 830 03d6 00       		.byte	0
 831 03d7 14       		.uleb128 0x14
 832 03d8 77010000 		.4byte	.LASF45
 833 03dc 06       		.byte	0x6
 834 03dd C3       		.byte	0xc3
 835 03de E8030000 		.4byte	0x3e8
 836 03e2 15       		.uleb128 0x15
 837 03e3 81000000 		.4byte	0x81
 838 03e7 00       		.byte	0
 839 03e8 19       		.uleb128 0x19
 840 03e9 76000000 		.4byte	.LASF46
 841 03ed 0B       		.byte	0xb
 842 03ee 28       		.byte	0x28
 843 03ef 81000000 		.4byte	0x81
 844 03f3 14       		.uleb128 0x14
 845 03f4 2E000000 		.4byte	.LASF47
 846 03f8 0B       		.byte	0xb
 847 03f9 24       		.byte	0x24
 848 03fa 04040000 		.4byte	0x404
 849 03fe 15       		.uleb128 0x15
 850 03ff 4D030000 		.4byte	0x34d
 851 0403 00       		.byte	0
 852 0404 1B       		.uleb128 0x1b
 853 0405 8F030000 		.4byte	.LASF52
 854 0409 0C       		.byte	0xc
 855 040a 76       		.byte	0x76
 856 040b 15       		.uleb128 0x15
 857 040c 99000000 		.4byte	0x99
 858 0410 00       		.byte	0
 859 0411 00       		.byte	0
 860              		.section	.debug_abbrev,"",%progbits
 861              	.Ldebug_abbrev0:
 862 0000 01       		.uleb128 0x1
 863 0001 11       		.uleb128 0x11
 864 0002 01       		.byte	0x1
 865 0003 25       		.uleb128 0x25
 866 0004 0E       		.uleb128 0xe
 867 0005 13       		.uleb128 0x13
 868 0006 0B       		.uleb128 0xb
 869 0007 03       		.uleb128 0x3
ARM GAS  C:\Users\lenovo\AppData\Local\Temp\ccmK4yEC.s 			page 19


 870 0008 0E       		.uleb128 0xe
 871 0009 1B       		.uleb128 0x1b
 872 000a 0E       		.uleb128 0xe
 873 000b 55       		.uleb128 0x55
 874 000c 17       		.uleb128 0x17
 875 000d 11       		.uleb128 0x11
 876 000e 01       		.uleb128 0x1
 877 000f 10       		.uleb128 0x10
 878 0010 17       		.uleb128 0x17
 879 0011 00       		.byte	0
 880 0012 00       		.byte	0
 881 0013 02       		.uleb128 0x2
 882 0014 24       		.uleb128 0x24
 883 0015 00       		.byte	0
 884 0016 0B       		.uleb128 0xb
 885 0017 0B       		.uleb128 0xb
 886 0018 3E       		.uleb128 0x3e
 887 0019 0B       		.uleb128 0xb
 888 001a 03       		.uleb128 0x3
 889 001b 0E       		.uleb128 0xe
 890 001c 00       		.byte	0
 891 001d 00       		.byte	0
 892 001e 03       		.uleb128 0x3
 893 001f 16       		.uleb128 0x16
 894 0020 00       		.byte	0
 895 0021 03       		.uleb128 0x3
 896 0022 0E       		.uleb128 0xe
 897 0023 3A       		.uleb128 0x3a
 898 0024 0B       		.uleb128 0xb
 899 0025 3B       		.uleb128 0x3b
 900 0026 0B       		.uleb128 0xb
 901 0027 49       		.uleb128 0x49
 902 0028 13       		.uleb128 0x13
 903 0029 00       		.byte	0
 904 002a 00       		.byte	0
 905 002b 04       		.uleb128 0x4
 906 002c 24       		.uleb128 0x24
 907 002d 00       		.byte	0
 908 002e 0B       		.uleb128 0xb
 909 002f 0B       		.uleb128 0xb
 910 0030 3E       		.uleb128 0x3e
 911 0031 0B       		.uleb128 0xb
 912 0032 03       		.uleb128 0x3
 913 0033 08       		.uleb128 0x8
 914 0034 00       		.byte	0
 915 0035 00       		.byte	0
 916 0036 05       		.uleb128 0x5
 917 0037 16       		.uleb128 0x16
 918 0038 00       		.byte	0
 919 0039 03       		.uleb128 0x3
 920 003a 0E       		.uleb128 0xe
 921 003b 3A       		.uleb128 0x3a
 922 003c 0B       		.uleb128 0xb
 923 003d 3B       		.uleb128 0x3b
 924 003e 05       		.uleb128 0x5
 925 003f 49       		.uleb128 0x49
 926 0040 13       		.uleb128 0x13
ARM GAS  C:\Users\lenovo\AppData\Local\Temp\ccmK4yEC.s 			page 20


 927 0041 00       		.byte	0
 928 0042 00       		.byte	0
 929 0043 06       		.uleb128 0x6
 930 0044 2E       		.uleb128 0x2e
 931 0045 01       		.byte	0x1
 932 0046 3F       		.uleb128 0x3f
 933 0047 19       		.uleb128 0x19
 934 0048 03       		.uleb128 0x3
 935 0049 0E       		.uleb128 0xe
 936 004a 3A       		.uleb128 0x3a
 937 004b 0B       		.uleb128 0xb
 938 004c 3B       		.uleb128 0x3b
 939 004d 0B       		.uleb128 0xb
 940 004e 49       		.uleb128 0x49
 941 004f 13       		.uleb128 0x13
 942 0050 11       		.uleb128 0x11
 943 0051 01       		.uleb128 0x1
 944 0052 12       		.uleb128 0x12
 945 0053 06       		.uleb128 0x6
 946 0054 40       		.uleb128 0x40
 947 0055 18       		.uleb128 0x18
 948 0056 9742     		.uleb128 0x2117
 949 0058 19       		.uleb128 0x19
 950 0059 01       		.uleb128 0x1
 951 005a 13       		.uleb128 0x13
 952 005b 00       		.byte	0
 953 005c 00       		.byte	0
 954 005d 07       		.uleb128 0x7
 955 005e 34       		.uleb128 0x34
 956 005f 00       		.byte	0
 957 0060 03       		.uleb128 0x3
 958 0061 0E       		.uleb128 0xe
 959 0062 3A       		.uleb128 0x3a
 960 0063 0B       		.uleb128 0xb
 961 0064 3B       		.uleb128 0x3b
 962 0065 0B       		.uleb128 0xb
 963 0066 49       		.uleb128 0x49
 964 0067 13       		.uleb128 0x13
 965 0068 02       		.uleb128 0x2
 966 0069 18       		.uleb128 0x18
 967 006a 00       		.byte	0
 968 006b 00       		.byte	0
 969 006c 08       		.uleb128 0x8
 970 006d 34       		.uleb128 0x34
 971 006e 00       		.byte	0
 972 006f 03       		.uleb128 0x3
 973 0070 0E       		.uleb128 0xe
 974 0071 3A       		.uleb128 0x3a
 975 0072 0B       		.uleb128 0xb
 976 0073 3B       		.uleb128 0x3b
 977 0074 0B       		.uleb128 0xb
 978 0075 49       		.uleb128 0x49
 979 0076 13       		.uleb128 0x13
 980 0077 02       		.uleb128 0x2
 981 0078 17       		.uleb128 0x17
 982 0079 00       		.byte	0
 983 007a 00       		.byte	0
ARM GAS  C:\Users\lenovo\AppData\Local\Temp\ccmK4yEC.s 			page 21


 984 007b 09       		.uleb128 0x9
 985 007c 898201   		.uleb128 0x4109
 986 007f 00       		.byte	0
 987 0080 11       		.uleb128 0x11
 988 0081 01       		.uleb128 0x1
 989 0082 31       		.uleb128 0x31
 990 0083 13       		.uleb128 0x13
 991 0084 00       		.byte	0
 992 0085 00       		.byte	0
 993 0086 0A       		.uleb128 0xa
 994 0087 898201   		.uleb128 0x4109
 995 008a 01       		.byte	0x1
 996 008b 11       		.uleb128 0x11
 997 008c 01       		.uleb128 0x1
 998 008d 31       		.uleb128 0x31
 999 008e 13       		.uleb128 0x13
 1000 008f 01       		.uleb128 0x1
 1001 0090 13       		.uleb128 0x13
 1002 0091 00       		.byte	0
 1003 0092 00       		.byte	0
 1004 0093 0B       		.uleb128 0xb
 1005 0094 8A8201   		.uleb128 0x410a
 1006 0097 00       		.byte	0
 1007 0098 02       		.uleb128 0x2
 1008 0099 18       		.uleb128 0x18
 1009 009a 9142     		.uleb128 0x2111
 1010 009c 18       		.uleb128 0x18
 1011 009d 00       		.byte	0
 1012 009e 00       		.byte	0
 1013 009f 0C       		.uleb128 0xc
 1014 00a0 898201   		.uleb128 0x4109
 1015 00a3 01       		.byte	0x1
 1016 00a4 11       		.uleb128 0x11
 1017 00a5 01       		.uleb128 0x1
 1018 00a6 31       		.uleb128 0x31
 1019 00a7 13       		.uleb128 0x13
 1020 00a8 00       		.byte	0
 1021 00a9 00       		.byte	0
 1022 00aa 0D       		.uleb128 0xd
 1023 00ab 01       		.uleb128 0x1
 1024 00ac 01       		.byte	0x1
 1025 00ad 49       		.uleb128 0x49
 1026 00ae 13       		.uleb128 0x13
 1027 00af 01       		.uleb128 0x1
 1028 00b0 13       		.uleb128 0x13
 1029 00b1 00       		.byte	0
 1030 00b2 00       		.byte	0
 1031 00b3 0E       		.uleb128 0xe
 1032 00b4 21       		.uleb128 0x21
 1033 00b5 00       		.byte	0
 1034 00b6 49       		.uleb128 0x49
 1035 00b7 13       		.uleb128 0x13
 1036 00b8 2F       		.uleb128 0x2f
 1037 00b9 0B       		.uleb128 0xb
 1038 00ba 00       		.byte	0
 1039 00bb 00       		.byte	0
 1040 00bc 0F       		.uleb128 0xf
ARM GAS  C:\Users\lenovo\AppData\Local\Temp\ccmK4yEC.s 			page 22


 1041 00bd 34       		.uleb128 0x34
 1042 00be 00       		.byte	0
 1043 00bf 03       		.uleb128 0x3
 1044 00c0 0E       		.uleb128 0xe
 1045 00c1 3A       		.uleb128 0x3a
 1046 00c2 0B       		.uleb128 0xb
 1047 00c3 3B       		.uleb128 0x3b
 1048 00c4 05       		.uleb128 0x5
 1049 00c5 49       		.uleb128 0x49
 1050 00c6 13       		.uleb128 0x13
 1051 00c7 3F       		.uleb128 0x3f
 1052 00c8 19       		.uleb128 0x19
 1053 00c9 3C       		.uleb128 0x3c
 1054 00ca 19       		.uleb128 0x19
 1055 00cb 00       		.byte	0
 1056 00cc 00       		.byte	0
 1057 00cd 10       		.uleb128 0x10
 1058 00ce 35       		.uleb128 0x35
 1059 00cf 00       		.byte	0
 1060 00d0 49       		.uleb128 0x49
 1061 00d1 13       		.uleb128 0x13
 1062 00d2 00       		.byte	0
 1063 00d3 00       		.byte	0
 1064 00d4 11       		.uleb128 0x11
 1065 00d5 0F       		.uleb128 0xf
 1066 00d6 00       		.byte	0
 1067 00d7 0B       		.uleb128 0xb
 1068 00d8 0B       		.uleb128 0xb
 1069 00d9 49       		.uleb128 0x49
 1070 00da 13       		.uleb128 0x13
 1071 00db 00       		.byte	0
 1072 00dc 00       		.byte	0
 1073 00dd 12       		.uleb128 0x12
 1074 00de 34       		.uleb128 0x34
 1075 00df 00       		.byte	0
 1076 00e0 03       		.uleb128 0x3
 1077 00e1 0E       		.uleb128 0xe
 1078 00e2 3A       		.uleb128 0x3a
 1079 00e3 0B       		.uleb128 0xb
 1080 00e4 3B       		.uleb128 0x3b
 1081 00e5 0B       		.uleb128 0xb
 1082 00e6 49       		.uleb128 0x49
 1083 00e7 13       		.uleb128 0x13
 1084 00e8 3F       		.uleb128 0x3f
 1085 00e9 19       		.uleb128 0x19
 1086 00ea 02       		.uleb128 0x2
 1087 00eb 18       		.uleb128 0x18
 1088 00ec 00       		.byte	0
 1089 00ed 00       		.byte	0
 1090 00ee 13       		.uleb128 0x13
 1091 00ef 2E       		.uleb128 0x2e
 1092 00f0 00       		.byte	0
 1093 00f1 3F       		.uleb128 0x3f
 1094 00f2 19       		.uleb128 0x19
 1095 00f3 03       		.uleb128 0x3
 1096 00f4 0E       		.uleb128 0xe
 1097 00f5 3A       		.uleb128 0x3a
ARM GAS  C:\Users\lenovo\AppData\Local\Temp\ccmK4yEC.s 			page 23


 1098 00f6 0B       		.uleb128 0xb
 1099 00f7 3B       		.uleb128 0x3b
 1100 00f8 0B       		.uleb128 0xb
 1101 00f9 27       		.uleb128 0x27
 1102 00fa 19       		.uleb128 0x19
 1103 00fb 3C       		.uleb128 0x3c
 1104 00fc 19       		.uleb128 0x19
 1105 00fd 00       		.byte	0
 1106 00fe 00       		.byte	0
 1107 00ff 14       		.uleb128 0x14
 1108 0100 2E       		.uleb128 0x2e
 1109 0101 01       		.byte	0x1
 1110 0102 3F       		.uleb128 0x3f
 1111 0103 19       		.uleb128 0x19
 1112 0104 03       		.uleb128 0x3
 1113 0105 0E       		.uleb128 0xe
 1114 0106 3A       		.uleb128 0x3a
 1115 0107 0B       		.uleb128 0xb
 1116 0108 3B       		.uleb128 0x3b
 1117 0109 0B       		.uleb128 0xb
 1118 010a 27       		.uleb128 0x27
 1119 010b 19       		.uleb128 0x19
 1120 010c 3C       		.uleb128 0x3c
 1121 010d 19       		.uleb128 0x19
 1122 010e 01       		.uleb128 0x1
 1123 010f 13       		.uleb128 0x13
 1124 0110 00       		.byte	0
 1125 0111 00       		.byte	0
 1126 0112 15       		.uleb128 0x15
 1127 0113 05       		.uleb128 0x5
 1128 0114 00       		.byte	0
 1129 0115 49       		.uleb128 0x49
 1130 0116 13       		.uleb128 0x13
 1131 0117 00       		.byte	0
 1132 0118 00       		.byte	0
 1133 0119 16       		.uleb128 0x16
 1134 011a 26       		.uleb128 0x26
 1135 011b 00       		.byte	0
 1136 011c 49       		.uleb128 0x49
 1137 011d 13       		.uleb128 0x13
 1138 011e 00       		.byte	0
 1139 011f 00       		.byte	0
 1140 0120 17       		.uleb128 0x17
 1141 0121 2E       		.uleb128 0x2e
 1142 0122 01       		.byte	0x1
 1143 0123 3F       		.uleb128 0x3f
 1144 0124 19       		.uleb128 0x19
 1145 0125 03       		.uleb128 0x3
 1146 0126 0E       		.uleb128 0xe
 1147 0127 3A       		.uleb128 0x3a
 1148 0128 0B       		.uleb128 0xb
 1149 0129 3B       		.uleb128 0x3b
 1150 012a 05       		.uleb128 0x5
 1151 012b 27       		.uleb128 0x27
 1152 012c 19       		.uleb128 0x19
 1153 012d 3C       		.uleb128 0x3c
 1154 012e 19       		.uleb128 0x19
ARM GAS  C:\Users\lenovo\AppData\Local\Temp\ccmK4yEC.s 			page 24


 1155 012f 01       		.uleb128 0x1
 1156 0130 13       		.uleb128 0x13
 1157 0131 00       		.byte	0
 1158 0132 00       		.byte	0
 1159 0133 18       		.uleb128 0x18
 1160 0134 2E       		.uleb128 0x2e
 1161 0135 00       		.byte	0
 1162 0136 3F       		.uleb128 0x3f
 1163 0137 19       		.uleb128 0x19
 1164 0138 03       		.uleb128 0x3
 1165 0139 0E       		.uleb128 0xe
 1166 013a 3A       		.uleb128 0x3a
 1167 013b 0B       		.uleb128 0xb
 1168 013c 3B       		.uleb128 0x3b
 1169 013d 05       		.uleb128 0x5
 1170 013e 27       		.uleb128 0x27
 1171 013f 19       		.uleb128 0x19
 1172 0140 49       		.uleb128 0x49
 1173 0141 13       		.uleb128 0x13
 1174 0142 3C       		.uleb128 0x3c
 1175 0143 19       		.uleb128 0x19
 1176 0144 00       		.byte	0
 1177 0145 00       		.byte	0
 1178 0146 19       		.uleb128 0x19
 1179 0147 2E       		.uleb128 0x2e
 1180 0148 00       		.byte	0
 1181 0149 3F       		.uleb128 0x3f
 1182 014a 19       		.uleb128 0x19
 1183 014b 03       		.uleb128 0x3
 1184 014c 0E       		.uleb128 0xe
 1185 014d 3A       		.uleb128 0x3a
 1186 014e 0B       		.uleb128 0xb
 1187 014f 3B       		.uleb128 0x3b
 1188 0150 0B       		.uleb128 0xb
 1189 0151 27       		.uleb128 0x27
 1190 0152 19       		.uleb128 0x19
 1191 0153 49       		.uleb128 0x49
 1192 0154 13       		.uleb128 0x13
 1193 0155 3C       		.uleb128 0x3c
 1194 0156 19       		.uleb128 0x19
 1195 0157 00       		.byte	0
 1196 0158 00       		.byte	0
 1197 0159 1A       		.uleb128 0x1a
 1198 015a 2E       		.uleb128 0x2e
 1199 015b 01       		.byte	0x1
 1200 015c 3F       		.uleb128 0x3f
 1201 015d 19       		.uleb128 0x19
 1202 015e 03       		.uleb128 0x3
 1203 015f 0E       		.uleb128 0xe
 1204 0160 3A       		.uleb128 0x3a
 1205 0161 0B       		.uleb128 0xb
 1206 0162 3B       		.uleb128 0x3b
 1207 0163 0B       		.uleb128 0xb
 1208 0164 27       		.uleb128 0x27
 1209 0165 19       		.uleb128 0x19
 1210 0166 49       		.uleb128 0x49
 1211 0167 13       		.uleb128 0x13
ARM GAS  C:\Users\lenovo\AppData\Local\Temp\ccmK4yEC.s 			page 25


 1212 0168 3C       		.uleb128 0x3c
 1213 0169 19       		.uleb128 0x19
 1214 016a 01       		.uleb128 0x1
 1215 016b 13       		.uleb128 0x13
 1216 016c 00       		.byte	0
 1217 016d 00       		.byte	0
 1218 016e 1B       		.uleb128 0x1b
 1219 016f 2E       		.uleb128 0x2e
 1220 0170 01       		.byte	0x1
 1221 0171 3F       		.uleb128 0x3f
 1222 0172 19       		.uleb128 0x19
 1223 0173 03       		.uleb128 0x3
 1224 0174 0E       		.uleb128 0xe
 1225 0175 3A       		.uleb128 0x3a
 1226 0176 0B       		.uleb128 0xb
 1227 0177 3B       		.uleb128 0x3b
 1228 0178 0B       		.uleb128 0xb
 1229 0179 27       		.uleb128 0x27
 1230 017a 19       		.uleb128 0x19
 1231 017b 3C       		.uleb128 0x3c
 1232 017c 19       		.uleb128 0x19
 1233 017d 00       		.byte	0
 1234 017e 00       		.byte	0
 1235 017f 00       		.byte	0
 1236              		.section	.debug_loc,"",%progbits
 1237              	.Ldebug_loc0:
 1238              	.LLST0:
 1239 0000 18000000 		.4byte	.LVL0
 1240 0004 58000000 		.4byte	.LVL10
 1241 0008 0200     		.2byte	0x2
 1242 000a 30       		.byte	0x30
 1243 000b 9F       		.byte	0x9f
 1244 000c 78000000 		.4byte	.LVL17
 1245 0010 4E010000 		.4byte	.LVL36
 1246 0014 0100     		.2byte	0x1
 1247 0016 59       		.byte	0x59
 1248 0017 00000000 		.4byte	0
 1249 001b 00000000 		.4byte	0
 1250              	.LLST1:
 1251 001f 18000000 		.4byte	.LVL0
 1252 0023 58000000 		.4byte	.LVL10
 1253 0027 0200     		.2byte	0x2
 1254 0029 30       		.byte	0x30
 1255 002a 9F       		.byte	0x9f
 1256 002b 70000000 		.4byte	.LVL15
 1257 002f 4E010000 		.4byte	.LVL36
 1258 0033 0100     		.2byte	0x1
 1259 0035 5A       		.byte	0x5a
 1260 0036 00000000 		.4byte	0
 1261 003a 00000000 		.4byte	0
 1262              	.LLST2:
 1263 003e 18000000 		.4byte	.LVL0
 1264 0042 58000000 		.4byte	.LVL10
 1265 0046 0300     		.2byte	0x3
 1266 0048 08       		.byte	0x8
 1267 0049 FF       		.byte	0xff
 1268 004a 9F       		.byte	0x9f
ARM GAS  C:\Users\lenovo\AppData\Local\Temp\ccmK4yEC.s 			page 26


 1269 004b 80000000 		.4byte	.LVL19
 1270 004f C6000000 		.4byte	.LVL30
 1271 0053 0100     		.2byte	0x1
 1272 0055 50       		.byte	0x50
 1273 0056 00000000 		.4byte	0
 1274 005a 00000000 		.4byte	0
 1275              	.LLST3:
 1276 005e 18000000 		.4byte	.LVL0
 1277 0062 58000000 		.4byte	.LVL10
 1278 0066 0200     		.2byte	0x2
 1279 0068 30       		.byte	0x30
 1280 0069 9F       		.byte	0x9f
 1281 006a 58000000 		.4byte	.LVL10
 1282 006e 8E000000 		.4byte	.LVL20
 1283 0072 0100     		.2byte	0x1
 1284 0074 54       		.byte	0x54
 1285 0075 90000000 		.4byte	.LVL21
 1286 0079 A2000000 		.4byte	.LVL23
 1287 007d 0100     		.2byte	0x1
 1288 007f 54       		.byte	0x54
 1289 0080 A4000000 		.4byte	.LVL24
 1290 0084 64010000 		.4byte	.LFE63
 1291 0088 0100     		.2byte	0x1
 1292 008a 54       		.byte	0x54
 1293 008b 00000000 		.4byte	0
 1294 008f 00000000 		.4byte	0
 1295              	.LLST4:
 1296 0093 18000000 		.4byte	.LVL0
 1297 0097 58000000 		.4byte	.LVL10
 1298 009b 0200     		.2byte	0x2
 1299 009d 30       		.byte	0x30
 1300 009e 9F       		.byte	0x9f
 1301 009f 58000000 		.4byte	.LVL10
 1302 00a3 90000000 		.4byte	.LVL21
 1303 00a7 0100     		.2byte	0x1
 1304 00a9 56       		.byte	0x56
 1305 00aa 90000000 		.4byte	.LVL21
 1306 00ae 96000000 		.4byte	.LVL22
 1307 00b2 0200     		.2byte	0x2
 1308 00b4 31       		.byte	0x31
 1309 00b5 9F       		.byte	0x9f
 1310 00b6 96000000 		.4byte	.LVL22
 1311 00ba A4000000 		.4byte	.LVL24
 1312 00be 0100     		.2byte	0x1
 1313 00c0 56       		.byte	0x56
 1314 00c1 A4000000 		.4byte	.LVL24
 1315 00c5 AA000000 		.4byte	.LVL25
 1316 00c9 0200     		.2byte	0x2
 1317 00cb 30       		.byte	0x30
 1318 00cc 9F       		.byte	0x9f
 1319 00cd AA000000 		.4byte	.LVL25
 1320 00d1 B4000000 		.4byte	.LVL26
 1321 00d5 0100     		.2byte	0x1
 1322 00d7 56       		.byte	0x56
 1323 00d8 B4000000 		.4byte	.LVL26
 1324 00dc BC000000 		.4byte	.LVL27
 1325 00e0 0200     		.2byte	0x2
ARM GAS  C:\Users\lenovo\AppData\Local\Temp\ccmK4yEC.s 			page 27


 1326 00e2 30       		.byte	0x30
 1327 00e3 9F       		.byte	0x9f
 1328 00e4 BC000000 		.4byte	.LVL27
 1329 00e8 64010000 		.4byte	.LFE63
 1330 00ec 0100     		.2byte	0x1
 1331 00ee 56       		.byte	0x56
 1332 00ef 00000000 		.4byte	0
 1333 00f3 00000000 		.4byte	0
 1334              	.LLST5:
 1335 00f7 18000000 		.4byte	.LVL0
 1336 00fb 58000000 		.4byte	.LVL10
 1337 00ff 0200     		.2byte	0x2
 1338 0101 30       		.byte	0x30
 1339 0102 9F       		.byte	0x9f
 1340 0103 58000000 		.4byte	.LVL10
 1341 0107 90000000 		.4byte	.LVL21
 1342 010b 0100     		.2byte	0x1
 1343 010d 55       		.byte	0x55
 1344 010e 90000000 		.4byte	.LVL21
 1345 0112 96000000 		.4byte	.LVL22
 1346 0116 0200     		.2byte	0x2
 1347 0118 30       		.byte	0x30
 1348 0119 9F       		.byte	0x9f
 1349 011a 96000000 		.4byte	.LVL22
 1350 011e A4000000 		.4byte	.LVL24
 1351 0122 0100     		.2byte	0x1
 1352 0124 55       		.byte	0x55
 1353 0125 A4000000 		.4byte	.LVL24
 1354 0129 AA000000 		.4byte	.LVL25
 1355 012d 0200     		.2byte	0x2
 1356 012f 31       		.byte	0x31
 1357 0130 9F       		.byte	0x9f
 1358 0131 AA000000 		.4byte	.LVL25
 1359 0135 B4000000 		.4byte	.LVL26
 1360 0139 0100     		.2byte	0x1
 1361 013b 55       		.byte	0x55
 1362 013c B4000000 		.4byte	.LVL26
 1363 0140 BC000000 		.4byte	.LVL27
 1364 0144 0200     		.2byte	0x2
 1365 0146 30       		.byte	0x30
 1366 0147 9F       		.byte	0x9f
 1367 0148 BC000000 		.4byte	.LVL27
 1368 014c BE000000 		.4byte	.LVL28
 1369 0150 0100     		.2byte	0x1
 1370 0152 55       		.byte	0x55
 1371 0153 C0000000 		.4byte	.LVL29
 1372 0157 64010000 		.4byte	.LFE63
 1373 015b 0100     		.2byte	0x1
 1374 015d 55       		.byte	0x55
 1375 015e 00000000 		.4byte	0
 1376 0162 00000000 		.4byte	0
 1377              	.LLST6:
 1378 0166 18000000 		.4byte	.LVL0
 1379 016a 58000000 		.4byte	.LVL10
 1380 016e 0300     		.2byte	0x3
 1381 0170 08       		.byte	0x8
 1382 0171 FF       		.byte	0xff
ARM GAS  C:\Users\lenovo\AppData\Local\Temp\ccmK4yEC.s 			page 28


 1383 0172 9F       		.byte	0x9f
 1384 0173 58000000 		.4byte	.LVL10
 1385 0177 B4000000 		.4byte	.LVL26
 1386 017b 0100     		.2byte	0x1
 1387 017d 57       		.byte	0x57
 1388 017e B4000000 		.4byte	.LVL26
 1389 0182 BC000000 		.4byte	.LVL27
 1390 0186 0100     		.2byte	0x1
 1391 0188 50       		.byte	0x50
 1392 0189 BC000000 		.4byte	.LVL27
 1393 018d 64010000 		.4byte	.LFE63
 1394 0191 0100     		.2byte	0x1
 1395 0193 57       		.byte	0x57
 1396 0194 00000000 		.4byte	0
 1397 0198 00000000 		.4byte	0
 1398              	.LLST7:
 1399 019c 18000000 		.4byte	.LVL0
 1400 01a0 58000000 		.4byte	.LVL10
 1401 01a4 0200     		.2byte	0x2
 1402 01a6 30       		.byte	0x30
 1403 01a7 9F       		.byte	0x9f
 1404 01a8 58000000 		.4byte	.LVL10
 1405 01ac 4C010000 		.4byte	.LVL35
 1406 01b0 0100     		.2byte	0x1
 1407 01b2 58       		.byte	0x58
 1408 01b3 4C010000 		.4byte	.LVL35
 1409 01b7 4E010000 		.4byte	.LVL36
 1410 01bb 0100     		.2byte	0x1
 1411 01bd 54       		.byte	0x54
 1412 01be 4E010000 		.4byte	.LVL36
 1413 01c2 64010000 		.4byte	.LFE63
 1414 01c6 0100     		.2byte	0x1
 1415 01c8 58       		.byte	0x58
 1416 01c9 00000000 		.4byte	0
 1417 01cd 00000000 		.4byte	0
 1418              		.section	.debug_aranges,"",%progbits
 1419 0000 1C000000 		.4byte	0x1c
 1420 0004 0200     		.2byte	0x2
 1421 0006 00000000 		.4byte	.Ldebug_info0
 1422 000a 04       		.byte	0x4
 1423 000b 00       		.byte	0
 1424 000c 0000     		.2byte	0
 1425 000e 0000     		.2byte	0
 1426 0010 00000000 		.4byte	.LFB63
 1427 0014 64010000 		.4byte	.LFE63-.LFB63
 1428 0018 00000000 		.4byte	0
 1429 001c 00000000 		.4byte	0
 1430              		.section	.debug_ranges,"",%progbits
 1431              	.Ldebug_ranges0:
 1432 0000 00000000 		.4byte	.LFB63
 1433 0004 64010000 		.4byte	.LFE63
 1434 0008 00000000 		.4byte	0
 1435 000c 00000000 		.4byte	0
 1436              		.section	.debug_line,"",%progbits
 1437              	.Ldebug_line0:
 1438 0000 30020000 		.section	.debug_str,"MS",%progbits,1
 1438      0200A501 
ARM GAS  C:\Users\lenovo\AppData\Local\Temp\ccmK4yEC.s 			page 29


 1438      00000201 
 1438      FB0E0D00 
 1438      01010101 
 1439              	.LASF19:
 1440 0000 64697370 		.ascii	"display_str\000"
 1440      6C61795F 
 1440      73747200 
 1441              	.LASF49:
 1442 000c 2E5C6D61 		.ascii	".\\main.c\000"
 1442      696E2E63 
 1442      00
 1443              	.LASF9:
 1444 0015 5F5F696E 		.ascii	"__int32_t\000"
 1444      7433325F 
 1444      7400
 1445              	.LASF35:
 1446 001f 43617053 		.ascii	"CapSense_Start\000"
 1446      656E7365 
 1446      5F537461 
 1446      727400
 1447              	.LASF47:
 1448 002e 55534255 		.ascii	"USBUART_PutString\000"
 1448      4152545F 
 1448      50757453 
 1448      7472696E 
 1448      6700
 1449              	.LASF15:
 1450 0040 646F7562 		.ascii	"double\000"
 1450      6C6500
 1451              	.LASF38:
 1452 0047 55534255 		.ascii	"USBUART_GetConfiguration\000"
 1452      4152545F 
 1452      47657443 
 1452      6F6E6669 
 1452      67757261 
 1453              	.LASF25:
 1454 0060 70757368 		.ascii	"pushState_Button_down\000"
 1454      53746174 
 1454      655F4275 
 1454      74746F6E 
 1454      5F646F77 
 1455              	.LASF46:
 1456 0076 55534255 		.ascii	"USBUART_CDCIsReady\000"
 1456      4152545F 
 1456      43444349 
 1456      73526561 
 1456      647900
 1457              	.LASF14:
 1458 0089 666C6F61 		.ascii	"float\000"
 1458      7400
 1459              	.LASF32:
 1460 008f 4C43445F 		.ascii	"LCD_Start\000"
 1460      53746172 
 1460      7400
 1461              	.LASF11:
 1462 0099 75696E74 		.ascii	"uint8\000"
 1462      3800
ARM GAS  C:\Users\lenovo\AppData\Local\Temp\ccmK4yEC.s 			page 30


 1463              	.LASF41:
 1464 009f 43617053 		.ascii	"CapSense_ScanEnabledWidgets\000"
 1464      656E7365 
 1464      5F536361 
 1464      6E456E61 
 1464      626C6564 
 1465              	.LASF1:
 1466 00bb 756E7369 		.ascii	"unsigned char\000"
 1466      676E6564 
 1466      20636861 
 1466      7200
 1467              	.LASF42:
 1468 00c9 43617053 		.ascii	"CapSense_IsBusy\000"
 1468      656E7365 
 1468      5F497342 
 1468      75737900 
 1469              	.LASF16:
 1470 00d9 63686172 		.ascii	"char8\000"
 1470      3800
 1471              	.LASF5:
 1472 00df 6C6F6E67 		.ascii	"long unsigned int\000"
 1472      20756E73 
 1472      69676E65 
 1472      6420696E 
 1472      7400
 1473              	.LASF3:
 1474 00f1 73686F72 		.ascii	"short unsigned int\000"
 1474      7420756E 
 1474      7369676E 
 1474      65642069 
 1474      6E7400
 1475              	.LASF26:
 1476 0104 4C617374 		.ascii	"LastsliderPosition\000"
 1476      736C6964 
 1476      6572506F 
 1476      73697469 
 1476      6F6E00
 1477              	.LASF23:
 1478 0117 62726967 		.ascii	"brightness\000"
 1478      68746E65 
 1478      737300
 1479              	.LASF30:
 1480 0122 73746F70 		.ascii	"stop\000"
 1480      00
 1481              	.LASF28:
 1482 0127 49544D5F 		.ascii	"ITM_RxBuffer\000"
 1482      52784275 
 1482      66666572 
 1482      00
 1483              	.LASF29:
 1484 0134 70617269 		.ascii	"parity\000"
 1484      747900
 1485              	.LASF50:
 1486 013b 453A5C50 		.ascii	"E:\\Psoc\\Advanced_Experiment\\LED_CAPSENSE\\Led_Ca"
 1486      736F635C 
 1486      41647661 
 1486      6E636564 
ARM GAS  C:\Users\lenovo\AppData\Local\Temp\ccmK4yEC.s 			page 31


 1486      5F457870 
 1487 016a 7073656E 		.ascii	"psense.cydsn\000"
 1487      73652E63 
 1487      7964736E 
 1487      00
 1488              	.LASF45:
 1489 0177 50574D5F 		.ascii	"PWM_WriteCompare\000"
 1489      57726974 
 1489      65436F6D 
 1489      70617265 
 1489      00
 1490              	.LASF51:
 1491 0188 6D61696E 		.ascii	"main\000"
 1491      00
 1492              	.LASF34:
 1493 018d 4C43445F 		.ascii	"LCD_PrintString\000"
 1493      5072696E 
 1493      74537472 
 1493      696E6700 
 1494              	.LASF12:
 1495 019d 75696E74 		.ascii	"uint16\000"
 1495      313600
 1496              	.LASF13:
 1497 01a4 75696E74 		.ascii	"uint32\000"
 1497      333200
 1498              	.LASF48:
 1499 01ab 474E5520 		.ascii	"GNU C 4.9.3 20150303 (release) [ARM/embedded-4_9-br"
 1499      4320342E 
 1499      392E3320 
 1499      32303135 
 1499      30333033 
 1500 01de 616E6368 		.ascii	"anch revision 221220] -mcpu=cortex-m3 -mthumb -g -O"
 1500      20726576 
 1500      6973696F 
 1500      6E203232 
 1500      31323230 
 1501 0211 67202D66 		.ascii	"g -ffunction-sections -ffat-lto-objects\000"
 1501      66756E63 
 1501      74696F6E 
 1501      2D736563 
 1501      74696F6E 
 1502              	.LASF37:
 1503 0239 55534255 		.ascii	"USBUART_Start\000"
 1503      4152545F 
 1503      53746172 
 1503      7400
 1504              	.LASF8:
 1505 0247 756E7369 		.ascii	"unsigned int\000"
 1505      676E6564 
 1505      20696E74 
 1505      00
 1506              	.LASF22:
 1507 0254 736C6964 		.ascii	"sliderPosition\000"
 1507      6572506F 
 1507      73697469 
 1507      6F6E00
 1508              	.LASF39:
ARM GAS  C:\Users\lenovo\AppData\Local\Temp\ccmK4yEC.s 			page 32


 1509 0263 55534255 		.ascii	"USBUART_CDC_Init\000"
 1509      4152545F 
 1509      4344435F 
 1509      496E6974 
 1509      00
 1510              	.LASF7:
 1511 0274 6C6F6E67 		.ascii	"long long unsigned int\000"
 1511      206C6F6E 
 1511      6720756E 
 1511      7369676E 
 1511      65642069 
 1512              	.LASF33:
 1513 028b 4C43445F 		.ascii	"LCD_Position\000"
 1513      506F7369 
 1513      74696F6E 
 1513      00
 1514              	.LASF20:
 1515 0298 73746174 		.ascii	"status_Button_up\000"
 1515      75735F42 
 1515      7574746F 
 1515      6E5F7570 
 1515      00
 1516              	.LASF18:
 1517 02a9 73697A65 		.ascii	"sizetype\000"
 1517      74797065 
 1517      00
 1518              	.LASF40:
 1519 02b2 43617053 		.ascii	"CapSense_UpdateEnabledBaselines\000"
 1519      656E7365 
 1519      5F557064 
 1519      61746545 
 1519      6E61626C 
 1520              	.LASF6:
 1521 02d2 6C6F6E67 		.ascii	"long long int\000"
 1521      206C6F6E 
 1521      6720696E 
 1521      7400
 1522              	.LASF17:
 1523 02e0 63686172 		.ascii	"char\000"
 1523      00
 1524              	.LASF10:
 1525 02e5 696E7433 		.ascii	"int32_t\000"
 1525      325F7400 
 1526              	.LASF2:
 1527 02ed 73686F72 		.ascii	"short int\000"
 1527      7420696E 
 1527      7400
 1528              	.LASF31:
 1529 02f7 50574D5F 		.ascii	"PWM_Start\000"
 1529      53746172 
 1529      7400
 1530              	.LASF24:
 1531 0301 70757368 		.ascii	"pushState_Button_up\000"
 1531      53746174 
 1531      655F4275 
 1531      74746F6E 
 1531      5F757000 
ARM GAS  C:\Users\lenovo\AppData\Local\Temp\ccmK4yEC.s 			page 33


 1532              	.LASF4:
 1533 0315 6C6F6E67 		.ascii	"long int\000"
 1533      20696E74 
 1533      00
 1534              	.LASF44:
 1535 031e 43617053 		.ascii	"CapSense_GetCentroidPos\000"
 1535      656E7365 
 1535      5F476574 
 1535      43656E74 
 1535      726F6964 
 1536              	.LASF43:
 1537 0336 43617053 		.ascii	"CapSense_CheckIsWidgetActive\000"
 1537      656E7365 
 1537      5F436865 
 1537      636B4973 
 1537      57696467 
 1538              	.LASF0:
 1539 0353 7369676E 		.ascii	"signed char\000"
 1539      65642063 
 1539      68617200 
 1540              	.LASF36:
 1541 035f 43617053 		.ascii	"CapSense_InitializeAllBaselines\000"
 1541      656E7365 
 1541      5F496E69 
 1541      7469616C 
 1541      697A6541 
 1542              	.LASF27:
 1543 037f 6C617374 		.ascii	"last_brightness\000"
 1543      5F627269 
 1543      6768746E 
 1543      65737300 
 1544              	.LASF52:
 1545 038f 43794465 		.ascii	"CyDelay\000"
 1545      6C617900 
 1546              	.LASF21:
 1547 0397 73746174 		.ascii	"status_Button_down\000"
 1547      75735F42 
 1547      7574746F 
 1547      6E5F646F 
 1547      776E00
 1548              		.ident	"GCC: (GNU Tools for ARM Embedded Processors) 4.9.3 20150303 (release) [ARM/embedded-4_9-br
