#***************************************************************************

#sjplacer

#Version:            1.1

#Build Date:         Apr 25 2016 12:55:34

#File Generated:     Jul 16 2018 10:32:14

#Purpose:            

#Copyright (C) 2010-2011 by Softjin Technologies Pvt Ltd. All rights reserved.

#***************************************************************************

Executing : C:\Program Files (x86)\Cypress\PSoC Creator\3.3\PSoC Creator\bin/sjplacer.exe --proj-name Fridge --netlist-vh2 Fridge_p.vh2 --arch-file C:\Program Files (x86)\Cypress\PSoC Creator\3.3\PSoC Creator\dev/arch/p35_udb4x6.ark --rrg-file C:\Program Files (x86)\Cypress\PSoC Creator\3.3\PSoC Creator\dev/psoc5/psoc5lp/route_arch-rrg.cydata --irq-file C:\Program Files (x86)\Cypress\PSoC Creator\3.3\PSoC Creator\dev/psoc5/psoc5lp/irqconn.cydata --drq-file C:\Program Files (x86)\Cypress\PSoC Creator\3.3\PSoC Creator\dev/psoc5/psoc5lp/dmaconn.cydata --dsi-conn-file C:\Program Files (x86)\Cypress\PSoC Creator\3.3\PSoC Creator\dev/psoc5/psoc5lp/dsiconn.cydata --pins-file pins_100-TQFP.xml --lib-file Fridge_p.lib --sdc-file Fridge.sdc --io-pcf Fridge.pci --outdir .

		Softjin Techologies Placer, Version 1.1

Build Date : Apr 25 2016	12:53:53

D2004: Option and Settings Summary
=============================================================
Netlist vh2 file          - Fridge_p.vh2
Architecture file         - C:\Program Files (x86)\Cypress\PSoC Creator\3.3\PSoC Creator\dev/arch/p35_udb4x6.ark
Package                   - 
Defparam file             - 
SDC file                  - Fridge.sdc
Output directory          - .
Timing library            - Fridge_p.lib
IO Placement file         - Fridge.pci

D2050: Starting reading inputs for placer
=============================================================
D2065: Reading netlist file : "Fridge_p.vh2"
D2065: Reading arch file : "C:\Program Files (x86)\Cypress\PSoC Creator\3.3\PSoC Creator\dev/arch/p35_udb4x6.ark"
D2051: Reading of inputs for placer completed successfully

D2053: Starting placement of the design
=============================================================

Phase 2
Phase 3

Design Statistics after Packing
    Number of Combinational MCs 	:	24
    Number of Sequential MCs    	:	45
    Number of DPs               	:	12
    Number of Controls          	:	5
    Number of Status            	:	4
    Number of SyncCells         	:	3
    Number of count7cells       	:	3

Device Utilization Summary after Packing
    Macrocells                  :	69/192
    UDBS                        :	13/24
    IOs                         :	24/72


D2088: Phase 3, elapsed time : 0.0 (sec)

Phase 4
D2088: Phase 4, elapsed time : 0.0 (sec)

Phase 5
D2088: Phase 5, elapsed time : 0.0 (sec)

Phase 6

######################################################################
Placement Timing Summary

The timing summary is based on estimated routing delays after
placement. For final timing report, please carry out the timing
analysis after routing.
======================================================================

######################################################################
                     Clock Summary 
======================================================================
Number of clocks: 14
Clock: ADC_Ext_CP_Clk       | Frequency: N/A       | Target:  64.0 MHz
Clock: ADC_Ext_CP_Clk(routed) | Frequency: N/A       | Target:  64.0 MHz
Clock: ADC_theACLK          | Frequency: N/A       | Target:   0.2 MHz
Clock: ADC_theACLK(fixed-function) | Frequency: N/A       | Target:   0.2 MHz
Clock: CapSense_IntClock    | Frequency:  48.1 MHz | Target:  12.8 MHz
Clock: CyBUS_CLK            | Frequency:  71.2 MHz | Target:  64.0 MHz
Clock: CyILO                | Frequency: N/A       | Target:   0.1 MHz
Clock: CyIMO                | Frequency: N/A       | Target:  24.0 MHz
Clock: CyMASTER_CLK         | Frequency: N/A       | Target:  64.0 MHz
Clock: CyPLL_OUT            | Frequency: N/A       | Target:  64.0 MHz
Clock: \ADC:DSM\/dec_clock  | Frequency: N/A       | Target:   0.1 MHz
Clock: clock_1              | Frequency:  48.0 MHz | Target:   0.5 MHz
Clock: clock_2              | Frequency:  61.7 MHz | Target:   0.0 MHz
Clock: clock_4              | Frequency:  52.1 MHz | Target:   0.1 MHz

======================================================================
                     End of Clock Summary
######################################################################

D2088: Phase 6, elapsed time : 0.1 (sec)

Phase 7
######################################################################
                     Clock Summary 
======================================================================
Number of clocks: 14
Clock: ADC_Ext_CP_Clk       | Frequency: N/A       | Target:  64.0 MHz
Clock: ADC_Ext_CP_Clk(routed) | Frequency: N/A       | Target:  64.0 MHz
Clock: ADC_theACLK          | Frequency: N/A       | Target:   0.2 MHz
Clock: ADC_theACLK(fixed-function) | Frequency: N/A       | Target:   0.2 MHz
Clock: CapSense_IntClock    | Frequency:  51.1 MHz | Target:  12.8 MHz
Clock: CyBUS_CLK            | Frequency:   4.6 MHz | Target:  64.0 MHz
Clock: CyILO                | Frequency: N/A       | Target:   0.1 MHz
Clock: CyIMO                | Frequency: N/A       | Target:  24.0 MHz
Clock: CyMASTER_CLK         | Frequency: N/A       | Target:  64.0 MHz
Clock: CyPLL_OUT            | Frequency: N/A       | Target:  64.0 MHz
Clock: \ADC:DSM\/dec_clock  | Frequency: N/A       | Target:   0.1 MHz
Clock: clock_1              | Frequency:   4.6 MHz | Target:   0.5 MHz
Clock: clock_2              | Frequency:  61.7 MHz | Target:   0.0 MHz
Clock: clock_4              | Frequency:   4.6 MHz | Target:   0.1 MHz

======================================================================
                     End of Clock Summary
######################################################################
D2088: Phase 7, elapsed time : 1.2 (sec)

Final Design Statistics
    Number of Combinational MCs 	:	24
    Number of Sequential MCs    	:	45
    Number of DPs               	:	12
    Number of Controls          	:	5
    Number of Status            	:	4
    Number of SyncCells         	:	3
    Number of count7cells       	:	3
    Number of IOs       	:	24

Device Utilization Summary
    Macrocells                  :	69/192
    IOs                         :	24/72



######################################################################
Placement Timing Summary

The timing summary is based on estimated routing delays after
placement. For final timing report, please carry out the timing
analysis after routing.
======================================================================


######################################################################
                     Clock Summary 
======================================================================
Number of clocks: 14
Clock: ADC_Ext_CP_Clk       | Frequency: N/A       | Target:  64.0 MHz
Clock: ADC_Ext_CP_Clk(routed) | Frequency: N/A       | Target:  64.0 MHz
Clock: ADC_theACLK          | Frequency: N/A       | Target:   0.2 MHz
Clock: ADC_theACLK(fixed-function) | Frequency: N/A       | Target:   0.2 MHz
Clock: CapSense_IntClock    | Frequency:  51.0 MHz | Target:  12.8 MHz
Clock: CyBUS_CLK            | Frequency:   4.6 MHz | Target:  64.0 MHz
Clock: CyILO                | Frequency: N/A       | Target:   0.1 MHz
Clock: CyIMO                | Frequency: N/A       | Target:  24.0 MHz
Clock: CyMASTER_CLK         | Frequency: N/A       | Target:  64.0 MHz
Clock: CyPLL_OUT            | Frequency: N/A       | Target:  64.0 MHz
Clock: \ADC:DSM\/dec_clock  | Frequency: N/A       | Target:   0.1 MHz
Clock: clock_1              | Frequency:   4.9 MHz | Target:   0.5 MHz
Clock: clock_2              | Frequency:  61.7 MHz | Target:   0.0 MHz
Clock: clock_4              | Frequency:   4.6 MHz | Target:   0.1 MHz

======================================================================
                     End of Clock Summary
######################################################################

Phase 8
D2088: Phase 8, elapsed time : 0.0 (sec)

D2054: Placement of the design completed successfully

I2076: Total run-time: 2.8 sec.

