ARM GAS  C:\Users\lenovo\AppData\Local\Temp\cceZjwff.s 			page 1


   1              		.syntax unified
   2              		.cpu cortex-m3
   3              		.fpu softvfp
   4              		.eabi_attribute 20, 1
   5              		.eabi_attribute 21, 1
   6              		.eabi_attribute 23, 3
   7              		.eabi_attribute 24, 1
   8              		.eabi_attribute 25, 1
   9              		.eabi_attribute 26, 1
  10              		.eabi_attribute 30, 1
  11              		.eabi_attribute 34, 1
  12              		.eabi_attribute 18, 4
  13              		.thumb
  14              		.file	"CapSense_PM.c"
  15              		.text
  16              	.Ltext0:
  17              		.cfi_sections	.debug_frame
  18              		.section	.text.CapSense_SaveConfig,"ax",%progbits
  19              		.align	2
  20              		.global	CapSense_SaveConfig
  21              		.thumb
  22              		.thumb_func
  23              		.type	CapSense_SaveConfig, %function
  24              	CapSense_SaveConfig:
  25              	.LFB0:
  26              		.file 1 ".\\Generated_Source\\PSoC5\\CapSense_PM.c"
   1:.\Generated_Source\PSoC5/CapSense_PM.c **** /*******************************************************************************
   2:.\Generated_Source\PSoC5/CapSense_PM.c **** * File Name: CapSense_PM.c
   3:.\Generated_Source\PSoC5/CapSense_PM.c **** * Version 3.50
   4:.\Generated_Source\PSoC5/CapSense_PM.c **** *
   5:.\Generated_Source\PSoC5/CapSense_PM.c **** * Description:
   6:.\Generated_Source\PSoC5/CapSense_PM.c **** *  This file provides Sleep APIs for CapSense CSD Component.
   7:.\Generated_Source\PSoC5/CapSense_PM.c **** *
   8:.\Generated_Source\PSoC5/CapSense_PM.c **** * Note:
   9:.\Generated_Source\PSoC5/CapSense_PM.c **** *
  10:.\Generated_Source\PSoC5/CapSense_PM.c **** ********************************************************************************
  11:.\Generated_Source\PSoC5/CapSense_PM.c **** * Copyright 2008-2013, Cypress Semiconductor Corporation.  All rights reserved.
  12:.\Generated_Source\PSoC5/CapSense_PM.c **** * You may use this file only in accordance with the license, terms, conditions, 
  13:.\Generated_Source\PSoC5/CapSense_PM.c **** * disclaimers, and limitations in the end user license agreement accompanying 
  14:.\Generated_Source\PSoC5/CapSense_PM.c **** * the software package with which this file was provided.
  15:.\Generated_Source\PSoC5/CapSense_PM.c **** *******************************************************************************/
  16:.\Generated_Source\PSoC5/CapSense_PM.c **** 
  17:.\Generated_Source\PSoC5/CapSense_PM.c **** #include "CapSense.h"
  18:.\Generated_Source\PSoC5/CapSense_PM.c **** 
  19:.\Generated_Source\PSoC5/CapSense_PM.c **** CapSense_BACKUP_STRUCT CapSense_backup =
  20:.\Generated_Source\PSoC5/CapSense_PM.c **** {   
  21:.\Generated_Source\PSoC5/CapSense_PM.c ****     0x00u, /* enableState; */
  22:.\Generated_Source\PSoC5/CapSense_PM.c ****     
  23:.\Generated_Source\PSoC5/CapSense_PM.c **** };
  24:.\Generated_Source\PSoC5/CapSense_PM.c **** 
  25:.\Generated_Source\PSoC5/CapSense_PM.c **** 
  26:.\Generated_Source\PSoC5/CapSense_PM.c **** /*******************************************************************************
  27:.\Generated_Source\PSoC5/CapSense_PM.c **** * Function Name: CapSense_SaveConfig
  28:.\Generated_Source\PSoC5/CapSense_PM.c **** ********************************************************************************
  29:.\Generated_Source\PSoC5/CapSense_PM.c **** *
  30:.\Generated_Source\PSoC5/CapSense_PM.c **** * Summary:
  31:.\Generated_Source\PSoC5/CapSense_PM.c **** *  Saves customer configuration of CapSense none-retention registers. Resets 
ARM GAS  C:\Users\lenovo\AppData\Local\Temp\cceZjwff.s 			page 2


  32:.\Generated_Source\PSoC5/CapSense_PM.c **** *  all sensors to an inactive state.
  33:.\Generated_Source\PSoC5/CapSense_PM.c **** *
  34:.\Generated_Source\PSoC5/CapSense_PM.c **** * Parameters:
  35:.\Generated_Source\PSoC5/CapSense_PM.c **** *  None
  36:.\Generated_Source\PSoC5/CapSense_PM.c **** *
  37:.\Generated_Source\PSoC5/CapSense_PM.c **** * Return:
  38:.\Generated_Source\PSoC5/CapSense_PM.c **** *  None
  39:.\Generated_Source\PSoC5/CapSense_PM.c **** *
  40:.\Generated_Source\PSoC5/CapSense_PM.c **** * Side Effects:
  41:.\Generated_Source\PSoC5/CapSense_PM.c **** *  Function CapSense_SaveConfig disconnects all sensors from the
  42:.\Generated_Source\PSoC5/CapSense_PM.c **** *  Analog MUX Bus and puts them into inactive state. Call this function
  43:.\Generated_Source\PSoC5/CapSense_PM.c **** *  during the active scan can cause unpredictable component behavior.
  44:.\Generated_Source\PSoC5/CapSense_PM.c **** *
  45:.\Generated_Source\PSoC5/CapSense_PM.c **** * Note:
  46:.\Generated_Source\PSoC5/CapSense_PM.c **** *  This function should be called after completion of all scans.
  47:.\Generated_Source\PSoC5/CapSense_PM.c **** *
  48:.\Generated_Source\PSoC5/CapSense_PM.c **** * Global Variables:
  49:.\Generated_Source\PSoC5/CapSense_PM.c **** *  CapSense_backup - used to save component state before enter sleep 
  50:.\Generated_Source\PSoC5/CapSense_PM.c **** *  mode and none-retention registers.
  51:.\Generated_Source\PSoC5/CapSense_PM.c **** *
  52:.\Generated_Source\PSoC5/CapSense_PM.c **** * Reentrant:
  53:.\Generated_Source\PSoC5/CapSense_PM.c **** *  Yes.
  54:.\Generated_Source\PSoC5/CapSense_PM.c **** *
  55:.\Generated_Source\PSoC5/CapSense_PM.c **** *******************************************************************************/
  56:.\Generated_Source\PSoC5/CapSense_PM.c **** void CapSense_SaveConfig(void) 
  57:.\Generated_Source\PSoC5/CapSense_PM.c **** {    
  27              		.loc 1 57 0
  28              		.cfi_startproc
  29              		@ args = 0, pretend = 0, frame = 0
  30              		@ frame_needed = 0, uses_anonymous_args = 0
  31 0000 08B5     		push	{r3, lr}
  32              		.cfi_def_cfa_offset 8
  33              		.cfi_offset 3, -8
  34              		.cfi_offset 14, -4
  58:.\Generated_Source\PSoC5/CapSense_PM.c **** 
  59:.\Generated_Source\PSoC5/CapSense_PM.c ****     /* Set CONTROL_REG */
  60:.\Generated_Source\PSoC5/CapSense_PM.c ****     CapSense_backup.ctrlReg = CapSense_CONTROL_REG;
  35              		.loc 1 60 0
  36 0002 034B     		ldr	r3, .L3
  37 0004 1A78     		ldrb	r2, [r3]	@ zero_extendqisi2
  38 0006 034B     		ldr	r3, .L3+4
  39 0008 5A70     		strb	r2, [r3, #1]
  61:.\Generated_Source\PSoC5/CapSense_PM.c **** 
  62:.\Generated_Source\PSoC5/CapSense_PM.c ****     /* Clear all sensors */
  63:.\Generated_Source\PSoC5/CapSense_PM.c ****     CapSense_ClearSensors();
  40              		.loc 1 63 0
  41 000a FFF7FEFF 		bl	CapSense_ClearSensors
  42              	.LVL0:
  43 000e 08BD     		pop	{r3, pc}
  44              	.L4:
  45              		.align	2
  46              	.L3:
  47 0010 76650040 		.word	1073767798
  48 0014 00000000 		.word	.LANCHOR0
  49              		.cfi_endproc
  50              	.LFE0:
  51              		.size	CapSense_SaveConfig, .-CapSense_SaveConfig
ARM GAS  C:\Users\lenovo\AppData\Local\Temp\cceZjwff.s 			page 3


  52              		.section	.text.CapSense_Sleep,"ax",%progbits
  53              		.align	2
  54              		.global	CapSense_Sleep
  55              		.thumb
  56              		.thumb_func
  57              		.type	CapSense_Sleep, %function
  58              	CapSense_Sleep:
  59              	.LFB1:
  64:.\Generated_Source\PSoC5/CapSense_PM.c ****     
  65:.\Generated_Source\PSoC5/CapSense_PM.c ****     /* The pins disable is customer concern: Cmod and Rb */
  66:.\Generated_Source\PSoC5/CapSense_PM.c **** }
  67:.\Generated_Source\PSoC5/CapSense_PM.c **** 
  68:.\Generated_Source\PSoC5/CapSense_PM.c **** 
  69:.\Generated_Source\PSoC5/CapSense_PM.c **** /*******************************************************************************
  70:.\Generated_Source\PSoC5/CapSense_PM.c **** * Function Name: CapSense_Sleep
  71:.\Generated_Source\PSoC5/CapSense_PM.c **** ********************************************************************************
  72:.\Generated_Source\PSoC5/CapSense_PM.c **** *
  73:.\Generated_Source\PSoC5/CapSense_PM.c **** * Summary:
  74:.\Generated_Source\PSoC5/CapSense_PM.c **** *  Disables Active mode power template bits for number of component used within 
  75:.\Generated_Source\PSoC5/CapSense_PM.c **** *  CapSense. Calls CapSense_SaveConfig() function to save customer 
  76:.\Generated_Source\PSoC5/CapSense_PM.c **** *  configuration of CapSense none-retention registers and resets all sensors 
  77:.\Generated_Source\PSoC5/CapSense_PM.c **** *  to an inactive state.
  78:.\Generated_Source\PSoC5/CapSense_PM.c **** *
  79:.\Generated_Source\PSoC5/CapSense_PM.c **** * Parameters:
  80:.\Generated_Source\PSoC5/CapSense_PM.c **** *  None
  81:.\Generated_Source\PSoC5/CapSense_PM.c **** *
  82:.\Generated_Source\PSoC5/CapSense_PM.c **** * Return:
  83:.\Generated_Source\PSoC5/CapSense_PM.c **** *  None
  84:.\Generated_Source\PSoC5/CapSense_PM.c **** *
  85:.\Generated_Source\PSoC5/CapSense_PM.c **** * Side Effects:
  86:.\Generated_Source\PSoC5/CapSense_PM.c **** *  Function CapSense_Sleep disconnects all sensors from the
  87:.\Generated_Source\PSoC5/CapSense_PM.c **** *  Analog MUX Bus and puts them into inactive state. Call this function
  88:.\Generated_Source\PSoC5/CapSense_PM.c **** *  during the active scan can cause unpredictable component behavior.
  89:.\Generated_Source\PSoC5/CapSense_PM.c **** *
  90:.\Generated_Source\PSoC5/CapSense_PM.c **** * Note:
  91:.\Generated_Source\PSoC5/CapSense_PM.c **** *  This function should be called after completion of all scans.
  92:.\Generated_Source\PSoC5/CapSense_PM.c **** *
  93:.\Generated_Source\PSoC5/CapSense_PM.c **** * Global Variables:
  94:.\Generated_Source\PSoC5/CapSense_PM.c **** *  CapSense_backup - used to save component state before enter sleep 
  95:.\Generated_Source\PSoC5/CapSense_PM.c **** *  mode and none-retention registers.
  96:.\Generated_Source\PSoC5/CapSense_PM.c **** *
  97:.\Generated_Source\PSoC5/CapSense_PM.c **** * Reentrant:
  98:.\Generated_Source\PSoC5/CapSense_PM.c **** *  No
  99:.\Generated_Source\PSoC5/CapSense_PM.c **** *
 100:.\Generated_Source\PSoC5/CapSense_PM.c **** *******************************************************************************/
 101:.\Generated_Source\PSoC5/CapSense_PM.c **** void CapSense_Sleep(void) 
 102:.\Generated_Source\PSoC5/CapSense_PM.c **** {
  60              		.loc 1 102 0
  61              		.cfi_startproc
  62              		@ args = 0, pretend = 0, frame = 0
  63              		@ frame_needed = 0, uses_anonymous_args = 0
  64 0000 08B5     		push	{r3, lr}
  65              		.cfi_def_cfa_offset 8
  66              		.cfi_offset 3, -8
  67              		.cfi_offset 14, -4
 103:.\Generated_Source\PSoC5/CapSense_PM.c ****     /* Check and save enable state */
 104:.\Generated_Source\PSoC5/CapSense_PM.c ****     if(CapSense_IS_CAPSENSE_ENABLE(CapSense_CONTROL_REG))
ARM GAS  C:\Users\lenovo\AppData\Local\Temp\cceZjwff.s 			page 4


  68              		.loc 1 104 0
  69 0002 084B     		ldr	r3, .L9
  70 0004 1B78     		ldrb	r3, [r3]	@ zero_extendqisi2
  71 0006 13F0800F 		tst	r3, #128
  72 000a 05D0     		beq	.L6
 105:.\Generated_Source\PSoC5/CapSense_PM.c ****     {
 106:.\Generated_Source\PSoC5/CapSense_PM.c ****         CapSense_backup.enableState = 1u;
  73              		.loc 1 106 0
  74 000c 0122     		movs	r2, #1
  75 000e 064B     		ldr	r3, .L9+4
  76 0010 1A70     		strb	r2, [r3]
 107:.\Generated_Source\PSoC5/CapSense_PM.c ****         CapSense_Stop();
  77              		.loc 1 107 0
  78 0012 FFF7FEFF 		bl	CapSense_Stop
  79              	.LVL1:
  80 0016 02E0     		b	.L7
  81              	.L6:
 108:.\Generated_Source\PSoC5/CapSense_PM.c ****     }
 109:.\Generated_Source\PSoC5/CapSense_PM.c ****     else
 110:.\Generated_Source\PSoC5/CapSense_PM.c ****     {
 111:.\Generated_Source\PSoC5/CapSense_PM.c ****         CapSense_backup.enableState = 0u;
  82              		.loc 1 111 0
  83 0018 0022     		movs	r2, #0
  84 001a 034B     		ldr	r3, .L9+4
  85 001c 1A70     		strb	r2, [r3]
  86              	.L7:
 112:.\Generated_Source\PSoC5/CapSense_PM.c ****     }
 113:.\Generated_Source\PSoC5/CapSense_PM.c ****     
 114:.\Generated_Source\PSoC5/CapSense_PM.c ****     CapSense_SaveConfig();
  87              		.loc 1 114 0
  88 001e FFF7FEFF 		bl	CapSense_SaveConfig
  89              	.LVL2:
  90 0022 08BD     		pop	{r3, pc}
  91              	.L10:
  92              		.align	2
  93              	.L9:
  94 0024 76650040 		.word	1073767798
  95 0028 00000000 		.word	.LANCHOR0
  96              		.cfi_endproc
  97              	.LFE1:
  98              		.size	CapSense_Sleep, .-CapSense_Sleep
  99              		.section	.text.CapSense_RestoreConfig,"ax",%progbits
 100              		.align	2
 101              		.global	CapSense_RestoreConfig
 102              		.thumb
 103              		.thumb_func
 104              		.type	CapSense_RestoreConfig, %function
 105              	CapSense_RestoreConfig:
 106              	.LFB2:
 115:.\Generated_Source\PSoC5/CapSense_PM.c **** }
 116:.\Generated_Source\PSoC5/CapSense_PM.c **** 
 117:.\Generated_Source\PSoC5/CapSense_PM.c **** 
 118:.\Generated_Source\PSoC5/CapSense_PM.c **** /*******************************************************************************
 119:.\Generated_Source\PSoC5/CapSense_PM.c **** * Function Name: CapSense_RestoreConfig
 120:.\Generated_Source\PSoC5/CapSense_PM.c **** ********************************************************************************
 121:.\Generated_Source\PSoC5/CapSense_PM.c **** *
 122:.\Generated_Source\PSoC5/CapSense_PM.c **** * Summary:
ARM GAS  C:\Users\lenovo\AppData\Local\Temp\cceZjwff.s 			page 5


 123:.\Generated_Source\PSoC5/CapSense_PM.c **** *  Restores CapSense configuration and non-retention register values.
 124:.\Generated_Source\PSoC5/CapSense_PM.c **** *
 125:.\Generated_Source\PSoC5/CapSense_PM.c **** * Parameters:
 126:.\Generated_Source\PSoC5/CapSense_PM.c **** *  None
 127:.\Generated_Source\PSoC5/CapSense_PM.c **** *
 128:.\Generated_Source\PSoC5/CapSense_PM.c **** * Return:
 129:.\Generated_Source\PSoC5/CapSense_PM.c **** *  None
 130:.\Generated_Source\PSoC5/CapSense_PM.c **** *
 131:.\Generated_Source\PSoC5/CapSense_PM.c **** * Side Effects:
 132:.\Generated_Source\PSoC5/CapSense_PM.c **** *  Must be called only after CapSense_SaveConfig() routine. Otherwise 
 133:.\Generated_Source\PSoC5/CapSense_PM.c **** *  the component configuration will be overwritten with its initial setting.
 134:.\Generated_Source\PSoC5/CapSense_PM.c **** *  This finction modifies the CONTROL_REG register. 
 135:.\Generated_Source\PSoC5/CapSense_PM.c **** *
 136:.\Generated_Source\PSoC5/CapSense_PM.c **** * Note:
 137:.\Generated_Source\PSoC5/CapSense_PM.c **** *  This function should be called after completion of all scans.
 138:.\Generated_Source\PSoC5/CapSense_PM.c **** *
 139:.\Generated_Source\PSoC5/CapSense_PM.c **** * Global Variables:
 140:.\Generated_Source\PSoC5/CapSense_PM.c **** *  CapSense_backup - used to save component state before enter sleep 
 141:.\Generated_Source\PSoC5/CapSense_PM.c **** *  mode and none-retention registers.
 142:.\Generated_Source\PSoC5/CapSense_PM.c **** *
 143:.\Generated_Source\PSoC5/CapSense_PM.c **** *******************************************************************************/
 144:.\Generated_Source\PSoC5/CapSense_PM.c **** void CapSense_RestoreConfig(void) 
 145:.\Generated_Source\PSoC5/CapSense_PM.c **** {       
 107              		.loc 1 145 0
 108              		.cfi_startproc
 109              		@ args = 0, pretend = 0, frame = 0
 110              		@ frame_needed = 0, uses_anonymous_args = 0
 111              		@ link register save eliminated.
 146:.\Generated_Source\PSoC5/CapSense_PM.c ****     /* Set PRS */
 147:.\Generated_Source\PSoC5/CapSense_PM.c ****     #if (CapSense_PRS_OPTIONS == CapSense_PRS_8BITS)        
 148:.\Generated_Source\PSoC5/CapSense_PM.c ****         /* Write FIFO with seed */
 149:.\Generated_Source\PSoC5/CapSense_PM.c ****         CapSense_SEED_COPY_REG = CapSense_MEASURE_FULL_RANGE_LOW;               /* F0 register */
 112              		.loc 1 149 0
 113 0000 FF23     		movs	r3, #255
 114 0002 084A     		ldr	r2, .L12
 115 0004 1370     		strb	r3, [r2]
 150:.\Generated_Source\PSoC5/CapSense_PM.c ****     
 151:.\Generated_Source\PSoC5/CapSense_PM.c ****     #elif (CapSense_PRS_OPTIONS == CapSense_PRS_16BITS)
 152:.\Generated_Source\PSoC5/CapSense_PM.c ****         /* Write FIFO with seed */
 153:.\Generated_Source\PSoC5/CapSense_PM.c ****         CY_SET_REG16(CapSense_SEED_COPY_PTR, CapSense_MEASURE_FULL_RANGE);      /* F0 register */
 154:.\Generated_Source\PSoC5/CapSense_PM.c ****                 
 155:.\Generated_Source\PSoC5/CapSense_PM.c ****     #elif (CapSense_PRS_OPTIONS == CapSense_PRS_16BITS_4X)
 156:.\Generated_Source\PSoC5/CapSense_PM.c ****         
 157:.\Generated_Source\PSoC5/CapSense_PM.c ****         /* Write FIFO with seed */
 158:.\Generated_Source\PSoC5/CapSense_PM.c ****         CapSense_SEED_COPY_A__F1_REG = CapSense_MEASURE_FULL_RANGE_LOW;         /* F0 register */
 159:.\Generated_Source\PSoC5/CapSense_PM.c ****         CapSense_SEED_COPY_A__F0_REG =CapSense_MEASURE_FULL_RANGE_LOW;          /* F1 register */
 160:.\Generated_Source\PSoC5/CapSense_PM.c ****         
 161:.\Generated_Source\PSoC5/CapSense_PM.c ****     #else
 162:.\Generated_Source\PSoC5/CapSense_PM.c ****         /* Do nothing = config without PRS */
 163:.\Generated_Source\PSoC5/CapSense_PM.c ****     #endif  /* (CapSense_PRS_OPTIONS == CapSense_PRS_8BITS) */
 164:.\Generated_Source\PSoC5/CapSense_PM.c ****     
 165:.\Generated_Source\PSoC5/CapSense_PM.c ****     /* Set the Measure */
 166:.\Generated_Source\PSoC5/CapSense_PM.c ****     #if (CapSense_IMPLEMENTATION_CH0 == CapSense_MEASURE_IMPLEMENTATION_FF)
 167:.\Generated_Source\PSoC5/CapSense_PM.c ****         /* Window PWM  - FF Timer register are retention */
 168:.\Generated_Source\PSoC5/CapSense_PM.c ****         /* Raw Counter - FF Timer register are retention */
 169:.\Generated_Source\PSoC5/CapSense_PM.c ****     #else
 170:.\Generated_Source\PSoC5/CapSense_PM.c ****         
ARM GAS  C:\Users\lenovo\AppData\Local\Temp\cceZjwff.s 			page 6


 171:.\Generated_Source\PSoC5/CapSense_PM.c ****         /* Window PWM */
 172:.\Generated_Source\PSoC5/CapSense_PM.c ****         CapSense_PWM_CH0_PERIOD_LO_REG    = CapSense_MEASURE_FULL_RANGE_LOW;        /* F0 register 
 116              		.loc 1 172 0
 117 0006 013A     		subs	r2, r2, #1
 118 0008 1370     		strb	r3, [r2]
 173:.\Generated_Source\PSoC5/CapSense_PM.c ****         
 174:.\Generated_Source\PSoC5/CapSense_PM.c ****         /* Raw Counter */
 175:.\Generated_Source\PSoC5/CapSense_PM.c ****         CapSense_RAW_CH0_PERIOD_HI_REG    = CapSense_MEASURE_FULL_RANGE_LOW;        /* F1 register 
 119              		.loc 1 175 0
 120 000a 0D32     		adds	r2, r2, #13
 121 000c 1370     		strb	r3, [r2]
 176:.\Generated_Source\PSoC5/CapSense_PM.c ****         CapSense_RAW_CH0_PERIOD_LO_REG    = CapSense_MEASURE_FULL_RANGE_LOW;        /* F0 register 
 122              		.loc 1 176 0
 123 000e 103A     		subs	r2, r2, #16
 124 0010 1370     		strb	r3, [r2]
 177:.\Generated_Source\PSoC5/CapSense_PM.c ****     
 178:.\Generated_Source\PSoC5/CapSense_PM.c ****     #endif  /* (CapSense_IMPLEMENTATION_CH0 == CapSense_MEASURE_IMPLEMENTATION_FF) */ 
 179:.\Generated_Source\PSoC5/CapSense_PM.c ****     
 180:.\Generated_Source\PSoC5/CapSense_PM.c ****     #if (CapSense_DESIGN_TYPE == CapSense_TWO_CHANNELS_DESIGN)
 181:.\Generated_Source\PSoC5/CapSense_PM.c ****         #if (CapSense_IMPLEMENTATION_CH1 == CapSense_MEASURE_IMPLEMENTATION_FF)
 182:.\Generated_Source\PSoC5/CapSense_PM.c ****             /* Window PWM  - FF Timer register are retention */
 183:.\Generated_Source\PSoC5/CapSense_PM.c ****             /* Raw Counter - FF Timer register are retention */
 184:.\Generated_Source\PSoC5/CapSense_PM.c ****         #else
 185:.\Generated_Source\PSoC5/CapSense_PM.c ****             
 186:.\Generated_Source\PSoC5/CapSense_PM.c ****             /* Window PWM */
 187:.\Generated_Source\PSoC5/CapSense_PM.c ****             CapSense_PWM_CH1_PERIOD_LO_REG    = CapSense_MEASURE_FULL_RANGE_LOW;       /* F0 regist
 188:.\Generated_Source\PSoC5/CapSense_PM.c ****             
 189:.\Generated_Source\PSoC5/CapSense_PM.c ****             /* Raw Counter */
 190:.\Generated_Source\PSoC5/CapSense_PM.c ****             CapSense_RAW_CH1_PERIOD_HI_REG    = CapSense_MEASURE_FULL_RANGE_LOW;       /* F1 regist
 191:.\Generated_Source\PSoC5/CapSense_PM.c ****             CapSense_RAW_CH1_PERIOD_LO_REG    = CapSense_MEASURE_FULL_RANGE_LOW;       /* F0 regist
 192:.\Generated_Source\PSoC5/CapSense_PM.c ****             
 193:.\Generated_Source\PSoC5/CapSense_PM.c ****         #endif  /* (CapSense_IMPLEMENTATION_CH1 == CapSense_MEASURE_IMPLEMENTATION_FF) */
 194:.\Generated_Source\PSoC5/CapSense_PM.c ****     
 195:.\Generated_Source\PSoC5/CapSense_PM.c ****     #endif  /* (CapSense_DESIGN_TYPE == TWO_CHANNELS_DESIGN)*/
 196:.\Generated_Source\PSoC5/CapSense_PM.c **** 
 197:.\Generated_Source\PSoC5/CapSense_PM.c ****     /* Set CONTROL_REG */
 198:.\Generated_Source\PSoC5/CapSense_PM.c ****     CapSense_CONTROL_REG = CapSense_backup.ctrlReg;
 125              		.loc 1 198 0
 126 0012 054B     		ldr	r3, .L12+4
 127 0014 5A78     		ldrb	r2, [r3, #1]	@ zero_extendqisi2
 128 0016 054B     		ldr	r3, .L12+8
 129 0018 1A70     		strb	r2, [r3]
 199:.\Generated_Source\PSoC5/CapSense_PM.c **** 
 200:.\Generated_Source\PSoC5/CapSense_PM.c ****     /* Enable window generation */
 201:.\Generated_Source\PSoC5/CapSense_PM.c ****     #if (CapSense_DESIGN_TYPE == CapSense_ONE_CHANNEL_DESIGN)
 202:.\Generated_Source\PSoC5/CapSense_PM.c ****         CapSense_CONTROL_REG |= CapSense_CTRL_WINDOW_EN__CH0;
 130              		.loc 1 202 0
 131 001a 1A78     		ldrb	r2, [r3]	@ zero_extendqisi2
 132 001c 42F00402 		orr	r2, r2, #4
 133 0020 1A70     		strb	r2, [r3]
 134 0022 7047     		bx	lr
 135              	.L13:
 136              		.align	2
 137              	.L12:
 138 0024 46640040 		.word	1073767494
 139 0028 00000000 		.word	.LANCHOR0
 140 002c 76650040 		.word	1073767798
ARM GAS  C:\Users\lenovo\AppData\Local\Temp\cceZjwff.s 			page 7


 141              		.cfi_endproc
 142              	.LFE2:
 143              		.size	CapSense_RestoreConfig, .-CapSense_RestoreConfig
 144              		.section	.text.CapSense_Wakeup,"ax",%progbits
 145              		.align	2
 146              		.global	CapSense_Wakeup
 147              		.thumb
 148              		.thumb_func
 149              		.type	CapSense_Wakeup, %function
 150              	CapSense_Wakeup:
 151              	.LFB3:
 203:.\Generated_Source\PSoC5/CapSense_PM.c ****     #elif (CapSense_DESIGN_TYPE == CapSense_TWO_CHANNELS_DESIGN) 
 204:.\Generated_Source\PSoC5/CapSense_PM.c ****         CapSense_CONTROL_REG |= (CapSense_CTRL_WINDOW_EN__CH0 | CapSense_CTRL_WINDOW_EN__CH1); 
 205:.\Generated_Source\PSoC5/CapSense_PM.c ****     #endif  /* CapSense_DESIGN_TYPE */
 206:.\Generated_Source\PSoC5/CapSense_PM.c ****  
 207:.\Generated_Source\PSoC5/CapSense_PM.c ****     /* The pins enable are customer concern: Cmod and Rb */
 208:.\Generated_Source\PSoC5/CapSense_PM.c ****  }
 209:.\Generated_Source\PSoC5/CapSense_PM.c ****  
 210:.\Generated_Source\PSoC5/CapSense_PM.c **** 
 211:.\Generated_Source\PSoC5/CapSense_PM.c **** /*******************************************************************************
 212:.\Generated_Source\PSoC5/CapSense_PM.c **** * Function Name: CapSense_Wakeup
 213:.\Generated_Source\PSoC5/CapSense_PM.c **** ********************************************************************************
 214:.\Generated_Source\PSoC5/CapSense_PM.c **** *
 215:.\Generated_Source\PSoC5/CapSense_PM.c **** * Summary:
 216:.\Generated_Source\PSoC5/CapSense_PM.c **** *  Restores CapSense configuration and non-retention register values. 
 217:.\Generated_Source\PSoC5/CapSense_PM.c **** *  Restores enabled state of component by setting Active mode power template 
 218:.\Generated_Source\PSoC5/CapSense_PM.c **** *  bits for number of component used within CapSense.
 219:.\Generated_Source\PSoC5/CapSense_PM.c **** *
 220:.\Generated_Source\PSoC5/CapSense_PM.c **** * Parameters:
 221:.\Generated_Source\PSoC5/CapSense_PM.c **** *  None
 222:.\Generated_Source\PSoC5/CapSense_PM.c **** *
 223:.\Generated_Source\PSoC5/CapSense_PM.c **** * Return:
 224:.\Generated_Source\PSoC5/CapSense_PM.c **** *  None
 225:.\Generated_Source\PSoC5/CapSense_PM.c **** *
 226:.\Generated_Source\PSoC5/CapSense_PM.c **** * Side Effects:
 227:.\Generated_Source\PSoC5/CapSense_PM.c **** *  Must be called only after CapSense_SaveConfig() routine. Otherwise 
 228:.\Generated_Source\PSoC5/CapSense_PM.c **** *  the component configuration will be overwritten with its initial setting.
 229:.\Generated_Source\PSoC5/CapSense_PM.c **** *  This finction modifies the CONTROL_REG register. 
 230:.\Generated_Source\PSoC5/CapSense_PM.c **** *
 231:.\Generated_Source\PSoC5/CapSense_PM.c **** * Note:
 232:.\Generated_Source\PSoC5/CapSense_PM.c **** *  This function should be called after completion of all scans.
 233:.\Generated_Source\PSoC5/CapSense_PM.c **** *
 234:.\Generated_Source\PSoC5/CapSense_PM.c **** * Global Variables:
 235:.\Generated_Source\PSoC5/CapSense_PM.c **** *  CapSense_backup - used to save component state before enter sleep 
 236:.\Generated_Source\PSoC5/CapSense_PM.c **** *  mode and none-retention registers.
 237:.\Generated_Source\PSoC5/CapSense_PM.c **** *
 238:.\Generated_Source\PSoC5/CapSense_PM.c **** *******************************************************************************/
 239:.\Generated_Source\PSoC5/CapSense_PM.c **** void CapSense_Wakeup(void) 
 240:.\Generated_Source\PSoC5/CapSense_PM.c **** {
 152              		.loc 1 240 0
 153              		.cfi_startproc
 154              		@ args = 0, pretend = 0, frame = 0
 155              		@ frame_needed = 0, uses_anonymous_args = 0
 156 0000 08B5     		push	{r3, lr}
 157              		.cfi_def_cfa_offset 8
 158              		.cfi_offset 3, -8
 159              		.cfi_offset 14, -4
ARM GAS  C:\Users\lenovo\AppData\Local\Temp\cceZjwff.s 			page 8


 241:.\Generated_Source\PSoC5/CapSense_PM.c ****     CapSense_RestoreConfig();
 160              		.loc 1 241 0
 161 0002 FFF7FEFF 		bl	CapSense_RestoreConfig
 162              	.LVL3:
 242:.\Generated_Source\PSoC5/CapSense_PM.c ****     
 243:.\Generated_Source\PSoC5/CapSense_PM.c ****     /* Restore CapSense Enable state */
 244:.\Generated_Source\PSoC5/CapSense_PM.c ****     if (CapSense_backup.enableState != 0u)
 163              		.loc 1 244 0
 164 0006 034B     		ldr	r3, .L17
 165 0008 1B78     		ldrb	r3, [r3]	@ zero_extendqisi2
 166 000a 0BB1     		cbz	r3, .L14
 245:.\Generated_Source\PSoC5/CapSense_PM.c ****     {
 246:.\Generated_Source\PSoC5/CapSense_PM.c ****         CapSense_Enable();
 167              		.loc 1 246 0
 168 000c FFF7FEFF 		bl	CapSense_Enable
 169              	.LVL4:
 170              	.L14:
 171 0010 08BD     		pop	{r3, pc}
 172              	.L18:
 173 0012 00BF     		.align	2
 174              	.L17:
 175 0014 00000000 		.word	.LANCHOR0
 176              		.cfi_endproc
 177              	.LFE3:
 178              		.size	CapSense_Wakeup, .-CapSense_Wakeup
 179              		.global	CapSense_backup
 180              		.bss
 181              		.align	2
 182              		.set	.LANCHOR0,. + 0
 183              		.type	CapSense_backup, %object
 184              		.size	CapSense_backup, 2
 185              	CapSense_backup:
 186 0000 0000     		.space	2
 187 0002 0000     		.text
 188              	.Letext0:
 189              		.file 2 ".\\Generated_Source\\PSoC5\\cytypes.h"
 190              		.file 3 ".\\Generated_Source\\PSoC5\\CapSense.h"
 191              		.section	.debug_info,"",%progbits
 192              	.Ldebug_info0:
 193 0000 73010000 		.4byte	0x173
 194 0004 0400     		.2byte	0x4
 195 0006 00000000 		.4byte	.Ldebug_abbrev0
 196 000a 04       		.byte	0x4
 197 000b 01       		.uleb128 0x1
 198 000c 85010000 		.4byte	.LASF24
 199 0010 01       		.byte	0x1
 200 0011 5E010000 		.4byte	.LASF25
 201 0015 A5000000 		.4byte	.LASF26
 202 0019 00000000 		.4byte	.Ldebug_ranges0+0
 203 001d 00000000 		.4byte	0
 204 0021 00000000 		.4byte	.Ldebug_line0
 205 0025 02       		.uleb128 0x2
 206 0026 01       		.byte	0x1
 207 0027 06       		.byte	0x6
 208 0028 52010000 		.4byte	.LASF0
 209 002c 02       		.uleb128 0x2
 210 002d 01       		.byte	0x1
ARM GAS  C:\Users\lenovo\AppData\Local\Temp\cceZjwff.s 			page 9


 211 002e 08       		.byte	0x8
 212 002f E2000000 		.4byte	.LASF1
 213 0033 02       		.uleb128 0x2
 214 0034 02       		.byte	0x2
 215 0035 05       		.byte	0x5
 216 0036 19020000 		.4byte	.LASF2
 217 003a 02       		.uleb128 0x2
 218 003b 02       		.byte	0x2
 219 003c 07       		.byte	0x7
 220 003d 3F010000 		.4byte	.LASF3
 221 0041 02       		.uleb128 0x2
 222 0042 04       		.byte	0x4
 223 0043 05       		.byte	0x5
 224 0044 26010000 		.4byte	.LASF4
 225 0048 02       		.uleb128 0x2
 226 0049 04       		.byte	0x4
 227 004a 07       		.byte	0x7
 228 004b 65000000 		.4byte	.LASF5
 229 004f 02       		.uleb128 0x2
 230 0050 08       		.byte	0x8
 231 0051 05       		.byte	0x5
 232 0052 00000000 		.4byte	.LASF6
 233 0056 02       		.uleb128 0x2
 234 0057 08       		.byte	0x8
 235 0058 07       		.byte	0x7
 236 0059 77000000 		.4byte	.LASF7
 237 005d 03       		.uleb128 0x3
 238 005e 04       		.byte	0x4
 239 005f 05       		.byte	0x5
 240 0060 696E7400 		.ascii	"int\000"
 241 0064 02       		.uleb128 0x2
 242 0065 04       		.byte	0x4
 243 0066 07       		.byte	0x7
 244 0067 28020000 		.4byte	.LASF8
 245 006b 04       		.uleb128 0x4
 246 006c 5F000000 		.4byte	.LASF12
 247 0070 02       		.byte	0x2
 248 0071 9201     		.2byte	0x192
 249 0073 2C000000 		.4byte	0x2c
 250 0077 02       		.uleb128 0x2
 251 0078 04       		.byte	0x4
 252 0079 04       		.byte	0x4
 253 007a 13020000 		.4byte	.LASF9
 254 007e 02       		.uleb128 0x2
 255 007f 08       		.byte	0x8
 256 0080 04       		.byte	0x4
 257 0081 1F010000 		.4byte	.LASF10
 258 0085 02       		.uleb128 0x2
 259 0086 01       		.byte	0x1
 260 0087 08       		.byte	0x8
 261 0088 F0000000 		.4byte	.LASF11
 262 008c 04       		.uleb128 0x4
 263 008d 23020000 		.4byte	.LASF13
 264 0091 02       		.byte	0x2
 265 0092 3C02     		.2byte	0x23c
 266 0094 98000000 		.4byte	0x98
 267 0098 05       		.uleb128 0x5
ARM GAS  C:\Users\lenovo\AppData\Local\Temp\cceZjwff.s 			page 10


 268 0099 6B000000 		.4byte	0x6b
 269 009d 02       		.uleb128 0x2
 270 009e 04       		.byte	0x4
 271 009f 07       		.byte	0x7
 272 00a0 35020000 		.4byte	.LASF14
 273 00a4 06       		.uleb128 0x6
 274 00a5 02       		.byte	0x2
 275 00a6 03       		.byte	0x3
 276 00a7 84       		.byte	0x84
 277 00a8 C5000000 		.4byte	0xc5
 278 00ac 07       		.uleb128 0x7
 279 00ad 0E000000 		.4byte	.LASF15
 280 00b1 03       		.byte	0x3
 281 00b2 86       		.byte	0x86
 282 00b3 6B000000 		.4byte	0x6b
 283 00b7 00       		.byte	0
 284 00b8 07       		.uleb128 0x7
 285 00b9 DA000000 		.4byte	.LASF16
 286 00bd 03       		.byte	0x3
 287 00be 89       		.byte	0x89
 288 00bf 6B000000 		.4byte	0x6b
 289 00c3 01       		.byte	0x1
 290 00c4 00       		.byte	0
 291 00c5 08       		.uleb128 0x8
 292 00c6 2A000000 		.4byte	.LASF17
 293 00ca 03       		.byte	0x3
 294 00cb 8A       		.byte	0x8a
 295 00cc A4000000 		.4byte	0xa4
 296 00d0 09       		.uleb128 0x9
 297 00d1 0B010000 		.4byte	.LASF18
 298 00d5 01       		.byte	0x1
 299 00d6 38       		.byte	0x38
 300 00d7 00000000 		.4byte	.LFB0
 301 00db 18000000 		.4byte	.LFE0-.LFB0
 302 00df 01       		.uleb128 0x1
 303 00e0 9C       		.byte	0x9c
 304 00e1 EF000000 		.4byte	0xef
 305 00e5 0A       		.uleb128 0xa
 306 00e6 0E000000 		.4byte	.LVL0
 307 00ea 61010000 		.4byte	0x161
 308 00ee 00       		.byte	0
 309 00ef 09       		.uleb128 0x9
 310 00f0 3E020000 		.4byte	.LASF19
 311 00f4 01       		.byte	0x1
 312 00f5 65       		.byte	0x65
 313 00f6 00000000 		.4byte	.LFB1
 314 00fa 2C000000 		.4byte	.LFE1-.LFB1
 315 00fe 01       		.uleb128 0x1
 316 00ff 9C       		.byte	0x9c
 317 0100 17010000 		.4byte	0x117
 318 0104 0A       		.uleb128 0xa
 319 0105 16000000 		.4byte	.LVL1
 320 0109 68010000 		.4byte	0x168
 321 010d 0A       		.uleb128 0xa
 322 010e 22000000 		.4byte	.LVL2
 323 0112 D0000000 		.4byte	0xd0
 324 0116 00       		.byte	0
ARM GAS  C:\Users\lenovo\AppData\Local\Temp\cceZjwff.s 			page 11


 325 0117 0B       		.uleb128 0xb
 326 0118 8E000000 		.4byte	.LASF27
 327 011c 01       		.byte	0x1
 328 011d 90       		.byte	0x90
 329 011e 00000000 		.4byte	.LFB2
 330 0122 30000000 		.4byte	.LFE2-.LFB2
 331 0126 01       		.uleb128 0x1
 332 0127 9C       		.byte	0x9c
 333 0128 09       		.uleb128 0x9
 334 0129 1A000000 		.4byte	.LASF20
 335 012d 01       		.byte	0x1
 336 012e EF       		.byte	0xef
 337 012f 00000000 		.4byte	.LFB3
 338 0133 18000000 		.4byte	.LFE3-.LFB3
 339 0137 01       		.uleb128 0x1
 340 0138 9C       		.byte	0x9c
 341 0139 50010000 		.4byte	0x150
 342 013d 0A       		.uleb128 0xa
 343 013e 06000000 		.4byte	.LVL3
 344 0142 17010000 		.4byte	0x117
 345 0146 0A       		.uleb128 0xa
 346 0147 10000000 		.4byte	.LVL4
 347 014b 6F010000 		.4byte	0x16f
 348 014f 00       		.byte	0
 349 0150 0C       		.uleb128 0xc
 350 0151 2F010000 		.4byte	.LASF28
 351 0155 01       		.byte	0x1
 352 0156 13       		.byte	0x13
 353 0157 C5000000 		.4byte	0xc5
 354 015b 05       		.uleb128 0x5
 355 015c 03       		.byte	0x3
 356 015d 00000000 		.4byte	CapSense_backup
 357 0161 0D       		.uleb128 0xd
 358 0162 F5000000 		.4byte	.LASF21
 359 0166 03       		.byte	0x3
 360 0167 9E       		.byte	0x9e
 361 0168 0D       		.uleb128 0xd
 362 0169 41000000 		.4byte	.LASF22
 363 016d 03       		.byte	0x3
 364 016e 94       		.byte	0x94
 365 016f 0D       		.uleb128 0xd
 366 0170 4F000000 		.4byte	.LASF23
 367 0174 03       		.byte	0x3
 368 0175 92       		.byte	0x92
 369 0176 00       		.byte	0
 370              		.section	.debug_abbrev,"",%progbits
 371              	.Ldebug_abbrev0:
 372 0000 01       		.uleb128 0x1
 373 0001 11       		.uleb128 0x11
 374 0002 01       		.byte	0x1
 375 0003 25       		.uleb128 0x25
 376 0004 0E       		.uleb128 0xe
 377 0005 13       		.uleb128 0x13
 378 0006 0B       		.uleb128 0xb
 379 0007 03       		.uleb128 0x3
 380 0008 0E       		.uleb128 0xe
 381 0009 1B       		.uleb128 0x1b
ARM GAS  C:\Users\lenovo\AppData\Local\Temp\cceZjwff.s 			page 12


 382 000a 0E       		.uleb128 0xe
 383 000b 55       		.uleb128 0x55
 384 000c 17       		.uleb128 0x17
 385 000d 11       		.uleb128 0x11
 386 000e 01       		.uleb128 0x1
 387 000f 10       		.uleb128 0x10
 388 0010 17       		.uleb128 0x17
 389 0011 00       		.byte	0
 390 0012 00       		.byte	0
 391 0013 02       		.uleb128 0x2
 392 0014 24       		.uleb128 0x24
 393 0015 00       		.byte	0
 394 0016 0B       		.uleb128 0xb
 395 0017 0B       		.uleb128 0xb
 396 0018 3E       		.uleb128 0x3e
 397 0019 0B       		.uleb128 0xb
 398 001a 03       		.uleb128 0x3
 399 001b 0E       		.uleb128 0xe
 400 001c 00       		.byte	0
 401 001d 00       		.byte	0
 402 001e 03       		.uleb128 0x3
 403 001f 24       		.uleb128 0x24
 404 0020 00       		.byte	0
 405 0021 0B       		.uleb128 0xb
 406 0022 0B       		.uleb128 0xb
 407 0023 3E       		.uleb128 0x3e
 408 0024 0B       		.uleb128 0xb
 409 0025 03       		.uleb128 0x3
 410 0026 08       		.uleb128 0x8
 411 0027 00       		.byte	0
 412 0028 00       		.byte	0
 413 0029 04       		.uleb128 0x4
 414 002a 16       		.uleb128 0x16
 415 002b 00       		.byte	0
 416 002c 03       		.uleb128 0x3
 417 002d 0E       		.uleb128 0xe
 418 002e 3A       		.uleb128 0x3a
 419 002f 0B       		.uleb128 0xb
 420 0030 3B       		.uleb128 0x3b
 421 0031 05       		.uleb128 0x5
 422 0032 49       		.uleb128 0x49
 423 0033 13       		.uleb128 0x13
 424 0034 00       		.byte	0
 425 0035 00       		.byte	0
 426 0036 05       		.uleb128 0x5
 427 0037 35       		.uleb128 0x35
 428 0038 00       		.byte	0
 429 0039 49       		.uleb128 0x49
 430 003a 13       		.uleb128 0x13
 431 003b 00       		.byte	0
 432 003c 00       		.byte	0
 433 003d 06       		.uleb128 0x6
 434 003e 13       		.uleb128 0x13
 435 003f 01       		.byte	0x1
 436 0040 0B       		.uleb128 0xb
 437 0041 0B       		.uleb128 0xb
 438 0042 3A       		.uleb128 0x3a
ARM GAS  C:\Users\lenovo\AppData\Local\Temp\cceZjwff.s 			page 13


 439 0043 0B       		.uleb128 0xb
 440 0044 3B       		.uleb128 0x3b
 441 0045 0B       		.uleb128 0xb
 442 0046 01       		.uleb128 0x1
 443 0047 13       		.uleb128 0x13
 444 0048 00       		.byte	0
 445 0049 00       		.byte	0
 446 004a 07       		.uleb128 0x7
 447 004b 0D       		.uleb128 0xd
 448 004c 00       		.byte	0
 449 004d 03       		.uleb128 0x3
 450 004e 0E       		.uleb128 0xe
 451 004f 3A       		.uleb128 0x3a
 452 0050 0B       		.uleb128 0xb
 453 0051 3B       		.uleb128 0x3b
 454 0052 0B       		.uleb128 0xb
 455 0053 49       		.uleb128 0x49
 456 0054 13       		.uleb128 0x13
 457 0055 38       		.uleb128 0x38
 458 0056 0B       		.uleb128 0xb
 459 0057 00       		.byte	0
 460 0058 00       		.byte	0
 461 0059 08       		.uleb128 0x8
 462 005a 16       		.uleb128 0x16
 463 005b 00       		.byte	0
 464 005c 03       		.uleb128 0x3
 465 005d 0E       		.uleb128 0xe
 466 005e 3A       		.uleb128 0x3a
 467 005f 0B       		.uleb128 0xb
 468 0060 3B       		.uleb128 0x3b
 469 0061 0B       		.uleb128 0xb
 470 0062 49       		.uleb128 0x49
 471 0063 13       		.uleb128 0x13
 472 0064 00       		.byte	0
 473 0065 00       		.byte	0
 474 0066 09       		.uleb128 0x9
 475 0067 2E       		.uleb128 0x2e
 476 0068 01       		.byte	0x1
 477 0069 3F       		.uleb128 0x3f
 478 006a 19       		.uleb128 0x19
 479 006b 03       		.uleb128 0x3
 480 006c 0E       		.uleb128 0xe
 481 006d 3A       		.uleb128 0x3a
 482 006e 0B       		.uleb128 0xb
 483 006f 3B       		.uleb128 0x3b
 484 0070 0B       		.uleb128 0xb
 485 0071 27       		.uleb128 0x27
 486 0072 19       		.uleb128 0x19
 487 0073 11       		.uleb128 0x11
 488 0074 01       		.uleb128 0x1
 489 0075 12       		.uleb128 0x12
 490 0076 06       		.uleb128 0x6
 491 0077 40       		.uleb128 0x40
 492 0078 18       		.uleb128 0x18
 493 0079 9742     		.uleb128 0x2117
 494 007b 19       		.uleb128 0x19
 495 007c 01       		.uleb128 0x1
ARM GAS  C:\Users\lenovo\AppData\Local\Temp\cceZjwff.s 			page 14


 496 007d 13       		.uleb128 0x13
 497 007e 00       		.byte	0
 498 007f 00       		.byte	0
 499 0080 0A       		.uleb128 0xa
 500 0081 898201   		.uleb128 0x4109
 501 0084 00       		.byte	0
 502 0085 11       		.uleb128 0x11
 503 0086 01       		.uleb128 0x1
 504 0087 31       		.uleb128 0x31
 505 0088 13       		.uleb128 0x13
 506 0089 00       		.byte	0
 507 008a 00       		.byte	0
 508 008b 0B       		.uleb128 0xb
 509 008c 2E       		.uleb128 0x2e
 510 008d 00       		.byte	0
 511 008e 3F       		.uleb128 0x3f
 512 008f 19       		.uleb128 0x19
 513 0090 03       		.uleb128 0x3
 514 0091 0E       		.uleb128 0xe
 515 0092 3A       		.uleb128 0x3a
 516 0093 0B       		.uleb128 0xb
 517 0094 3B       		.uleb128 0x3b
 518 0095 0B       		.uleb128 0xb
 519 0096 27       		.uleb128 0x27
 520 0097 19       		.uleb128 0x19
 521 0098 11       		.uleb128 0x11
 522 0099 01       		.uleb128 0x1
 523 009a 12       		.uleb128 0x12
 524 009b 06       		.uleb128 0x6
 525 009c 40       		.uleb128 0x40
 526 009d 18       		.uleb128 0x18
 527 009e 9742     		.uleb128 0x2117
 528 00a0 19       		.uleb128 0x19
 529 00a1 00       		.byte	0
 530 00a2 00       		.byte	0
 531 00a3 0C       		.uleb128 0xc
 532 00a4 34       		.uleb128 0x34
 533 00a5 00       		.byte	0
 534 00a6 03       		.uleb128 0x3
 535 00a7 0E       		.uleb128 0xe
 536 00a8 3A       		.uleb128 0x3a
 537 00a9 0B       		.uleb128 0xb
 538 00aa 3B       		.uleb128 0x3b
 539 00ab 0B       		.uleb128 0xb
 540 00ac 49       		.uleb128 0x49
 541 00ad 13       		.uleb128 0x13
 542 00ae 3F       		.uleb128 0x3f
 543 00af 19       		.uleb128 0x19
 544 00b0 02       		.uleb128 0x2
 545 00b1 18       		.uleb128 0x18
 546 00b2 00       		.byte	0
 547 00b3 00       		.byte	0
 548 00b4 0D       		.uleb128 0xd
 549 00b5 2E       		.uleb128 0x2e
 550 00b6 00       		.byte	0
 551 00b7 3F       		.uleb128 0x3f
 552 00b8 19       		.uleb128 0x19
ARM GAS  C:\Users\lenovo\AppData\Local\Temp\cceZjwff.s 			page 15


 553 00b9 03       		.uleb128 0x3
 554 00ba 0E       		.uleb128 0xe
 555 00bb 3A       		.uleb128 0x3a
 556 00bc 0B       		.uleb128 0xb
 557 00bd 3B       		.uleb128 0x3b
 558 00be 0B       		.uleb128 0xb
 559 00bf 27       		.uleb128 0x27
 560 00c0 19       		.uleb128 0x19
 561 00c1 3C       		.uleb128 0x3c
 562 00c2 19       		.uleb128 0x19
 563 00c3 00       		.byte	0
 564 00c4 00       		.byte	0
 565 00c5 00       		.byte	0
 566              		.section	.debug_aranges,"",%progbits
 567 0000 34000000 		.4byte	0x34
 568 0004 0200     		.2byte	0x2
 569 0006 00000000 		.4byte	.Ldebug_info0
 570 000a 04       		.byte	0x4
 571 000b 00       		.byte	0
 572 000c 0000     		.2byte	0
 573 000e 0000     		.2byte	0
 574 0010 00000000 		.4byte	.LFB0
 575 0014 18000000 		.4byte	.LFE0-.LFB0
 576 0018 00000000 		.4byte	.LFB1
 577 001c 2C000000 		.4byte	.LFE1-.LFB1
 578 0020 00000000 		.4byte	.LFB2
 579 0024 30000000 		.4byte	.LFE2-.LFB2
 580 0028 00000000 		.4byte	.LFB3
 581 002c 18000000 		.4byte	.LFE3-.LFB3
 582 0030 00000000 		.4byte	0
 583 0034 00000000 		.4byte	0
 584              		.section	.debug_ranges,"",%progbits
 585              	.Ldebug_ranges0:
 586 0000 00000000 		.4byte	.LFB0
 587 0004 18000000 		.4byte	.LFE0
 588 0008 00000000 		.4byte	.LFB1
 589 000c 2C000000 		.4byte	.LFE1
 590 0010 00000000 		.4byte	.LFB2
 591 0014 30000000 		.4byte	.LFE2
 592 0018 00000000 		.4byte	.LFB3
 593 001c 18000000 		.4byte	.LFE3
 594 0020 00000000 		.4byte	0
 595 0024 00000000 		.4byte	0
 596              		.section	.debug_line,"",%progbits
 597              	.Ldebug_line0:
 598 0000 B1000000 		.section	.debug_str,"MS",%progbits,1
 598      02005800 
 598      00000201 
 598      FB0E0D00 
 598      01010101 
 599              	.LASF6:
 600 0000 6C6F6E67 		.ascii	"long long int\000"
 600      206C6F6E 
 600      6720696E 
 600      7400
 601              	.LASF15:
 602 000e 656E6162 		.ascii	"enableState\000"
ARM GAS  C:\Users\lenovo\AppData\Local\Temp\cceZjwff.s 			page 16


 602      6C655374 
 602      61746500 
 603              	.LASF20:
 604 001a 43617053 		.ascii	"CapSense_Wakeup\000"
 604      656E7365 
 604      5F57616B 
 604      65757000 
 605              	.LASF17:
 606 002a 43617053 		.ascii	"CapSense_BACKUP_STRUCT\000"
 606      656E7365 
 606      5F424143 
 606      4B55505F 
 606      53545255 
 607              	.LASF22:
 608 0041 43617053 		.ascii	"CapSense_Stop\000"
 608      656E7365 
 608      5F53746F 
 608      7000
 609              	.LASF23:
 610 004f 43617053 		.ascii	"CapSense_Enable\000"
 610      656E7365 
 610      5F456E61 
 610      626C6500 
 611              	.LASF12:
 612 005f 75696E74 		.ascii	"uint8\000"
 612      3800
 613              	.LASF5:
 614 0065 6C6F6E67 		.ascii	"long unsigned int\000"
 614      20756E73 
 614      69676E65 
 614      6420696E 
 614      7400
 615              	.LASF7:
 616 0077 6C6F6E67 		.ascii	"long long unsigned int\000"
 616      206C6F6E 
 616      6720756E 
 616      7369676E 
 616      65642069 
 617              	.LASF27:
 618 008e 43617053 		.ascii	"CapSense_RestoreConfig\000"
 618      656E7365 
 618      5F526573 
 618      746F7265 
 618      436F6E66 
 619              	.LASF26:
 620 00a5 453A5C50 		.ascii	"E:\\Psoc\\Comprehensive_Experiment\\Fridge\\Fridge."
 620      736F635C 
 620      436F6D70 
 620      72656865 
 620      6E736976 
 621 00d4 63796473 		.ascii	"cydsn\000"
 621      6E00
 622              	.LASF16:
 623 00da 6374726C 		.ascii	"ctrlReg\000"
 623      52656700 
 624              	.LASF1:
 625 00e2 756E7369 		.ascii	"unsigned char\000"
ARM GAS  C:\Users\lenovo\AppData\Local\Temp\cceZjwff.s 			page 17


 625      676E6564 
 625      20636861 
 625      7200
 626              	.LASF11:
 627 00f0 63686172 		.ascii	"char\000"
 627      00
 628              	.LASF21:
 629 00f5 43617053 		.ascii	"CapSense_ClearSensors\000"
 629      656E7365 
 629      5F436C65 
 629      61725365 
 629      6E736F72 
 630              	.LASF18:
 631 010b 43617053 		.ascii	"CapSense_SaveConfig\000"
 631      656E7365 
 631      5F536176 
 631      65436F6E 
 631      66696700 
 632              	.LASF10:
 633 011f 646F7562 		.ascii	"double\000"
 633      6C6500
 634              	.LASF4:
 635 0126 6C6F6E67 		.ascii	"long int\000"
 635      20696E74 
 635      00
 636              	.LASF28:
 637 012f 43617053 		.ascii	"CapSense_backup\000"
 637      656E7365 
 637      5F626163 
 637      6B757000 
 638              	.LASF3:
 639 013f 73686F72 		.ascii	"short unsigned int\000"
 639      7420756E 
 639      7369676E 
 639      65642069 
 639      6E7400
 640              	.LASF0:
 641 0152 7369676E 		.ascii	"signed char\000"
 641      65642063 
 641      68617200 
 642              	.LASF25:
 643 015e 2E5C4765 		.ascii	".\\Generated_Source\\PSoC5\\CapSense_PM.c\000"
 643      6E657261 
 643      7465645F 
 643      536F7572 
 643      63655C50 
 644              	.LASF24:
 645 0185 474E5520 		.ascii	"GNU C 4.9.3 20150303 (release) [ARM/embedded-4_9-br"
 645      4320342E 
 645      392E3320 
 645      32303135 
 645      30333033 
 646 01b8 616E6368 		.ascii	"anch revision 221220] -mcpu=cortex-m3 -mthumb -g -O"
 646      20726576 
 646      6973696F 
 646      6E203232 
 646      31323230 
ARM GAS  C:\Users\lenovo\AppData\Local\Temp\cceZjwff.s 			page 18


 647 01eb 67202D66 		.ascii	"g -ffunction-sections -ffat-lto-objects\000"
 647      66756E63 
 647      74696F6E 
 647      2D736563 
 647      74696F6E 
 648              	.LASF9:
 649 0213 666C6F61 		.ascii	"float\000"
 649      7400
 650              	.LASF2:
 651 0219 73686F72 		.ascii	"short int\000"
 651      7420696E 
 651      7400
 652              	.LASF13:
 653 0223 72656738 		.ascii	"reg8\000"
 653      00
 654              	.LASF8:
 655 0228 756E7369 		.ascii	"unsigned int\000"
 655      676E6564 
 655      20696E74 
 655      00
 656              	.LASF14:
 657 0235 73697A65 		.ascii	"sizetype\000"
 657      74797065 
 657      00
 658              	.LASF19:
 659 023e 43617053 		.ascii	"CapSense_Sleep\000"
 659      656E7365 
 659      5F536C65 
 659      657000
 660              		.ident	"GCC: (GNU Tools for ARM Embedded Processors) 4.9.3 20150303 (release) [ARM/embedded-4_9-br
